2025-12-18 10:47:44.458 | INFO     | app.initial_data | initial_data.py:15 | init_db | Database tables created successfully
2025-12-18 10:47:44.458 | INFO     | app.main | main.py:25 | lifespan | Application startup complete
2025-12-18 10:47:53.188 | INFO     | app.main | main.py:31 | lifespan | Application shutdown
2025-12-18 10:47:53.608 | INFO     | app.initial_data | initial_data.py:15 | init_db | Database tables created successfully
2025-12-18 10:47:53.608 | INFO     | app.main | main.py:25 | lifespan | Application startup complete
2025-12-18 10:47:56.418 | INFO     | app.main | main.py:31 | lifespan | Application shutdown
2025-12-18 10:48:03.623 | INFO     | test | <string>:7 | <module> | Test message
2025-12-18 10:48:03.623 | WARNING  | test | <string>:8 | <module> | Warning message
2025-12-18 10:48:03.623 | ERROR    | test | <string>:9 | <module> | Error message
2025-12-18 11:18:02.231 | INFO     | app.initial_data | initial_data.py:15 | init_db | Database tables created successfully
2025-12-18 11:18:02.231 | INFO     | app.main | main.py:25 | lifespan | Application startup complete
2025-12-19 01:07:39.566 | WARNING  | app.services.llm | llm.py:238 | sanitize_input | Potential prompt injection detected
2025-12-19 01:18:56.771 | INFO     | app.initial_data | initial_data.py:15 | init_db | Database tables created successfully
2025-12-19 01:18:56.771 | INFO     | app.main | main.py:25 | lifespan | Application startup complete
2025-12-19 01:21:48.276 | INFO     | app.initial_data | initial_data.py:15 | init_db | Database tables created successfully
2025-12-19 01:21:48.276 | INFO     | app.main | main.py:25 | lifespan | Application startup complete
2025-12-19 01:22:11.444 | INFO     | app.main | main.py:31 | lifespan | Application shutdown
2025-12-19 01:22:19.528 | INFO     | app.initial_data | initial_data.py:15 | init_db | Database tables created successfully
2025-12-19 01:22:19.528 | INFO     | app.main | main.py:25 | lifespan | Application startup complete
2025-12-19 01:22:35.778 | INFO     | app.main | main.py:31 | lifespan | Application shutdown
2025-12-19 01:22:45.216 | INFO     | app.initial_data | initial_data.py:15 | init_db | Database tables created successfully
2025-12-19 01:22:45.216 | INFO     | app.main | main.py:25 | lifespan | Application startup complete
2025-12-19 01:22:47.809 | INFO     | app.routers.llm | llm.py:179 | generate_insight | Insight request
2025-12-19 01:22:53.538 | INFO     | app.services.llm | llm.py:801 | _execute_generation | LLM generation successful
2025-12-19 01:22:53.539 | INFO     | app.routers.llm | llm.py:195 | generate_insight | Insight generated
2025-12-19 01:23:17.108 | INFO     | app.main | main.py:31 | lifespan | Application shutdown
2025-12-19 01:23:18.292 | INFO     | app.initial_data | initial_data.py:15 | init_db | Database tables created successfully
2025-12-19 01:23:18.292 | INFO     | app.main | main.py:25 | lifespan | Application startup complete
2025-12-19 01:23:21.062 | INFO     | app.routers.llm | llm.py:179 | generate_insight | Insight request
2025-12-19 01:23:24.053 | INFO     | app.services.llm | llm.py:801 | _execute_generation | LLM generation successful
2025-12-19 01:23:24.053 | INFO     | app.routers.llm | llm.py:195 | generate_insight | Insight generated
2025-12-19 01:23:36.123 | INFO     | app.routers.llm | llm.py:179 | generate_insight | Insight request
2025-12-19 01:23:39.379 | INFO     | app.services.llm | llm.py:801 | _execute_generation | LLM generation successful
2025-12-19 01:23:39.379 | INFO     | app.routers.llm | llm.py:195 | generate_insight | Insight generated
2025-12-19 01:24:11.716 | INFO     | app.routers.llm | llm.py:179 | generate_insight | Insight request
2025-12-19 01:24:17.753 | INFO     | app.services.llm | llm.py:801 | _execute_generation | LLM generation successful
2025-12-19 01:24:17.753 | INFO     | app.routers.llm | llm.py:195 | generate_insight | Insight generated
2025-12-19 01:24:17.844 | INFO     | app.routers.llm | llm.py:179 | generate_insight | Insight request
2025-12-19 01:24:23.255 | INFO     | app.routers.llm | llm.py:179 | generate_insight | Insight request
2025-12-19 01:24:27.092 | INFO     | app.services.llm | llm.py:801 | _execute_generation | LLM generation successful
2025-12-19 01:24:27.092 | INFO     | app.routers.llm | llm.py:195 | generate_insight | Insight generated
2025-12-19 01:24:33.307 | INFO     | app.services.llm | llm.py:801 | _execute_generation | LLM generation successful
2025-12-19 01:24:33.308 | INFO     | app.routers.llm | llm.py:195 | generate_insight | Insight generated
2025-12-19 01:24:39.638 | INFO     | app.routers.llm | llm.py:179 | generate_insight | Insight request
2025-12-19 01:24:39.638 | INFO     | app.services.llm | llm.py:726 | generate | Returning cached LLM response
2025-12-19 01:24:39.639 | INFO     | app.routers.llm | llm.py:195 | generate_insight | Insight generated
2025-12-19 01:29:56.180 | INFO     | app.routers.llm | llm.py:179 | generate_insight | Insight request
2025-12-19 01:29:56.182 | INFO     | app.routers.llm | llm.py:179 | generate_insight | Insight request
2025-12-19 01:29:56.182 | INFO     | app.routers.llm | llm.py:179 | generate_insight | Insight request
2025-12-19 01:30:05.424 | INFO     | app.services.llm | llm.py:801 | _execute_generation | LLM generation successful
2025-12-19 01:30:05.424 | INFO     | app.routers.llm | llm.py:195 | generate_insight | Insight generated
2025-12-19 01:30:11.479 | INFO     | app.services.llm | llm.py:801 | _execute_generation | LLM generation successful
2025-12-19 01:30:11.479 | INFO     | app.routers.llm | llm.py:195 | generate_insight | Insight generated
2025-12-19 01:30:17.890 | INFO     | app.services.llm | llm.py:801 | _execute_generation | LLM generation successful
2025-12-19 01:30:17.890 | INFO     | app.routers.llm | llm.py:195 | generate_insight | Insight generated
2025-12-19 01:30:35.287 | INFO     | app.routers.llm | llm.py:179 | generate_insight | Insight request
2025-12-19 01:30:35.294 | INFO     | app.routers.llm | llm.py:179 | generate_insight | Insight request
2025-12-19 01:30:35.299 | INFO     | app.routers.llm | llm.py:179 | generate_insight | Insight request
2025-12-19 01:30:40.797 | INFO     | app.services.llm | llm.py:801 | _execute_generation | LLM generation successful
2025-12-19 01:30:40.797 | INFO     | app.routers.llm | llm.py:195 | generate_insight | Insight generated
2025-12-19 01:30:48.280 | INFO     | app.services.llm | llm.py:801 | _execute_generation | LLM generation successful
2025-12-19 01:30:48.280 | INFO     | app.routers.llm | llm.py:195 | generate_insight | Insight generated
2025-12-19 01:30:53.693 | INFO     | app.services.llm | llm.py:801 | _execute_generation | LLM generation successful
2025-12-19 01:30:53.693 | INFO     | app.routers.llm | llm.py:195 | generate_insight | Insight generated
2025-12-19 01:37:41.285 | INFO     | app.routers.llm | llm.py:179 | generate_insight | Insight request
2025-12-19 01:37:41.286 | INFO     | app.routers.llm | llm.py:179 | generate_insight | Insight request
2025-12-19 01:37:41.287 | INFO     | app.routers.llm | llm.py:179 | generate_insight | Insight request
2025-12-19 01:37:51.386 | INFO     | app.services.llm | llm.py:801 | _execute_generation | LLM generation successful
2025-12-19 01:37:51.386 | INFO     | app.routers.llm | llm.py:195 | generate_insight | Insight generated
2025-12-19 01:37:57.649 | INFO     | app.services.llm | llm.py:801 | _execute_generation | LLM generation successful
2025-12-19 01:37:57.649 | INFO     | app.routers.llm | llm.py:195 | generate_insight | Insight generated
2025-12-19 01:38:03.883 | INFO     | app.services.llm | llm.py:801 | _execute_generation | LLM generation successful
2025-12-19 01:38:03.883 | INFO     | app.routers.llm | llm.py:195 | generate_insight | Insight generated
2025-12-19 01:38:50.572 | INFO     | app.routers.llm | llm.py:179 | generate_insight | Insight request
2025-12-19 01:38:50.573 | INFO     | app.routers.llm | llm.py:179 | generate_insight | Insight request
2025-12-19 01:38:50.574 | INFO     | app.routers.llm | llm.py:179 | generate_insight | Insight request
2025-12-19 01:39:00.938 | INFO     | app.services.llm | llm.py:801 | _execute_generation | LLM generation successful
2025-12-19 01:39:00.938 | INFO     | app.routers.llm | llm.py:195 | generate_insight | Insight generated
2025-12-19 01:39:06.465 | INFO     | app.services.llm | llm.py:801 | _execute_generation | LLM generation successful
2025-12-19 01:39:06.465 | INFO     | app.routers.llm | llm.py:195 | generate_insight | Insight generated
2025-12-19 01:39:12.094 | INFO     | app.services.llm | llm.py:801 | _execute_generation | LLM generation successful
2025-12-19 01:39:12.095 | INFO     | app.routers.llm | llm.py:195 | generate_insight | Insight generated
2025-12-19 01:40:55.037 | INFO     | app.initial_data | initial_data.py:15 | init_db | Database tables created successfully
2025-12-19 01:40:55.037 | INFO     | app.main | main.py:25 | lifespan | Application startup complete
2025-12-19 01:42:47.494 | INFO     | app.routers.llm | llm.py:179 | generate_insight | Insight request
2025-12-19 01:42:47.499 | INFO     | app.routers.llm | llm.py:179 | generate_insight | Insight request
2025-12-19 01:42:47.500 | INFO     | app.routers.llm | llm.py:179 | generate_insight | Insight request
2025-12-19 01:42:54.220 | INFO     | app.services.llm | llm.py:801 | _execute_generation | LLM generation successful
2025-12-19 01:42:54.220 | INFO     | app.routers.llm | llm.py:195 | generate_insight | Insight generated
2025-12-19 01:42:59.704 | INFO     | app.services.llm | llm.py:801 | _execute_generation | LLM generation successful
2025-12-19 01:42:59.704 | INFO     | app.routers.llm | llm.py:195 | generate_insight | Insight generated
2025-12-19 01:43:04.674 | INFO     | app.services.llm | llm.py:801 | _execute_generation | LLM generation successful
2025-12-19 01:43:04.674 | INFO     | app.routers.llm | llm.py:195 | generate_insight | Insight generated
2025-12-19 01:48:22.388 | INFO     | app.routers.llm | llm.py:179 | generate_insight | Insight request
2025-12-19 01:48:22.389 | INFO     | app.routers.llm | llm.py:179 | generate_insight | Insight request
2025-12-19 01:48:22.390 | INFO     | app.routers.llm | llm.py:179 | generate_insight | Insight request
2025-12-19 01:48:31.802 | INFO     | app.services.llm | llm.py:801 | _execute_generation | LLM generation successful
2025-12-19 01:48:31.802 | INFO     | app.routers.llm | llm.py:195 | generate_insight | Insight generated
2025-12-19 01:48:38.233 | INFO     | app.services.llm | llm.py:801 | _execute_generation | LLM generation successful
2025-12-19 01:48:38.233 | INFO     | app.routers.llm | llm.py:195 | generate_insight | Insight generated
2025-12-19 01:48:43.008 | INFO     | app.services.llm | llm.py:801 | _execute_generation | LLM generation successful
2025-12-19 01:48:43.008 | INFO     | app.routers.llm | llm.py:195 | generate_insight | Insight generated
2025-12-19 01:58:12.860 | INFO     | app.routers.llm | llm.py:179 | generate_insight | Insight request
2025-12-19 01:58:12.861 | INFO     | app.routers.llm | llm.py:179 | generate_insight | Insight request
2025-12-19 01:58:12.862 | INFO     | app.routers.llm | llm.py:179 | generate_insight | Insight request
2025-12-19 01:58:24.809 | INFO     | app.services.llm | llm.py:801 | _execute_generation | LLM generation successful
2025-12-19 01:58:24.809 | INFO     | app.routers.llm | llm.py:195 | generate_insight | Insight generated
2025-12-19 01:58:31.198 | INFO     | app.services.llm | llm.py:801 | _execute_generation | LLM generation successful
2025-12-19 01:58:31.198 | INFO     | app.routers.llm | llm.py:195 | generate_insight | Insight generated
2025-12-19 01:58:37.163 | INFO     | app.services.llm | llm.py:801 | _execute_generation | LLM generation successful
2025-12-19 01:58:37.163 | INFO     | app.routers.llm | llm.py:195 | generate_insight | Insight generated
2025-12-19 02:01:36.586 | INFO     | app.routers.llm | llm.py:179 | generate_insight | Insight request
2025-12-19 02:01:36.587 | INFO     | app.services.llm | llm.py:726 | generate | Returning cached LLM response
2025-12-19 02:01:36.587 | INFO     | app.routers.llm | llm.py:195 | generate_insight | Insight generated
2025-12-19 02:01:36.588 | INFO     | app.routers.llm | llm.py:179 | generate_insight | Insight request
2025-12-19 02:01:36.588 | INFO     | app.services.llm | llm.py:726 | generate | Returning cached LLM response
2025-12-19 02:01:36.588 | INFO     | app.routers.llm | llm.py:195 | generate_insight | Insight generated
2025-12-19 02:01:36.589 | INFO     | app.routers.llm | llm.py:179 | generate_insight | Insight request
2025-12-19 02:01:36.589 | INFO     | app.services.llm | llm.py:726 | generate | Returning cached LLM response
2025-12-19 02:01:36.589 | INFO     | app.routers.llm | llm.py:195 | generate_insight | Insight generated
2025-12-19 02:06:14.130 | INFO     | app.routers.llm | llm.py:179 | generate_insight | Insight request
2025-12-19 02:06:14.131 | INFO     | app.routers.llm | llm.py:179 | generate_insight | Insight request
2025-12-19 02:06:14.137 | INFO     | app.routers.llm | llm.py:179 | generate_insight | Insight request
2025-12-19 02:06:23.734 | INFO     | app.services.llm | llm.py:801 | _execute_generation | LLM generation successful
2025-12-19 02:06:23.734 | INFO     | app.routers.llm | llm.py:195 | generate_insight | Insight generated
2025-12-19 02:06:31.676 | INFO     | app.services.llm | llm.py:801 | _execute_generation | LLM generation successful
2025-12-19 02:06:31.676 | INFO     | app.routers.llm | llm.py:195 | generate_insight | Insight generated
2025-12-19 02:06:38.487 | INFO     | app.services.llm | llm.py:801 | _execute_generation | LLM generation successful
2025-12-19 02:06:38.487 | INFO     | app.routers.llm | llm.py:195 | generate_insight | Insight generated
2025-12-19 02:10:13.355 | INFO     | app.initial_data | initial_data.py:15 | init_db | Database tables created successfully
2025-12-19 02:10:13.355 | INFO     | app.main | main.py:25 | lifespan | Application startup complete
2025-12-19 02:10:33.053 | INFO     | app.routers.llm | llm.py:179 | generate_insight | Insight request
2025-12-19 02:10:41.184 | INFO     | app.services.llm | llm.py:801 | _execute_generation | LLM generation successful
2025-12-19 02:10:41.184 | INFO     | app.routers.llm | llm.py:195 | generate_insight | Insight generated
2025-12-19 02:11:28.236 | INFO     | app.routers.llm | llm.py:179 | generate_insight | Insight request
2025-12-19 02:11:28.237 | INFO     | app.services.llm | llm.py:726 | generate | Returning cached LLM response
2025-12-19 02:11:28.237 | INFO     | app.routers.llm | llm.py:195 | generate_insight | Insight generated
2025-12-19 02:12:33.253 | INFO     | app.main | main.py:31 | lifespan | Application shutdown
2025-12-19 02:17:15.356 | INFO     | app.initial_data | initial_data.py:15 | init_db | Database tables created successfully
2025-12-19 02:17:15.356 | INFO     | app.main | main.py:25 | lifespan | Application startup complete
2025-12-19 02:19:57.334 | INFO     | app.main | main.py:31 | lifespan | Application shutdown
2025-12-19 02:23:21.787 | INFO     | app.initial_data | initial_data.py:15 | init_db | Database tables created successfully
2025-12-19 02:23:21.787 | INFO     | app.main | main.py:25 | lifespan | Application startup complete
2025-12-19 02:23:32.238 | INFO     | app.routers.llm | llm.py:179 | generate_insight | Insight request
2025-12-19 02:23:32.244 | INFO     | app.routers.llm | llm.py:179 | generate_insight | Insight request
2025-12-19 02:23:32.245 | INFO     | app.routers.llm | llm.py:179 | generate_insight | Insight request
2025-12-19 02:23:41.041 | INFO     | app.services.llm | llm.py:801 | _execute_generation | LLM generation successful
2025-12-19 02:23:41.041 | INFO     | app.routers.llm | llm.py:195 | generate_insight | Insight generated
2025-12-19 02:23:48.265 | INFO     | app.services.llm | llm.py:801 | _execute_generation | LLM generation successful
2025-12-19 02:23:48.265 | INFO     | app.routers.llm | llm.py:195 | generate_insight | Insight generated
2025-12-19 02:23:50.460 | INFO     | app.routers.llm | llm.py:179 | generate_insight | Insight request
2025-12-19 02:23:50.460 | INFO     | app.services.llm | llm.py:726 | generate | Returning cached LLM response
2025-12-19 02:23:50.460 | INFO     | app.routers.llm | llm.py:195 | generate_insight | Insight generated
2025-12-19 02:23:50.461 | INFO     | app.routers.llm | llm.py:179 | generate_insight | Insight request
2025-12-19 02:23:50.461 | INFO     | app.services.llm | llm.py:726 | generate | Returning cached LLM response
2025-12-19 02:23:50.461 | INFO     | app.routers.llm | llm.py:195 | generate_insight | Insight generated
2025-12-19 02:23:50.461 | INFO     | app.routers.llm | llm.py:179 | generate_insight | Insight request
2025-12-19 02:23:54.210 | INFO     | app.services.llm | llm.py:801 | _execute_generation | LLM generation successful
2025-12-19 02:23:54.210 | INFO     | app.routers.llm | llm.py:195 | generate_insight | Insight generated
2025-12-19 02:23:59.100 | INFO     | app.services.llm | llm.py:801 | _execute_generation | LLM generation successful
2025-12-19 02:23:59.100 | INFO     | app.routers.llm | llm.py:195 | generate_insight | Insight generated
2025-12-19 02:24:17.070 | INFO     | app.routers.llm | llm.py:179 | generate_insight | Insight request
2025-12-19 02:24:17.072 | INFO     | app.routers.llm | llm.py:179 | generate_insight | Insight request
2025-12-19 02:24:17.072 | INFO     | app.routers.llm | llm.py:179 | generate_insight | Insight request
2025-12-19 02:24:23.810 | INFO     | app.services.llm | llm.py:801 | _execute_generation | LLM generation successful
2025-12-19 02:24:23.810 | INFO     | app.routers.llm | llm.py:195 | generate_insight | Insight generated
2025-12-19 02:24:30.293 | INFO     | app.services.llm | llm.py:801 | _execute_generation | LLM generation successful
2025-12-19 02:24:30.293 | INFO     | app.routers.llm | llm.py:195 | generate_insight | Insight generated
2025-12-19 02:24:37.463 | INFO     | app.services.llm | llm.py:801 | _execute_generation | LLM generation successful
2025-12-19 02:24:37.463 | INFO     | app.routers.llm | llm.py:195 | generate_insight | Insight generated
2025-12-19 02:25:35.468 | INFO     | app.routers.llm | llm.py:179 | generate_insight | Insight request
2025-12-19 02:25:35.468 | INFO     | app.services.llm | llm.py:726 | generate | Returning cached LLM response
2025-12-19 02:25:35.469 | INFO     | app.routers.llm | llm.py:195 | generate_insight | Insight generated
2025-12-19 02:25:35.469 | INFO     | app.routers.llm | llm.py:179 | generate_insight | Insight request
2025-12-19 02:25:35.469 | INFO     | app.services.llm | llm.py:726 | generate | Returning cached LLM response
2025-12-19 02:25:35.470 | INFO     | app.routers.llm | llm.py:195 | generate_insight | Insight generated
2025-12-19 02:25:35.470 | INFO     | app.routers.llm | llm.py:179 | generate_insight | Insight request
2025-12-19 02:25:35.470 | INFO     | app.services.llm | llm.py:726 | generate | Returning cached LLM response
2025-12-19 02:25:35.470 | INFO     | app.routers.llm | llm.py:195 | generate_insight | Insight generated
2025-12-19 02:27:34.981 | INFO     | app.main | main.py:31 | lifespan | Application shutdown
2025-12-19 02:27:58.579 | INFO     | app.initial_data | initial_data.py:15 | init_db | Database tables created successfully
2025-12-19 02:27:58.579 | INFO     | app.main | main.py:25 | lifespan | Application startup complete
2025-12-19 02:28:14.313 | INFO     | app.routers.llm | llm.py:179 | generate_insight | Insight request
2025-12-19 02:28:14.319 | INFO     | app.routers.llm | llm.py:179 | generate_insight | Insight request
2025-12-19 02:28:14.320 | INFO     | app.routers.llm | llm.py:179 | generate_insight | Insight request
2025-12-19 02:28:22.441 | INFO     | app.services.llm | llm.py:801 | _execute_generation | LLM generation successful
2025-12-19 02:28:22.441 | INFO     | app.routers.llm | llm.py:195 | generate_insight | Insight generated
2025-12-19 02:28:28.975 | INFO     | app.services.llm | llm.py:801 | _execute_generation | LLM generation successful
2025-12-19 02:28:28.976 | INFO     | app.routers.llm | llm.py:195 | generate_insight | Insight generated
2025-12-19 02:28:34.283 | INFO     | app.services.llm | llm.py:801 | _execute_generation | LLM generation successful
2025-12-19 02:28:34.283 | INFO     | app.routers.llm | llm.py:195 | generate_insight | Insight generated
2025-12-19 02:29:11.847 | INFO     | app.routers.llm | llm.py:179 | generate_insight | Insight request
2025-12-19 02:29:19.770 | INFO     | app.services.llm | llm.py:801 | _execute_generation | LLM generation successful
2025-12-19 02:29:19.770 | INFO     | app.routers.llm | llm.py:195 | generate_insight | Insight generated
2025-12-19 02:32:34.371 | INFO     | app.main | main.py:31 | lifespan | Application shutdown
2025-12-19 02:34:59.876 | INFO     | app.main | main.py:31 | lifespan | Application shutdown
2025-12-19 10:53:40.561 | INFO     | app.initial_data | initial_data.py:15 | init_db | Database tables created successfully
2025-12-19 10:53:40.561 | INFO     | app.main | main.py:25 | lifespan | Application startup complete
2025-12-19 10:53:54.135 | INFO     | app.routers.llm | llm.py:179 | generate_insight | Insight request
2025-12-19 10:53:54.143 | INFO     | app.routers.llm | llm.py:179 | generate_insight | Insight request
2025-12-19 10:53:54.144 | INFO     | app.routers.llm | llm.py:179 | generate_insight | Insight request
2025-12-19 10:53:54.146 | ERROR    | app.services.llm | llm.py:826 | _execute_generation | LLM HTTP error: 404
2025-12-19 10:53:54.146 | WARNING  | app.routers.llm | llm.py:210 | generate_insight | Insight generation failed: Service error: 404
2025-12-19 10:53:54.147 | ERROR    | app.services.llm | llm.py:826 | _execute_generation | LLM HTTP error: 404
2025-12-19 10:53:54.147 | WARNING  | app.routers.llm | llm.py:210 | generate_insight | Insight generation failed: Service error: 404
2025-12-19 10:53:54.148 | ERROR    | app.services.llm | llm.py:826 | _execute_generation | LLM HTTP error: 404
2025-12-19 10:53:54.149 | WARNING  | app.routers.llm | llm.py:210 | generate_insight | Insight generation failed: Service error: 404
2025-12-19 10:56:26.963 | INFO     | app.routers.llm | llm.py:179 | generate_insight | Insight request
2025-12-19 10:56:26.963 | INFO     | app.routers.llm | llm.py:179 | generate_insight | Insight request
2025-12-19 10:56:26.964 | INFO     | app.routers.llm | llm.py:179 | generate_insight | Insight request
2025-12-19 10:56:35.791 | INFO     | app.services.llm | llm.py:801 | _execute_generation | LLM generation successful
2025-12-19 10:56:35.791 | INFO     | app.routers.llm | llm.py:195 | generate_insight | Insight generated
2025-12-19 10:56:41.916 | INFO     | app.services.llm | llm.py:801 | _execute_generation | LLM generation successful
2025-12-19 10:56:41.916 | INFO     | app.routers.llm | llm.py:195 | generate_insight | Insight generated
2025-12-19 10:56:47.605 | INFO     | app.services.llm | llm.py:801 | _execute_generation | LLM generation successful
2025-12-19 10:56:47.606 | INFO     | app.routers.llm | llm.py:195 | generate_insight | Insight generated
2025-12-19 10:57:02.441 | INFO     | app.routers.llm | llm.py:179 | generate_insight | Insight request
2025-12-19 10:57:02.443 | INFO     | app.routers.llm | llm.py:179 | generate_insight | Insight request
2025-12-19 10:57:02.444 | INFO     | app.routers.llm | llm.py:179 | generate_insight | Insight request
2025-12-19 10:57:07.757 | INFO     | app.services.llm | llm.py:801 | _execute_generation | LLM generation successful
2025-12-19 10:57:07.757 | INFO     | app.routers.llm | llm.py:195 | generate_insight | Insight generated
2025-12-19 10:57:13.633 | INFO     | app.services.llm | llm.py:801 | _execute_generation | LLM generation successful
2025-12-19 10:57:13.634 | INFO     | app.routers.llm | llm.py:195 | generate_insight | Insight generated
2025-12-19 10:57:19.115 | INFO     | app.services.llm | llm.py:801 | _execute_generation | LLM generation successful
2025-12-19 10:57:19.115 | INFO     | app.routers.llm | llm.py:195 | generate_insight | Insight generated
2025-12-19 10:58:25.468 | INFO     | app.routers.llm | llm.py:179 | generate_insight | Insight request
2025-12-19 10:58:34.539 | INFO     | app.services.llm | llm.py:801 | _execute_generation | LLM generation successful
2025-12-19 10:58:34.539 | INFO     | app.routers.llm | llm.py:195 | generate_insight | Insight generated
2025-12-19 10:59:15.373 | INFO     | app.routers.llm | llm.py:179 | generate_insight | Insight request
2025-12-19 10:59:22.386 | INFO     | app.services.llm | llm.py:801 | _execute_generation | LLM generation successful
2025-12-19 10:59:22.386 | INFO     | app.routers.llm | llm.py:195 | generate_insight | Insight generated
2025-12-19 10:59:36.070 | INFO     | app.routers.llm | llm.py:179 | generate_insight | Insight request
2025-12-19 10:59:42.963 | INFO     | app.services.llm | llm.py:801 | _execute_generation | LLM generation successful
2025-12-19 10:59:42.963 | INFO     | app.routers.llm | llm.py:195 | generate_insight | Insight generated
2025-12-19 10:59:47.744 | INFO     | app.routers.llm | llm.py:179 | generate_insight | Insight request
2025-12-19 10:59:47.744 | INFO     | app.services.llm | llm.py:726 | generate | Returning cached LLM response
2025-12-19 10:59:47.744 | INFO     | app.routers.llm | llm.py:195 | generate_insight | Insight generated
2025-12-19 11:10:10.527 | INFO     | app.routers.llm | llm.py:179 | generate_insight | Insight request
2025-12-19 11:10:10.528 | INFO     | app.routers.llm | llm.py:179 | generate_insight | Insight request
2025-12-19 11:10:10.529 | INFO     | app.routers.llm | llm.py:179 | generate_insight | Insight request
2025-12-19 11:10:20.239 | INFO     | app.services.llm | llm.py:801 | _execute_generation | LLM generation successful
2025-12-19 11:10:20.239 | INFO     | app.routers.llm | llm.py:195 | generate_insight | Insight generated
2025-12-19 11:10:25.639 | INFO     | app.services.llm | llm.py:801 | _execute_generation | LLM generation successful
2025-12-19 11:10:25.639 | INFO     | app.routers.llm | llm.py:195 | generate_insight | Insight generated
2025-12-19 11:10:31.678 | INFO     | app.services.llm | llm.py:801 | _execute_generation | LLM generation successful
2025-12-19 11:10:31.678 | INFO     | app.routers.llm | llm.py:195 | generate_insight | Insight generated
2025-12-19 11:12:35.220 | INFO     | app.routers.llm | llm.py:179 | generate_insight | Insight request
2025-12-19 11:12:46.369 | INFO     | app.services.llm | llm.py:801 | _execute_generation | LLM generation successful
2025-12-19 11:12:46.369 | INFO     | app.routers.llm | llm.py:195 | generate_insight | Insight generated
2025-12-19 11:18:09.714 | INFO     | app.main | main.py:31 | lifespan | Application shutdown
2025-12-19 19:46:06.923 | INFO     | app.initial_data | initial_data.py:15 | init_db | Database tables created successfully
2025-12-19 19:46:06.923 | INFO     | app.main | main.py:29 | lifespan | Application startup complete
2025-12-19 19:47:06.898 | WARNING  | passlib.handlers.bcrypt | bcrypt.py:622 | _load_backend_mixin | (trapped) error reading bcrypt version
Traceback (most recent call last):
  File "/home/bharat/Documents/skepesis/venv/lib/python3.13/site-packages/passlib/handlers/bcrypt.py", line 620, in _load_backend_mixin
    version = _bcrypt.__about__.__version__
              ^^^^^^^^^^^^^^^^^
AttributeError: module 'bcrypt' has no attribute '__about__'
2025-12-19 19:47:06.905 | ERROR    | app.main | main.py:89 | general_exception_handler | Unhandled exception on /register: password cannot be longer than 72 bytes, truncate manually if necessary (e.g. my_password[:72])
Traceback (most recent call last):
  File "/home/bharat/Documents/skepesis/venv/lib/python3.13/site-packages/starlette/middleware/errors.py", line 164, in __call__
    await self.app(scope, receive, _send)
  File "/home/bharat/Documents/skepesis/venv/lib/python3.13/site-packages/starlette/middleware/base.py", line 191, in __call__
    with recv_stream, send_stream, collapse_excgroups():
                                   ~~~~~~~~~~~~~~~~~~^^
  File "/usr/lib/python3.13/contextlib.py", line 162, in __exit__
    self.gen.throw(value)
    ~~~~~~~~~~~~~~^^^^^^^
  File "/home/bharat/Documents/skepesis/venv/lib/python3.13/site-packages/starlette/_utils.py", line 85, in collapse_excgroups
    raise exc
  File "/home/bharat/Documents/skepesis/venv/lib/python3.13/site-packages/starlette/middleware/base.py", line 193, in __call__
    response = await self.dispatch_func(request, call_next)
               ^^^^^^^^^^^^^^^^^^^^^^^^^^^^^^^^^^^^^^^^^^^^
  File "/home/bharat/Documents/skepesis/app/main.py", line 60, in auth_middleware
    response = await call_next(request)
               ^^^^^^^^^^^^^^^^^^^^^^^^
  File "/home/bharat/Documents/skepesis/venv/lib/python3.13/site-packages/starlette/middleware/base.py", line 168, in call_next
    raise app_exc from app_exc.__cause__ or app_exc.__context__
  File "/home/bharat/Documents/skepesis/venv/lib/python3.13/site-packages/starlette/middleware/base.py", line 144, in coro
    await self.app(scope, receive_or_disconnect, send_no_error)
  File "/home/bharat/Documents/skepesis/venv/lib/python3.13/site-packages/starlette/middleware/exceptions.py", line 63, in __call__
    await wrap_app_handling_exceptions(self.app, conn)(scope, receive, send)
  File "/home/bharat/Documents/skepesis/venv/lib/python3.13/site-packages/starlette/_exception_handler.py", line 53, in wrapped_app
    raise exc
  File "/home/bharat/Documents/skepesis/venv/lib/python3.13/site-packages/starlette/_exception_handler.py", line 42, in wrapped_app
    await app(scope, receive, sender)
  File "/home/bharat/Documents/skepesis/venv/lib/python3.13/site-packages/fastapi/middleware/asyncexitstack.py", line 18, in __call__
    await self.app(scope, receive, send)
  File "/home/bharat/Documents/skepesis/venv/lib/python3.13/site-packages/starlette/routing.py", line 716, in __call__
    await self.middleware_stack(scope, receive, send)
  File "/home/bharat/Documents/skepesis/venv/lib/python3.13/site-packages/starlette/routing.py", line 736, in app
    await route.handle(scope, receive, send)
  File "/home/bharat/Documents/skepesis/venv/lib/python3.13/site-packages/starlette/routing.py", line 290, in handle
    await self.app(scope, receive, send)
  File "/home/bharat/Documents/skepesis/venv/lib/python3.13/site-packages/fastapi/routing.py", line 120, in app
    await wrap_app_handling_exceptions(app, request)(scope, receive, send)
  File "/home/bharat/Documents/skepesis/venv/lib/python3.13/site-packages/starlette/_exception_handler.py", line 53, in wrapped_app
    raise exc
  File "/home/bharat/Documents/skepesis/venv/lib/python3.13/site-packages/starlette/_exception_handler.py", line 42, in wrapped_app
    await app(scope, receive, sender)
  File "/home/bharat/Documents/skepesis/venv/lib/python3.13/site-packages/fastapi/routing.py", line 106, in app
    response = await f(request)
               ^^^^^^^^^^^^^^^^
  File "/home/bharat/Documents/skepesis/venv/lib/python3.13/site-packages/fastapi/routing.py", line 430, in app
    raw_response = await run_endpoint_function(
                   ^^^^^^^^^^^^^^^^^^^^^^^^^^^^
    ...<3 lines>...
    )
    ^
  File "/home/bharat/Documents/skepesis/venv/lib/python3.13/site-packages/fastapi/routing.py", line 316, in run_endpoint_function
    return await dependant.call(**values)
           ^^^^^^^^^^^^^^^^^^^^^^^^^^^^^^
  File "/home/bharat/Documents/skepesis/app/routers/auth.py", line 54, in register
    hashed_password=get_password_hash(password)
  File "/home/bharat/Documents/skepesis/app/services/auth.py", line 13, in get_password_hash
    return pwd_context.hash(password)
           ~~~~~~~~~~~~~~~~^^^^^^^^^^
  File "/home/bharat/Documents/skepesis/venv/lib/python3.13/site-packages/passlib/context.py", line 2258, in hash
    return record.hash(secret, **kwds)
           ~~~~~~~~~~~^^^^^^^^^^^^^^^^
  File "/home/bharat/Documents/skepesis/venv/lib/python3.13/site-packages/passlib/utils/handlers.py", line 779, in hash
    self.checksum = self._calc_checksum(secret)
                    ~~~~~~~~~~~~~~~~~~~^^^^^^^^
  File "/home/bharat/Documents/skepesis/venv/lib/python3.13/site-packages/passlib/handlers/bcrypt.py", line 591, in _calc_checksum
    self._stub_requires_backend()
    ~~~~~~~~~~~~~~~~~~~~~~~~~~~^^
  File "/home/bharat/Documents/skepesis/venv/lib/python3.13/site-packages/passlib/utils/handlers.py", line 2254, in _stub_requires_backend
    cls.set_backend()
    ~~~~~~~~~~~~~~~^^
  File "/home/bharat/Documents/skepesis/venv/lib/python3.13/site-packages/passlib/utils/handlers.py", line 2156, in set_backend
    return owner.set_backend(name, dryrun=dryrun)
           ~~~~~~~~~~~~~~~~~^^^^^^^^^^^^^^^^^^^^^
  File "/home/bharat/Documents/skepesis/venv/lib/python3.13/site-packages/passlib/utils/handlers.py", line 2163, in set_backend
    return cls.set_backend(name, dryrun=dryrun)
           ~~~~~~~~~~~~~~~^^^^^^^^^^^^^^^^^^^^^
  File "/home/bharat/Documents/skepesis/venv/lib/python3.13/site-packages/passlib/utils/handlers.py", line 2188, in set_backend
    cls._set_backend(name, dryrun)
    ~~~~~~~~~~~~~~~~^^^^^^^^^^^^^^
  File "/home/bharat/Documents/skepesis/venv/lib/python3.13/site-packages/passlib/utils/handlers.py", line 2311, in _set_backend
    super(SubclassBackendMixin, cls)._set_backend(name, dryrun)
    ~~~~~~~~~~~~~~~~~~~~~~~~~~~~~~~~~~~~~~~~~~~~~^^^^^^^^^^^^^^
  File "/home/bharat/Documents/skepesis/venv/lib/python3.13/site-packages/passlib/utils/handlers.py", line 2224, in _set_backend
    ok = loader(**kwds)
  File "/home/bharat/Documents/skepesis/venv/lib/python3.13/site-packages/passlib/handlers/bcrypt.py", line 626, in _load_backend_mixin
    return mixin_cls._finalize_backend_mixin(name, dryrun)
           ~~~~~~~~~~~~~~~~~~~~~~~~~~~~~~~~~^^^^^^^^^^^^^^
  File "/home/bharat/Documents/skepesis/venv/lib/python3.13/site-packages/passlib/handlers/bcrypt.py", line 421, in _finalize_backend_mixin
    if detect_wrap_bug(IDENT_2A):
       ~~~~~~~~~~~~~~~^^^^^^^^^^
  File "/home/bharat/Documents/skepesis/venv/lib/python3.13/site-packages/passlib/handlers/bcrypt.py", line 380, in detect_wrap_bug
    if verify(secret, bug_hash):
       ~~~~~~^^^^^^^^^^^^^^^^^^
  File "/home/bharat/Documents/skepesis/venv/lib/python3.13/site-packages/passlib/utils/handlers.py", line 792, in verify
    return consteq(self._calc_checksum(secret), chk)
                   ~~~~~~~~~~~~~~~~~~~^^^^^^^^
  File "/home/bharat/Documents/skepesis/venv/lib/python3.13/site-packages/passlib/handlers/bcrypt.py", line 655, in _calc_checksum
    hash = _bcrypt.hashpw(secret, config)
ValueError: password cannot be longer than 72 bytes, truncate manually if necessary (e.g. my_password[:72])
2025-12-19 21:12:20.261 | INFO     | app.main | main.py:35 | lifespan | Application shutdown
2025-12-19 21:12:42.409 | INFO     | app.initial_data | initial_data.py:15 | init_db | Database tables created successfully
2025-12-19 21:12:42.409 | INFO     | app.main | main.py:29 | lifespan | Application startup complete
2025-12-19 21:17:43.665 | INFO     | app.main | main.py:35 | lifespan | Application shutdown
2025-12-19 21:17:44.103 | INFO     | app.initial_data | initial_data.py:15 | init_db | Database tables created successfully
2025-12-19 21:17:44.103 | INFO     | app.main | main.py:40 | lifespan | Application startup complete
2025-12-19 21:18:41.792 | ERROR    | app.main | main.py:101 | general_exception_handler | Unhandled exception on /login: 'functools._lru_cache_wrapper' object has no attribute 'ACCESS_TOKEN_EXPIRE_MINUTES'
Traceback (most recent call last):
  File "/home/bharat/Documents/skepesis/venv/lib/python3.13/site-packages/starlette/middleware/errors.py", line 164, in __call__
    await self.app(scope, receive, _send)
  File "/home/bharat/Documents/skepesis/venv/lib/python3.13/site-packages/starlette/middleware/base.py", line 191, in __call__
    with recv_stream, send_stream, collapse_excgroups():
                                   ~~~~~~~~~~~~~~~~~~^^
  File "/usr/lib/python3.13/contextlib.py", line 162, in __exit__
    self.gen.throw(value)
    ~~~~~~~~~~~~~~^^^^^^^
  File "/home/bharat/Documents/skepesis/venv/lib/python3.13/site-packages/starlette/_utils.py", line 85, in collapse_excgroups
    raise exc
  File "/home/bharat/Documents/skepesis/venv/lib/python3.13/site-packages/starlette/middleware/base.py", line 193, in __call__
    response = await self.dispatch_func(request, call_next)
               ^^^^^^^^^^^^^^^^^^^^^^^^^^^^^^^^^^^^^^^^^^^^
  File "/home/bharat/Documents/skepesis/app/main.py", line 86, in auth_middleware
    response = await call_next(request)
               ^^^^^^^^^^^^^^^^^^^^^^^^
  File "/home/bharat/Documents/skepesis/venv/lib/python3.13/site-packages/starlette/middleware/base.py", line 168, in call_next
    raise app_exc from app_exc.__cause__ or app_exc.__context__
  File "/home/bharat/Documents/skepesis/venv/lib/python3.13/site-packages/starlette/middleware/base.py", line 144, in coro
    await self.app(scope, receive_or_disconnect, send_no_error)
  File "/home/bharat/Documents/skepesis/venv/lib/python3.13/site-packages/starlette/middleware/exceptions.py", line 63, in __call__
    await wrap_app_handling_exceptions(self.app, conn)(scope, receive, send)
  File "/home/bharat/Documents/skepesis/venv/lib/python3.13/site-packages/starlette/_exception_handler.py", line 53, in wrapped_app
    raise exc
  File "/home/bharat/Documents/skepesis/venv/lib/python3.13/site-packages/starlette/_exception_handler.py", line 42, in wrapped_app
    await app(scope, receive, sender)
  File "/home/bharat/Documents/skepesis/venv/lib/python3.13/site-packages/fastapi/middleware/asyncexitstack.py", line 18, in __call__
    await self.app(scope, receive, send)
  File "/home/bharat/Documents/skepesis/venv/lib/python3.13/site-packages/starlette/routing.py", line 716, in __call__
    await self.middleware_stack(scope, receive, send)
  File "/home/bharat/Documents/skepesis/venv/lib/python3.13/site-packages/starlette/routing.py", line 736, in app
    await route.handle(scope, receive, send)
  File "/home/bharat/Documents/skepesis/venv/lib/python3.13/site-packages/starlette/routing.py", line 290, in handle
    await self.app(scope, receive, send)
  File "/home/bharat/Documents/skepesis/venv/lib/python3.13/site-packages/fastapi/routing.py", line 120, in app
    await wrap_app_handling_exceptions(app, request)(scope, receive, send)
  File "/home/bharat/Documents/skepesis/venv/lib/python3.13/site-packages/starlette/_exception_handler.py", line 53, in wrapped_app
    raise exc
  File "/home/bharat/Documents/skepesis/venv/lib/python3.13/site-packages/starlette/_exception_handler.py", line 42, in wrapped_app
    await app(scope, receive, sender)
  File "/home/bharat/Documents/skepesis/venv/lib/python3.13/site-packages/fastapi/routing.py", line 106, in app
    response = await f(request)
               ^^^^^^^^^^^^^^^^
  File "/home/bharat/Documents/skepesis/venv/lib/python3.13/site-packages/fastapi/routing.py", line 430, in app
    raw_response = await run_endpoint_function(
                   ^^^^^^^^^^^^^^^^^^^^^^^^^^^^
    ...<3 lines>...
    )
    ^
  File "/home/bharat/Documents/skepesis/venv/lib/python3.13/site-packages/fastapi/routing.py", line 316, in run_endpoint_function
    return await dependant.call(**values)
           ^^^^^^^^^^^^^^^^^^^^^^^^^^^^^^
  File "/home/bharat/Documents/skepesis/app/routers/auth.py", line 28, in login
    access_token_expires = timedelta(minutes=get_settings.ACCESS_TOKEN_EXPIRE_MINUTES)
                                             ^^^^^^^^^^^^^^^^^^^^^^^^^^^^^^^^^^^^^^^^
AttributeError: 'functools._lru_cache_wrapper' object has no attribute 'ACCESS_TOKEN_EXPIRE_MINUTES'
2025-12-19 21:20:58.448 | INFO     | app.main | main.py:46 | lifespan | Application shutdown
2025-12-19 21:35:30.387 | INFO     | app.initial_data | initial_data.py:15 | init_db | Database tables created successfully
2025-12-19 21:35:30.388 | INFO     | app.main | main.py:40 | lifespan | Application startup complete
2025-12-19 21:36:49.983 | INFO     | app.routers.llm | llm.py:179 | generate_insight | Insight request
2025-12-19 21:36:49.989 | INFO     | app.routers.llm | llm.py:179 | generate_insight | Insight request
2025-12-19 21:36:49.990 | INFO     | app.routers.llm | llm.py:179 | generate_insight | Insight request
2025-12-19 21:37:00.079 | INFO     | app.routers.llm | llm.py:179 | generate_insight | Insight request
2025-12-19 21:37:00.080 | INFO     | app.routers.llm | llm.py:179 | generate_insight | Insight request
2025-12-19 21:37:00.080 | INFO     | app.routers.llm | llm.py:179 | generate_insight | Insight request
2025-12-19 21:37:02.162 | INFO     | app.services.llm | llm.py:801 | _execute_generation | LLM generation successful
2025-12-19 21:37:02.162 | INFO     | app.routers.llm | llm.py:195 | generate_insight | Insight generated
2025-12-19 21:37:11.043 | INFO     | app.services.llm | llm.py:801 | _execute_generation | LLM generation successful
2025-12-19 21:37:11.043 | INFO     | app.routers.llm | llm.py:195 | generate_insight | Insight generated
2025-12-19 21:37:17.204 | INFO     | app.services.llm | llm.py:801 | _execute_generation | LLM generation successful
2025-12-19 21:37:17.204 | INFO     | app.routers.llm | llm.py:195 | generate_insight | Insight generated
2025-12-19 21:37:22.973 | INFO     | app.services.llm | llm.py:801 | _execute_generation | LLM generation successful
2025-12-19 21:37:22.973 | INFO     | app.routers.llm | llm.py:195 | generate_insight | Insight generated
2025-12-19 21:37:30.229 | INFO     | app.services.llm | llm.py:801 | _execute_generation | LLM generation successful
2025-12-19 21:37:30.229 | INFO     | app.routers.llm | llm.py:195 | generate_insight | Insight generated
2025-12-19 21:37:36.554 | INFO     | app.services.llm | llm.py:801 | _execute_generation | LLM generation successful
2025-12-19 21:37:36.554 | INFO     | app.routers.llm | llm.py:195 | generate_insight | Insight generated
2025-12-19 21:43:26.432 | INFO     | app.main | main.py:46 | lifespan | Application shutdown
2025-12-19 22:10:06.781 | INFO     | app.initial_data | initial_data.py:15 | init_db | Database tables created successfully
2025-12-19 22:10:06.781 | INFO     | app.main | main.py:40 | lifespan | Application startup complete
2025-12-19 22:13:35.090 | INFO     | app.main | main.py:46 | lifespan | Application shutdown
2025-12-19 22:14:31.118 | INFO     | app.initial_data | initial_data.py:15 | init_db | Database tables created successfully
2025-12-19 22:14:31.118 | INFO     | app.main | main.py:40 | lifespan | Application startup complete
2025-12-19 22:18:06.859 | INFO     | app.main | main.py:46 | lifespan | Application shutdown
2025-12-19 22:18:07.303 | INFO     | app.initial_data | initial_data.py:15 | init_db | Database tables created successfully
2025-12-19 22:18:07.303 | INFO     | app.main | main.py:40 | lifespan | Application startup complete
2025-12-19 22:18:29.271 | INFO     | app.main | main.py:46 | lifespan | Application shutdown
2025-12-19 22:18:29.685 | INFO     | app.initial_data | initial_data.py:15 | init_db | Database tables created successfully
2025-12-19 22:18:29.685 | INFO     | app.main | main.py:40 | lifespan | Application startup complete
2025-12-19 22:18:33.886 | ERROR    | app.main | main.py:101 | general_exception_handler | Unhandled exception on /curiosity: name 'RedirectResponse' is not defined
Traceback (most recent call last):
  File "/home/bharat/Documents/skepesis/venv/lib/python3.13/site-packages/starlette/middleware/errors.py", line 164, in __call__
    await self.app(scope, receive, _send)
  File "/home/bharat/Documents/skepesis/venv/lib/python3.13/site-packages/starlette/middleware/base.py", line 191, in __call__
    with recv_stream, send_stream, collapse_excgroups():
                                   ~~~~~~~~~~~~~~~~~~^^
  File "/usr/lib/python3.13/contextlib.py", line 162, in __exit__
    self.gen.throw(value)
    ~~~~~~~~~~~~~~^^^^^^^
  File "/home/bharat/Documents/skepesis/venv/lib/python3.13/site-packages/starlette/_utils.py", line 85, in collapse_excgroups
    raise exc
  File "/home/bharat/Documents/skepesis/venv/lib/python3.13/site-packages/starlette/middleware/base.py", line 193, in __call__
    response = await self.dispatch_func(request, call_next)
               ^^^^^^^^^^^^^^^^^^^^^^^^^^^^^^^^^^^^^^^^^^^^
  File "/home/bharat/Documents/skepesis/app/main.py", line 86, in auth_middleware
    response = await call_next(request)
               ^^^^^^^^^^^^^^^^^^^^^^^^
  File "/home/bharat/Documents/skepesis/venv/lib/python3.13/site-packages/starlette/middleware/base.py", line 168, in call_next
    raise app_exc from app_exc.__cause__ or app_exc.__context__
  File "/home/bharat/Documents/skepesis/venv/lib/python3.13/site-packages/starlette/middleware/base.py", line 144, in coro
    await self.app(scope, receive_or_disconnect, send_no_error)
  File "/home/bharat/Documents/skepesis/venv/lib/python3.13/site-packages/starlette/middleware/exceptions.py", line 63, in __call__
    await wrap_app_handling_exceptions(self.app, conn)(scope, receive, send)
  File "/home/bharat/Documents/skepesis/venv/lib/python3.13/site-packages/starlette/_exception_handler.py", line 53, in wrapped_app
    raise exc
  File "/home/bharat/Documents/skepesis/venv/lib/python3.13/site-packages/starlette/_exception_handler.py", line 42, in wrapped_app
    await app(scope, receive, sender)
  File "/home/bharat/Documents/skepesis/venv/lib/python3.13/site-packages/fastapi/middleware/asyncexitstack.py", line 18, in __call__
    await self.app(scope, receive, send)
  File "/home/bharat/Documents/skepesis/venv/lib/python3.13/site-packages/starlette/routing.py", line 716, in __call__
    await self.middleware_stack(scope, receive, send)
  File "/home/bharat/Documents/skepesis/venv/lib/python3.13/site-packages/starlette/routing.py", line 736, in app
    await route.handle(scope, receive, send)
  File "/home/bharat/Documents/skepesis/venv/lib/python3.13/site-packages/starlette/routing.py", line 290, in handle
    await self.app(scope, receive, send)
  File "/home/bharat/Documents/skepesis/venv/lib/python3.13/site-packages/fastapi/routing.py", line 120, in app
    await wrap_app_handling_exceptions(app, request)(scope, receive, send)
  File "/home/bharat/Documents/skepesis/venv/lib/python3.13/site-packages/starlette/_exception_handler.py", line 53, in wrapped_app
    raise exc
  File "/home/bharat/Documents/skepesis/venv/lib/python3.13/site-packages/starlette/_exception_handler.py", line 42, in wrapped_app
    await app(scope, receive, sender)
  File "/home/bharat/Documents/skepesis/venv/lib/python3.13/site-packages/fastapi/routing.py", line 106, in app
    response = await f(request)
               ^^^^^^^^^^^^^^^^
  File "/home/bharat/Documents/skepesis/venv/lib/python3.13/site-packages/fastapi/routing.py", line 430, in app
    raw_response = await run_endpoint_function(
                   ^^^^^^^^^^^^^^^^^^^^^^^^^^^^
    ...<3 lines>...
    )
    ^
  File "/home/bharat/Documents/skepesis/venv/lib/python3.13/site-packages/fastapi/routing.py", line 316, in run_endpoint_function
    return await dependant.call(**values)
           ^^^^^^^^^^^^^^^^^^^^^^^^^^^^^^
  File "/home/bharat/Documents/skepesis/app/main.py", line 150, in curiosity_solver
    return RedirectResponse(url="/login")
           ^^^^^^^^^^^^^^^^
NameError: name 'RedirectResponse' is not defined
2025-12-19 22:18:37.341 | ERROR    | app.main | main.py:101 | general_exception_handler | Unhandled exception on /curiosity: name 'RedirectResponse' is not defined
Traceback (most recent call last):
  File "/home/bharat/Documents/skepesis/venv/lib/python3.13/site-packages/starlette/middleware/errors.py", line 164, in __call__
    await self.app(scope, receive, _send)
  File "/home/bharat/Documents/skepesis/venv/lib/python3.13/site-packages/starlette/middleware/base.py", line 191, in __call__
    with recv_stream, send_stream, collapse_excgroups():
                                   ~~~~~~~~~~~~~~~~~~^^
  File "/usr/lib/python3.13/contextlib.py", line 162, in __exit__
    self.gen.throw(value)
    ~~~~~~~~~~~~~~^^^^^^^
  File "/home/bharat/Documents/skepesis/venv/lib/python3.13/site-packages/starlette/_utils.py", line 85, in collapse_excgroups
    raise exc
  File "/home/bharat/Documents/skepesis/venv/lib/python3.13/site-packages/starlette/middleware/base.py", line 193, in __call__
    response = await self.dispatch_func(request, call_next)
               ^^^^^^^^^^^^^^^^^^^^^^^^^^^^^^^^^^^^^^^^^^^^
  File "/home/bharat/Documents/skepesis/app/main.py", line 86, in auth_middleware
    response = await call_next(request)
               ^^^^^^^^^^^^^^^^^^^^^^^^
  File "/home/bharat/Documents/skepesis/venv/lib/python3.13/site-packages/starlette/middleware/base.py", line 168, in call_next
    raise app_exc from app_exc.__cause__ or app_exc.__context__
  File "/home/bharat/Documents/skepesis/venv/lib/python3.13/site-packages/starlette/middleware/base.py", line 144, in coro
    await self.app(scope, receive_or_disconnect, send_no_error)
  File "/home/bharat/Documents/skepesis/venv/lib/python3.13/site-packages/starlette/middleware/exceptions.py", line 63, in __call__
    await wrap_app_handling_exceptions(self.app, conn)(scope, receive, send)
  File "/home/bharat/Documents/skepesis/venv/lib/python3.13/site-packages/starlette/_exception_handler.py", line 53, in wrapped_app
    raise exc
  File "/home/bharat/Documents/skepesis/venv/lib/python3.13/site-packages/starlette/_exception_handler.py", line 42, in wrapped_app
    await app(scope, receive, sender)
  File "/home/bharat/Documents/skepesis/venv/lib/python3.13/site-packages/fastapi/middleware/asyncexitstack.py", line 18, in __call__
    await self.app(scope, receive, send)
  File "/home/bharat/Documents/skepesis/venv/lib/python3.13/site-packages/starlette/routing.py", line 716, in __call__
    await self.middleware_stack(scope, receive, send)
  File "/home/bharat/Documents/skepesis/venv/lib/python3.13/site-packages/starlette/routing.py", line 736, in app
    await route.handle(scope, receive, send)
  File "/home/bharat/Documents/skepesis/venv/lib/python3.13/site-packages/starlette/routing.py", line 290, in handle
    await self.app(scope, receive, send)
  File "/home/bharat/Documents/skepesis/venv/lib/python3.13/site-packages/fastapi/routing.py", line 120, in app
    await wrap_app_handling_exceptions(app, request)(scope, receive, send)
  File "/home/bharat/Documents/skepesis/venv/lib/python3.13/site-packages/starlette/_exception_handler.py", line 53, in wrapped_app
    raise exc
  File "/home/bharat/Documents/skepesis/venv/lib/python3.13/site-packages/starlette/_exception_handler.py", line 42, in wrapped_app
    await app(scope, receive, sender)
  File "/home/bharat/Documents/skepesis/venv/lib/python3.13/site-packages/fastapi/routing.py", line 106, in app
    response = await f(request)
               ^^^^^^^^^^^^^^^^
  File "/home/bharat/Documents/skepesis/venv/lib/python3.13/site-packages/fastapi/routing.py", line 430, in app
    raw_response = await run_endpoint_function(
                   ^^^^^^^^^^^^^^^^^^^^^^^^^^^^
    ...<3 lines>...
    )
    ^
  File "/home/bharat/Documents/skepesis/venv/lib/python3.13/site-packages/fastapi/routing.py", line 316, in run_endpoint_function
    return await dependant.call(**values)
           ^^^^^^^^^^^^^^^^^^^^^^^^^^^^^^
  File "/home/bharat/Documents/skepesis/app/main.py", line 150, in curiosity_solver
    return RedirectResponse(url="/login")
           ^^^^^^^^^^^^^^^^
NameError: name 'RedirectResponse' is not defined
2025-12-19 22:18:37.820 | ERROR    | app.main | main.py:101 | general_exception_handler | Unhandled exception on /curiosity: name 'RedirectResponse' is not defined
Traceback (most recent call last):
  File "/home/bharat/Documents/skepesis/venv/lib/python3.13/site-packages/starlette/middleware/errors.py", line 164, in __call__
    await self.app(scope, receive, _send)
  File "/home/bharat/Documents/skepesis/venv/lib/python3.13/site-packages/starlette/middleware/base.py", line 191, in __call__
    with recv_stream, send_stream, collapse_excgroups():
                                   ~~~~~~~~~~~~~~~~~~^^
  File "/usr/lib/python3.13/contextlib.py", line 162, in __exit__
    self.gen.throw(value)
    ~~~~~~~~~~~~~~^^^^^^^
  File "/home/bharat/Documents/skepesis/venv/lib/python3.13/site-packages/starlette/_utils.py", line 85, in collapse_excgroups
    raise exc
  File "/home/bharat/Documents/skepesis/venv/lib/python3.13/site-packages/starlette/middleware/base.py", line 193, in __call__
    response = await self.dispatch_func(request, call_next)
               ^^^^^^^^^^^^^^^^^^^^^^^^^^^^^^^^^^^^^^^^^^^^
  File "/home/bharat/Documents/skepesis/app/main.py", line 86, in auth_middleware
    response = await call_next(request)
               ^^^^^^^^^^^^^^^^^^^^^^^^
  File "/home/bharat/Documents/skepesis/venv/lib/python3.13/site-packages/starlette/middleware/base.py", line 168, in call_next
    raise app_exc from app_exc.__cause__ or app_exc.__context__
  File "/home/bharat/Documents/skepesis/venv/lib/python3.13/site-packages/starlette/middleware/base.py", line 144, in coro
    await self.app(scope, receive_or_disconnect, send_no_error)
  File "/home/bharat/Documents/skepesis/venv/lib/python3.13/site-packages/starlette/middleware/exceptions.py", line 63, in __call__
    await wrap_app_handling_exceptions(self.app, conn)(scope, receive, send)
  File "/home/bharat/Documents/skepesis/venv/lib/python3.13/site-packages/starlette/_exception_handler.py", line 53, in wrapped_app
    raise exc
  File "/home/bharat/Documents/skepesis/venv/lib/python3.13/site-packages/starlette/_exception_handler.py", line 42, in wrapped_app
    await app(scope, receive, sender)
  File "/home/bharat/Documents/skepesis/venv/lib/python3.13/site-packages/fastapi/middleware/asyncexitstack.py", line 18, in __call__
    await self.app(scope, receive, send)
  File "/home/bharat/Documents/skepesis/venv/lib/python3.13/site-packages/starlette/routing.py", line 716, in __call__
    await self.middleware_stack(scope, receive, send)
  File "/home/bharat/Documents/skepesis/venv/lib/python3.13/site-packages/starlette/routing.py", line 736, in app
    await route.handle(scope, receive, send)
  File "/home/bharat/Documents/skepesis/venv/lib/python3.13/site-packages/starlette/routing.py", line 290, in handle
    await self.app(scope, receive, send)
  File "/home/bharat/Documents/skepesis/venv/lib/python3.13/site-packages/fastapi/routing.py", line 120, in app
    await wrap_app_handling_exceptions(app, request)(scope, receive, send)
  File "/home/bharat/Documents/skepesis/venv/lib/python3.13/site-packages/starlette/_exception_handler.py", line 53, in wrapped_app
    raise exc
  File "/home/bharat/Documents/skepesis/venv/lib/python3.13/site-packages/starlette/_exception_handler.py", line 42, in wrapped_app
    await app(scope, receive, sender)
  File "/home/bharat/Documents/skepesis/venv/lib/python3.13/site-packages/fastapi/routing.py", line 106, in app
    response = await f(request)
               ^^^^^^^^^^^^^^^^
  File "/home/bharat/Documents/skepesis/venv/lib/python3.13/site-packages/fastapi/routing.py", line 430, in app
    raw_response = await run_endpoint_function(
                   ^^^^^^^^^^^^^^^^^^^^^^^^^^^^
    ...<3 lines>...
    )
    ^
  File "/home/bharat/Documents/skepesis/venv/lib/python3.13/site-packages/fastapi/routing.py", line 316, in run_endpoint_function
    return await dependant.call(**values)
           ^^^^^^^^^^^^^^^^^^^^^^^^^^^^^^
  File "/home/bharat/Documents/skepesis/app/main.py", line 150, in curiosity_solver
    return RedirectResponse(url="/login")
           ^^^^^^^^^^^^^^^^
NameError: name 'RedirectResponse' is not defined
2025-12-19 22:18:38.044 | ERROR    | app.main | main.py:101 | general_exception_handler | Unhandled exception on /curiosity: name 'RedirectResponse' is not defined
Traceback (most recent call last):
  File "/home/bharat/Documents/skepesis/venv/lib/python3.13/site-packages/starlette/middleware/errors.py", line 164, in __call__
    await self.app(scope, receive, _send)
  File "/home/bharat/Documents/skepesis/venv/lib/python3.13/site-packages/starlette/middleware/base.py", line 191, in __call__
    with recv_stream, send_stream, collapse_excgroups():
                                   ~~~~~~~~~~~~~~~~~~^^
  File "/usr/lib/python3.13/contextlib.py", line 162, in __exit__
    self.gen.throw(value)
    ~~~~~~~~~~~~~~^^^^^^^
  File "/home/bharat/Documents/skepesis/venv/lib/python3.13/site-packages/starlette/_utils.py", line 85, in collapse_excgroups
    raise exc
  File "/home/bharat/Documents/skepesis/venv/lib/python3.13/site-packages/starlette/middleware/base.py", line 193, in __call__
    response = await self.dispatch_func(request, call_next)
               ^^^^^^^^^^^^^^^^^^^^^^^^^^^^^^^^^^^^^^^^^^^^
  File "/home/bharat/Documents/skepesis/app/main.py", line 86, in auth_middleware
    response = await call_next(request)
               ^^^^^^^^^^^^^^^^^^^^^^^^
  File "/home/bharat/Documents/skepesis/venv/lib/python3.13/site-packages/starlette/middleware/base.py", line 168, in call_next
    raise app_exc from app_exc.__cause__ or app_exc.__context__
  File "/home/bharat/Documents/skepesis/venv/lib/python3.13/site-packages/starlette/middleware/base.py", line 144, in coro
    await self.app(scope, receive_or_disconnect, send_no_error)
  File "/home/bharat/Documents/skepesis/venv/lib/python3.13/site-packages/starlette/middleware/exceptions.py", line 63, in __call__
    await wrap_app_handling_exceptions(self.app, conn)(scope, receive, send)
  File "/home/bharat/Documents/skepesis/venv/lib/python3.13/site-packages/starlette/_exception_handler.py", line 53, in wrapped_app
    raise exc
  File "/home/bharat/Documents/skepesis/venv/lib/python3.13/site-packages/starlette/_exception_handler.py", line 42, in wrapped_app
    await app(scope, receive, sender)
  File "/home/bharat/Documents/skepesis/venv/lib/python3.13/site-packages/fastapi/middleware/asyncexitstack.py", line 18, in __call__
    await self.app(scope, receive, send)
  File "/home/bharat/Documents/skepesis/venv/lib/python3.13/site-packages/starlette/routing.py", line 716, in __call__
    await self.middleware_stack(scope, receive, send)
  File "/home/bharat/Documents/skepesis/venv/lib/python3.13/site-packages/starlette/routing.py", line 736, in app
    await route.handle(scope, receive, send)
  File "/home/bharat/Documents/skepesis/venv/lib/python3.13/site-packages/starlette/routing.py", line 290, in handle
    await self.app(scope, receive, send)
  File "/home/bharat/Documents/skepesis/venv/lib/python3.13/site-packages/fastapi/routing.py", line 120, in app
    await wrap_app_handling_exceptions(app, request)(scope, receive, send)
  File "/home/bharat/Documents/skepesis/venv/lib/python3.13/site-packages/starlette/_exception_handler.py", line 53, in wrapped_app
    raise exc
  File "/home/bharat/Documents/skepesis/venv/lib/python3.13/site-packages/starlette/_exception_handler.py", line 42, in wrapped_app
    await app(scope, receive, sender)
  File "/home/bharat/Documents/skepesis/venv/lib/python3.13/site-packages/fastapi/routing.py", line 106, in app
    response = await f(request)
               ^^^^^^^^^^^^^^^^
  File "/home/bharat/Documents/skepesis/venv/lib/python3.13/site-packages/fastapi/routing.py", line 430, in app
    raw_response = await run_endpoint_function(
                   ^^^^^^^^^^^^^^^^^^^^^^^^^^^^
    ...<3 lines>...
    )
    ^
  File "/home/bharat/Documents/skepesis/venv/lib/python3.13/site-packages/fastapi/routing.py", line 316, in run_endpoint_function
    return await dependant.call(**values)
           ^^^^^^^^^^^^^^^^^^^^^^^^^^^^^^
  File "/home/bharat/Documents/skepesis/app/main.py", line 150, in curiosity_solver
    return RedirectResponse(url="/login")
           ^^^^^^^^^^^^^^^^
NameError: name 'RedirectResponse' is not defined
2025-12-19 22:18:38.233 | ERROR    | app.main | main.py:101 | general_exception_handler | Unhandled exception on /curiosity: name 'RedirectResponse' is not defined
Traceback (most recent call last):
  File "/home/bharat/Documents/skepesis/venv/lib/python3.13/site-packages/starlette/middleware/errors.py", line 164, in __call__
    await self.app(scope, receive, _send)
  File "/home/bharat/Documents/skepesis/venv/lib/python3.13/site-packages/starlette/middleware/base.py", line 191, in __call__
    with recv_stream, send_stream, collapse_excgroups():
                                   ~~~~~~~~~~~~~~~~~~^^
  File "/usr/lib/python3.13/contextlib.py", line 162, in __exit__
    self.gen.throw(value)
    ~~~~~~~~~~~~~~^^^^^^^
  File "/home/bharat/Documents/skepesis/venv/lib/python3.13/site-packages/starlette/_utils.py", line 85, in collapse_excgroups
    raise exc
  File "/home/bharat/Documents/skepesis/venv/lib/python3.13/site-packages/starlette/middleware/base.py", line 193, in __call__
    response = await self.dispatch_func(request, call_next)
               ^^^^^^^^^^^^^^^^^^^^^^^^^^^^^^^^^^^^^^^^^^^^
  File "/home/bharat/Documents/skepesis/app/main.py", line 86, in auth_middleware
    response = await call_next(request)
               ^^^^^^^^^^^^^^^^^^^^^^^^
  File "/home/bharat/Documents/skepesis/venv/lib/python3.13/site-packages/starlette/middleware/base.py", line 168, in call_next
    raise app_exc from app_exc.__cause__ or app_exc.__context__
  File "/home/bharat/Documents/skepesis/venv/lib/python3.13/site-packages/starlette/middleware/base.py", line 144, in coro
    await self.app(scope, receive_or_disconnect, send_no_error)
  File "/home/bharat/Documents/skepesis/venv/lib/python3.13/site-packages/starlette/middleware/exceptions.py", line 63, in __call__
    await wrap_app_handling_exceptions(self.app, conn)(scope, receive, send)
  File "/home/bharat/Documents/skepesis/venv/lib/python3.13/site-packages/starlette/_exception_handler.py", line 53, in wrapped_app
    raise exc
  File "/home/bharat/Documents/skepesis/venv/lib/python3.13/site-packages/starlette/_exception_handler.py", line 42, in wrapped_app
    await app(scope, receive, sender)
  File "/home/bharat/Documents/skepesis/venv/lib/python3.13/site-packages/fastapi/middleware/asyncexitstack.py", line 18, in __call__
    await self.app(scope, receive, send)
  File "/home/bharat/Documents/skepesis/venv/lib/python3.13/site-packages/starlette/routing.py", line 716, in __call__
    await self.middleware_stack(scope, receive, send)
  File "/home/bharat/Documents/skepesis/venv/lib/python3.13/site-packages/starlette/routing.py", line 736, in app
    await route.handle(scope, receive, send)
  File "/home/bharat/Documents/skepesis/venv/lib/python3.13/site-packages/starlette/routing.py", line 290, in handle
    await self.app(scope, receive, send)
  File "/home/bharat/Documents/skepesis/venv/lib/python3.13/site-packages/fastapi/routing.py", line 120, in app
    await wrap_app_handling_exceptions(app, request)(scope, receive, send)
  File "/home/bharat/Documents/skepesis/venv/lib/python3.13/site-packages/starlette/_exception_handler.py", line 53, in wrapped_app
    raise exc
  File "/home/bharat/Documents/skepesis/venv/lib/python3.13/site-packages/starlette/_exception_handler.py", line 42, in wrapped_app
    await app(scope, receive, sender)
  File "/home/bharat/Documents/skepesis/venv/lib/python3.13/site-packages/fastapi/routing.py", line 106, in app
    response = await f(request)
               ^^^^^^^^^^^^^^^^
  File "/home/bharat/Documents/skepesis/venv/lib/python3.13/site-packages/fastapi/routing.py", line 430, in app
    raw_response = await run_endpoint_function(
                   ^^^^^^^^^^^^^^^^^^^^^^^^^^^^
    ...<3 lines>...
    )
    ^
  File "/home/bharat/Documents/skepesis/venv/lib/python3.13/site-packages/fastapi/routing.py", line 316, in run_endpoint_function
    return await dependant.call(**values)
           ^^^^^^^^^^^^^^^^^^^^^^^^^^^^^^
  File "/home/bharat/Documents/skepesis/app/main.py", line 150, in curiosity_solver
    return RedirectResponse(url="/login")
           ^^^^^^^^^^^^^^^^
NameError: name 'RedirectResponse' is not defined
2025-12-19 22:18:38.419 | ERROR    | app.main | main.py:101 | general_exception_handler | Unhandled exception on /curiosity: name 'RedirectResponse' is not defined
Traceback (most recent call last):
  File "/home/bharat/Documents/skepesis/venv/lib/python3.13/site-packages/starlette/middleware/errors.py", line 164, in __call__
    await self.app(scope, receive, _send)
  File "/home/bharat/Documents/skepesis/venv/lib/python3.13/site-packages/starlette/middleware/base.py", line 191, in __call__
    with recv_stream, send_stream, collapse_excgroups():
                                   ~~~~~~~~~~~~~~~~~~^^
  File "/usr/lib/python3.13/contextlib.py", line 162, in __exit__
    self.gen.throw(value)
    ~~~~~~~~~~~~~~^^^^^^^
  File "/home/bharat/Documents/skepesis/venv/lib/python3.13/site-packages/starlette/_utils.py", line 85, in collapse_excgroups
    raise exc
  File "/home/bharat/Documents/skepesis/venv/lib/python3.13/site-packages/starlette/middleware/base.py", line 193, in __call__
    response = await self.dispatch_func(request, call_next)
               ^^^^^^^^^^^^^^^^^^^^^^^^^^^^^^^^^^^^^^^^^^^^
  File "/home/bharat/Documents/skepesis/app/main.py", line 86, in auth_middleware
    response = await call_next(request)
               ^^^^^^^^^^^^^^^^^^^^^^^^
  File "/home/bharat/Documents/skepesis/venv/lib/python3.13/site-packages/starlette/middleware/base.py", line 168, in call_next
    raise app_exc from app_exc.__cause__ or app_exc.__context__
  File "/home/bharat/Documents/skepesis/venv/lib/python3.13/site-packages/starlette/middleware/base.py", line 144, in coro
    await self.app(scope, receive_or_disconnect, send_no_error)
  File "/home/bharat/Documents/skepesis/venv/lib/python3.13/site-packages/starlette/middleware/exceptions.py", line 63, in __call__
    await wrap_app_handling_exceptions(self.app, conn)(scope, receive, send)
  File "/home/bharat/Documents/skepesis/venv/lib/python3.13/site-packages/starlette/_exception_handler.py", line 53, in wrapped_app
    raise exc
  File "/home/bharat/Documents/skepesis/venv/lib/python3.13/site-packages/starlette/_exception_handler.py", line 42, in wrapped_app
    await app(scope, receive, sender)
  File "/home/bharat/Documents/skepesis/venv/lib/python3.13/site-packages/fastapi/middleware/asyncexitstack.py", line 18, in __call__
    await self.app(scope, receive, send)
  File "/home/bharat/Documents/skepesis/venv/lib/python3.13/site-packages/starlette/routing.py", line 716, in __call__
    await self.middleware_stack(scope, receive, send)
  File "/home/bharat/Documents/skepesis/venv/lib/python3.13/site-packages/starlette/routing.py", line 736, in app
    await route.handle(scope, receive, send)
  File "/home/bharat/Documents/skepesis/venv/lib/python3.13/site-packages/starlette/routing.py", line 290, in handle
    await self.app(scope, receive, send)
  File "/home/bharat/Documents/skepesis/venv/lib/python3.13/site-packages/fastapi/routing.py", line 120, in app
    await wrap_app_handling_exceptions(app, request)(scope, receive, send)
  File "/home/bharat/Documents/skepesis/venv/lib/python3.13/site-packages/starlette/_exception_handler.py", line 53, in wrapped_app
    raise exc
  File "/home/bharat/Documents/skepesis/venv/lib/python3.13/site-packages/starlette/_exception_handler.py", line 42, in wrapped_app
    await app(scope, receive, sender)
  File "/home/bharat/Documents/skepesis/venv/lib/python3.13/site-packages/fastapi/routing.py", line 106, in app
    response = await f(request)
               ^^^^^^^^^^^^^^^^
  File "/home/bharat/Documents/skepesis/venv/lib/python3.13/site-packages/fastapi/routing.py", line 430, in app
    raw_response = await run_endpoint_function(
                   ^^^^^^^^^^^^^^^^^^^^^^^^^^^^
    ...<3 lines>...
    )
    ^
  File "/home/bharat/Documents/skepesis/venv/lib/python3.13/site-packages/fastapi/routing.py", line 316, in run_endpoint_function
    return await dependant.call(**values)
           ^^^^^^^^^^^^^^^^^^^^^^^^^^^^^^
  File "/home/bharat/Documents/skepesis/app/main.py", line 150, in curiosity_solver
    return RedirectResponse(url="/login")
           ^^^^^^^^^^^^^^^^
NameError: name 'RedirectResponse' is not defined
2025-12-19 22:18:38.609 | ERROR    | app.main | main.py:101 | general_exception_handler | Unhandled exception on /curiosity: name 'RedirectResponse' is not defined
Traceback (most recent call last):
  File "/home/bharat/Documents/skepesis/venv/lib/python3.13/site-packages/starlette/middleware/errors.py", line 164, in __call__
    await self.app(scope, receive, _send)
  File "/home/bharat/Documents/skepesis/venv/lib/python3.13/site-packages/starlette/middleware/base.py", line 191, in __call__
    with recv_stream, send_stream, collapse_excgroups():
                                   ~~~~~~~~~~~~~~~~~~^^
  File "/usr/lib/python3.13/contextlib.py", line 162, in __exit__
    self.gen.throw(value)
    ~~~~~~~~~~~~~~^^^^^^^
  File "/home/bharat/Documents/skepesis/venv/lib/python3.13/site-packages/starlette/_utils.py", line 85, in collapse_excgroups
    raise exc
  File "/home/bharat/Documents/skepesis/venv/lib/python3.13/site-packages/starlette/middleware/base.py", line 193, in __call__
    response = await self.dispatch_func(request, call_next)
               ^^^^^^^^^^^^^^^^^^^^^^^^^^^^^^^^^^^^^^^^^^^^
  File "/home/bharat/Documents/skepesis/app/main.py", line 86, in auth_middleware
    response = await call_next(request)
               ^^^^^^^^^^^^^^^^^^^^^^^^
  File "/home/bharat/Documents/skepesis/venv/lib/python3.13/site-packages/starlette/middleware/base.py", line 168, in call_next
    raise app_exc from app_exc.__cause__ or app_exc.__context__
  File "/home/bharat/Documents/skepesis/venv/lib/python3.13/site-packages/starlette/middleware/base.py", line 144, in coro
    await self.app(scope, receive_or_disconnect, send_no_error)
  File "/home/bharat/Documents/skepesis/venv/lib/python3.13/site-packages/starlette/middleware/exceptions.py", line 63, in __call__
    await wrap_app_handling_exceptions(self.app, conn)(scope, receive, send)
  File "/home/bharat/Documents/skepesis/venv/lib/python3.13/site-packages/starlette/_exception_handler.py", line 53, in wrapped_app
    raise exc
  File "/home/bharat/Documents/skepesis/venv/lib/python3.13/site-packages/starlette/_exception_handler.py", line 42, in wrapped_app
    await app(scope, receive, sender)
  File "/home/bharat/Documents/skepesis/venv/lib/python3.13/site-packages/fastapi/middleware/asyncexitstack.py", line 18, in __call__
    await self.app(scope, receive, send)
  File "/home/bharat/Documents/skepesis/venv/lib/python3.13/site-packages/starlette/routing.py", line 716, in __call__
    await self.middleware_stack(scope, receive, send)
  File "/home/bharat/Documents/skepesis/venv/lib/python3.13/site-packages/starlette/routing.py", line 736, in app
    await route.handle(scope, receive, send)
  File "/home/bharat/Documents/skepesis/venv/lib/python3.13/site-packages/starlette/routing.py", line 290, in handle
    await self.app(scope, receive, send)
  File "/home/bharat/Documents/skepesis/venv/lib/python3.13/site-packages/fastapi/routing.py", line 120, in app
    await wrap_app_handling_exceptions(app, request)(scope, receive, send)
  File "/home/bharat/Documents/skepesis/venv/lib/python3.13/site-packages/starlette/_exception_handler.py", line 53, in wrapped_app
    raise exc
  File "/home/bharat/Documents/skepesis/venv/lib/python3.13/site-packages/starlette/_exception_handler.py", line 42, in wrapped_app
    await app(scope, receive, sender)
  File "/home/bharat/Documents/skepesis/venv/lib/python3.13/site-packages/fastapi/routing.py", line 106, in app
    response = await f(request)
               ^^^^^^^^^^^^^^^^
  File "/home/bharat/Documents/skepesis/venv/lib/python3.13/site-packages/fastapi/routing.py", line 430, in app
    raw_response = await run_endpoint_function(
                   ^^^^^^^^^^^^^^^^^^^^^^^^^^^^
    ...<3 lines>...
    )
    ^
  File "/home/bharat/Documents/skepesis/venv/lib/python3.13/site-packages/fastapi/routing.py", line 316, in run_endpoint_function
    return await dependant.call(**values)
           ^^^^^^^^^^^^^^^^^^^^^^^^^^^^^^
  File "/home/bharat/Documents/skepesis/app/main.py", line 150, in curiosity_solver
    return RedirectResponse(url="/login")
           ^^^^^^^^^^^^^^^^
NameError: name 'RedirectResponse' is not defined
2025-12-19 22:18:38.773 | ERROR    | app.main | main.py:101 | general_exception_handler | Unhandled exception on /curiosity: name 'RedirectResponse' is not defined
Traceback (most recent call last):
  File "/home/bharat/Documents/skepesis/venv/lib/python3.13/site-packages/starlette/middleware/errors.py", line 164, in __call__
    await self.app(scope, receive, _send)
  File "/home/bharat/Documents/skepesis/venv/lib/python3.13/site-packages/starlette/middleware/base.py", line 191, in __call__
    with recv_stream, send_stream, collapse_excgroups():
                                   ~~~~~~~~~~~~~~~~~~^^
  File "/usr/lib/python3.13/contextlib.py", line 162, in __exit__
    self.gen.throw(value)
    ~~~~~~~~~~~~~~^^^^^^^
  File "/home/bharat/Documents/skepesis/venv/lib/python3.13/site-packages/starlette/_utils.py", line 85, in collapse_excgroups
    raise exc
  File "/home/bharat/Documents/skepesis/venv/lib/python3.13/site-packages/starlette/middleware/base.py", line 193, in __call__
    response = await self.dispatch_func(request, call_next)
               ^^^^^^^^^^^^^^^^^^^^^^^^^^^^^^^^^^^^^^^^^^^^
  File "/home/bharat/Documents/skepesis/app/main.py", line 86, in auth_middleware
    response = await call_next(request)
               ^^^^^^^^^^^^^^^^^^^^^^^^
  File "/home/bharat/Documents/skepesis/venv/lib/python3.13/site-packages/starlette/middleware/base.py", line 168, in call_next
    raise app_exc from app_exc.__cause__ or app_exc.__context__
  File "/home/bharat/Documents/skepesis/venv/lib/python3.13/site-packages/starlette/middleware/base.py", line 144, in coro
    await self.app(scope, receive_or_disconnect, send_no_error)
  File "/home/bharat/Documents/skepesis/venv/lib/python3.13/site-packages/starlette/middleware/exceptions.py", line 63, in __call__
    await wrap_app_handling_exceptions(self.app, conn)(scope, receive, send)
  File "/home/bharat/Documents/skepesis/venv/lib/python3.13/site-packages/starlette/_exception_handler.py", line 53, in wrapped_app
    raise exc
  File "/home/bharat/Documents/skepesis/venv/lib/python3.13/site-packages/starlette/_exception_handler.py", line 42, in wrapped_app
    await app(scope, receive, sender)
  File "/home/bharat/Documents/skepesis/venv/lib/python3.13/site-packages/fastapi/middleware/asyncexitstack.py", line 18, in __call__
    await self.app(scope, receive, send)
  File "/home/bharat/Documents/skepesis/venv/lib/python3.13/site-packages/starlette/routing.py", line 716, in __call__
    await self.middleware_stack(scope, receive, send)
  File "/home/bharat/Documents/skepesis/venv/lib/python3.13/site-packages/starlette/routing.py", line 736, in app
    await route.handle(scope, receive, send)
  File "/home/bharat/Documents/skepesis/venv/lib/python3.13/site-packages/starlette/routing.py", line 290, in handle
    await self.app(scope, receive, send)
  File "/home/bharat/Documents/skepesis/venv/lib/python3.13/site-packages/fastapi/routing.py", line 120, in app
    await wrap_app_handling_exceptions(app, request)(scope, receive, send)
  File "/home/bharat/Documents/skepesis/venv/lib/python3.13/site-packages/starlette/_exception_handler.py", line 53, in wrapped_app
    raise exc
  File "/home/bharat/Documents/skepesis/venv/lib/python3.13/site-packages/starlette/_exception_handler.py", line 42, in wrapped_app
    await app(scope, receive, sender)
  File "/home/bharat/Documents/skepesis/venv/lib/python3.13/site-packages/fastapi/routing.py", line 106, in app
    response = await f(request)
               ^^^^^^^^^^^^^^^^
  File "/home/bharat/Documents/skepesis/venv/lib/python3.13/site-packages/fastapi/routing.py", line 430, in app
    raw_response = await run_endpoint_function(
                   ^^^^^^^^^^^^^^^^^^^^^^^^^^^^
    ...<3 lines>...
    )
    ^
  File "/home/bharat/Documents/skepesis/venv/lib/python3.13/site-packages/fastapi/routing.py", line 316, in run_endpoint_function
    return await dependant.call(**values)
           ^^^^^^^^^^^^^^^^^^^^^^^^^^^^^^
  File "/home/bharat/Documents/skepesis/app/main.py", line 150, in curiosity_solver
    return RedirectResponse(url="/login")
           ^^^^^^^^^^^^^^^^
NameError: name 'RedirectResponse' is not defined
2025-12-19 22:18:38.944 | ERROR    | app.main | main.py:101 | general_exception_handler | Unhandled exception on /curiosity: name 'RedirectResponse' is not defined
Traceback (most recent call last):
  File "/home/bharat/Documents/skepesis/venv/lib/python3.13/site-packages/starlette/middleware/errors.py", line 164, in __call__
    await self.app(scope, receive, _send)
  File "/home/bharat/Documents/skepesis/venv/lib/python3.13/site-packages/starlette/middleware/base.py", line 191, in __call__
    with recv_stream, send_stream, collapse_excgroups():
                                   ~~~~~~~~~~~~~~~~~~^^
  File "/usr/lib/python3.13/contextlib.py", line 162, in __exit__
    self.gen.throw(value)
    ~~~~~~~~~~~~~~^^^^^^^
  File "/home/bharat/Documents/skepesis/venv/lib/python3.13/site-packages/starlette/_utils.py", line 85, in collapse_excgroups
    raise exc
  File "/home/bharat/Documents/skepesis/venv/lib/python3.13/site-packages/starlette/middleware/base.py", line 193, in __call__
    response = await self.dispatch_func(request, call_next)
               ^^^^^^^^^^^^^^^^^^^^^^^^^^^^^^^^^^^^^^^^^^^^
  File "/home/bharat/Documents/skepesis/app/main.py", line 86, in auth_middleware
    response = await call_next(request)
               ^^^^^^^^^^^^^^^^^^^^^^^^
  File "/home/bharat/Documents/skepesis/venv/lib/python3.13/site-packages/starlette/middleware/base.py", line 168, in call_next
    raise app_exc from app_exc.__cause__ or app_exc.__context__
  File "/home/bharat/Documents/skepesis/venv/lib/python3.13/site-packages/starlette/middleware/base.py", line 144, in coro
    await self.app(scope, receive_or_disconnect, send_no_error)
  File "/home/bharat/Documents/skepesis/venv/lib/python3.13/site-packages/starlette/middleware/exceptions.py", line 63, in __call__
    await wrap_app_handling_exceptions(self.app, conn)(scope, receive, send)
  File "/home/bharat/Documents/skepesis/venv/lib/python3.13/site-packages/starlette/_exception_handler.py", line 53, in wrapped_app
    raise exc
  File "/home/bharat/Documents/skepesis/venv/lib/python3.13/site-packages/starlette/_exception_handler.py", line 42, in wrapped_app
    await app(scope, receive, sender)
  File "/home/bharat/Documents/skepesis/venv/lib/python3.13/site-packages/fastapi/middleware/asyncexitstack.py", line 18, in __call__
    await self.app(scope, receive, send)
  File "/home/bharat/Documents/skepesis/venv/lib/python3.13/site-packages/starlette/routing.py", line 716, in __call__
    await self.middleware_stack(scope, receive, send)
  File "/home/bharat/Documents/skepesis/venv/lib/python3.13/site-packages/starlette/routing.py", line 736, in app
    await route.handle(scope, receive, send)
  File "/home/bharat/Documents/skepesis/venv/lib/python3.13/site-packages/starlette/routing.py", line 290, in handle
    await self.app(scope, receive, send)
  File "/home/bharat/Documents/skepesis/venv/lib/python3.13/site-packages/fastapi/routing.py", line 120, in app
    await wrap_app_handling_exceptions(app, request)(scope, receive, send)
  File "/home/bharat/Documents/skepesis/venv/lib/python3.13/site-packages/starlette/_exception_handler.py", line 53, in wrapped_app
    raise exc
  File "/home/bharat/Documents/skepesis/venv/lib/python3.13/site-packages/starlette/_exception_handler.py", line 42, in wrapped_app
    await app(scope, receive, sender)
  File "/home/bharat/Documents/skepesis/venv/lib/python3.13/site-packages/fastapi/routing.py", line 106, in app
    response = await f(request)
               ^^^^^^^^^^^^^^^^
  File "/home/bharat/Documents/skepesis/venv/lib/python3.13/site-packages/fastapi/routing.py", line 430, in app
    raw_response = await run_endpoint_function(
                   ^^^^^^^^^^^^^^^^^^^^^^^^^^^^
    ...<3 lines>...
    )
    ^
  File "/home/bharat/Documents/skepesis/venv/lib/python3.13/site-packages/fastapi/routing.py", line 316, in run_endpoint_function
    return await dependant.call(**values)
           ^^^^^^^^^^^^^^^^^^^^^^^^^^^^^^
  File "/home/bharat/Documents/skepesis/app/main.py", line 150, in curiosity_solver
    return RedirectResponse(url="/login")
           ^^^^^^^^^^^^^^^^
NameError: name 'RedirectResponse' is not defined
2025-12-19 22:18:39.102 | ERROR    | app.main | main.py:101 | general_exception_handler | Unhandled exception on /curiosity: name 'RedirectResponse' is not defined
Traceback (most recent call last):
  File "/home/bharat/Documents/skepesis/venv/lib/python3.13/site-packages/starlette/middleware/errors.py", line 164, in __call__
    await self.app(scope, receive, _send)
  File "/home/bharat/Documents/skepesis/venv/lib/python3.13/site-packages/starlette/middleware/base.py", line 191, in __call__
    with recv_stream, send_stream, collapse_excgroups():
                                   ~~~~~~~~~~~~~~~~~~^^
  File "/usr/lib/python3.13/contextlib.py", line 162, in __exit__
    self.gen.throw(value)
    ~~~~~~~~~~~~~~^^^^^^^
  File "/home/bharat/Documents/skepesis/venv/lib/python3.13/site-packages/starlette/_utils.py", line 85, in collapse_excgroups
    raise exc
  File "/home/bharat/Documents/skepesis/venv/lib/python3.13/site-packages/starlette/middleware/base.py", line 193, in __call__
    response = await self.dispatch_func(request, call_next)
               ^^^^^^^^^^^^^^^^^^^^^^^^^^^^^^^^^^^^^^^^^^^^
  File "/home/bharat/Documents/skepesis/app/main.py", line 86, in auth_middleware
    response = await call_next(request)
               ^^^^^^^^^^^^^^^^^^^^^^^^
  File "/home/bharat/Documents/skepesis/venv/lib/python3.13/site-packages/starlette/middleware/base.py", line 168, in call_next
    raise app_exc from app_exc.__cause__ or app_exc.__context__
  File "/home/bharat/Documents/skepesis/venv/lib/python3.13/site-packages/starlette/middleware/base.py", line 144, in coro
    await self.app(scope, receive_or_disconnect, send_no_error)
  File "/home/bharat/Documents/skepesis/venv/lib/python3.13/site-packages/starlette/middleware/exceptions.py", line 63, in __call__
    await wrap_app_handling_exceptions(self.app, conn)(scope, receive, send)
  File "/home/bharat/Documents/skepesis/venv/lib/python3.13/site-packages/starlette/_exception_handler.py", line 53, in wrapped_app
    raise exc
  File "/home/bharat/Documents/skepesis/venv/lib/python3.13/site-packages/starlette/_exception_handler.py", line 42, in wrapped_app
    await app(scope, receive, sender)
  File "/home/bharat/Documents/skepesis/venv/lib/python3.13/site-packages/fastapi/middleware/asyncexitstack.py", line 18, in __call__
    await self.app(scope, receive, send)
  File "/home/bharat/Documents/skepesis/venv/lib/python3.13/site-packages/starlette/routing.py", line 716, in __call__
    await self.middleware_stack(scope, receive, send)
  File "/home/bharat/Documents/skepesis/venv/lib/python3.13/site-packages/starlette/routing.py", line 736, in app
    await route.handle(scope, receive, send)
  File "/home/bharat/Documents/skepesis/venv/lib/python3.13/site-packages/starlette/routing.py", line 290, in handle
    await self.app(scope, receive, send)
  File "/home/bharat/Documents/skepesis/venv/lib/python3.13/site-packages/fastapi/routing.py", line 120, in app
    await wrap_app_handling_exceptions(app, request)(scope, receive, send)
  File "/home/bharat/Documents/skepesis/venv/lib/python3.13/site-packages/starlette/_exception_handler.py", line 53, in wrapped_app
    raise exc
  File "/home/bharat/Documents/skepesis/venv/lib/python3.13/site-packages/starlette/_exception_handler.py", line 42, in wrapped_app
    await app(scope, receive, sender)
  File "/home/bharat/Documents/skepesis/venv/lib/python3.13/site-packages/fastapi/routing.py", line 106, in app
    response = await f(request)
               ^^^^^^^^^^^^^^^^
  File "/home/bharat/Documents/skepesis/venv/lib/python3.13/site-packages/fastapi/routing.py", line 430, in app
    raw_response = await run_endpoint_function(
                   ^^^^^^^^^^^^^^^^^^^^^^^^^^^^
    ...<3 lines>...
    )
    ^
  File "/home/bharat/Documents/skepesis/venv/lib/python3.13/site-packages/fastapi/routing.py", line 316, in run_endpoint_function
    return await dependant.call(**values)
           ^^^^^^^^^^^^^^^^^^^^^^^^^^^^^^
  File "/home/bharat/Documents/skepesis/app/main.py", line 150, in curiosity_solver
    return RedirectResponse(url="/login")
           ^^^^^^^^^^^^^^^^
NameError: name 'RedirectResponse' is not defined
2025-12-19 22:18:39.267 | ERROR    | app.main | main.py:101 | general_exception_handler | Unhandled exception on /curiosity: name 'RedirectResponse' is not defined
Traceback (most recent call last):
  File "/home/bharat/Documents/skepesis/venv/lib/python3.13/site-packages/starlette/middleware/errors.py", line 164, in __call__
    await self.app(scope, receive, _send)
  File "/home/bharat/Documents/skepesis/venv/lib/python3.13/site-packages/starlette/middleware/base.py", line 191, in __call__
    with recv_stream, send_stream, collapse_excgroups():
                                   ~~~~~~~~~~~~~~~~~~^^
  File "/usr/lib/python3.13/contextlib.py", line 162, in __exit__
    self.gen.throw(value)
    ~~~~~~~~~~~~~~^^^^^^^
  File "/home/bharat/Documents/skepesis/venv/lib/python3.13/site-packages/starlette/_utils.py", line 85, in collapse_excgroups
    raise exc
  File "/home/bharat/Documents/skepesis/venv/lib/python3.13/site-packages/starlette/middleware/base.py", line 193, in __call__
    response = await self.dispatch_func(request, call_next)
               ^^^^^^^^^^^^^^^^^^^^^^^^^^^^^^^^^^^^^^^^^^^^
  File "/home/bharat/Documents/skepesis/app/main.py", line 86, in auth_middleware
    response = await call_next(request)
               ^^^^^^^^^^^^^^^^^^^^^^^^
  File "/home/bharat/Documents/skepesis/venv/lib/python3.13/site-packages/starlette/middleware/base.py", line 168, in call_next
    raise app_exc from app_exc.__cause__ or app_exc.__context__
  File "/home/bharat/Documents/skepesis/venv/lib/python3.13/site-packages/starlette/middleware/base.py", line 144, in coro
    await self.app(scope, receive_or_disconnect, send_no_error)
  File "/home/bharat/Documents/skepesis/venv/lib/python3.13/site-packages/starlette/middleware/exceptions.py", line 63, in __call__
    await wrap_app_handling_exceptions(self.app, conn)(scope, receive, send)
  File "/home/bharat/Documents/skepesis/venv/lib/python3.13/site-packages/starlette/_exception_handler.py", line 53, in wrapped_app
    raise exc
  File "/home/bharat/Documents/skepesis/venv/lib/python3.13/site-packages/starlette/_exception_handler.py", line 42, in wrapped_app
    await app(scope, receive, sender)
  File "/home/bharat/Documents/skepesis/venv/lib/python3.13/site-packages/fastapi/middleware/asyncexitstack.py", line 18, in __call__
    await self.app(scope, receive, send)
  File "/home/bharat/Documents/skepesis/venv/lib/python3.13/site-packages/starlette/routing.py", line 716, in __call__
    await self.middleware_stack(scope, receive, send)
  File "/home/bharat/Documents/skepesis/venv/lib/python3.13/site-packages/starlette/routing.py", line 736, in app
    await route.handle(scope, receive, send)
  File "/home/bharat/Documents/skepesis/venv/lib/python3.13/site-packages/starlette/routing.py", line 290, in handle
    await self.app(scope, receive, send)
  File "/home/bharat/Documents/skepesis/venv/lib/python3.13/site-packages/fastapi/routing.py", line 120, in app
    await wrap_app_handling_exceptions(app, request)(scope, receive, send)
  File "/home/bharat/Documents/skepesis/venv/lib/python3.13/site-packages/starlette/_exception_handler.py", line 53, in wrapped_app
    raise exc
  File "/home/bharat/Documents/skepesis/venv/lib/python3.13/site-packages/starlette/_exception_handler.py", line 42, in wrapped_app
    await app(scope, receive, sender)
  File "/home/bharat/Documents/skepesis/venv/lib/python3.13/site-packages/fastapi/routing.py", line 106, in app
    response = await f(request)
               ^^^^^^^^^^^^^^^^
  File "/home/bharat/Documents/skepesis/venv/lib/python3.13/site-packages/fastapi/routing.py", line 430, in app
    raw_response = await run_endpoint_function(
                   ^^^^^^^^^^^^^^^^^^^^^^^^^^^^
    ...<3 lines>...
    )
    ^
  File "/home/bharat/Documents/skepesis/venv/lib/python3.13/site-packages/fastapi/routing.py", line 316, in run_endpoint_function
    return await dependant.call(**values)
           ^^^^^^^^^^^^^^^^^^^^^^^^^^^^^^
  File "/home/bharat/Documents/skepesis/app/main.py", line 150, in curiosity_solver
    return RedirectResponse(url="/login")
           ^^^^^^^^^^^^^^^^
NameError: name 'RedirectResponse' is not defined
2025-12-19 22:18:39.423 | ERROR    | app.main | main.py:101 | general_exception_handler | Unhandled exception on /curiosity: name 'RedirectResponse' is not defined
Traceback (most recent call last):
  File "/home/bharat/Documents/skepesis/venv/lib/python3.13/site-packages/starlette/middleware/errors.py", line 164, in __call__
    await self.app(scope, receive, _send)
  File "/home/bharat/Documents/skepesis/venv/lib/python3.13/site-packages/starlette/middleware/base.py", line 191, in __call__
    with recv_stream, send_stream, collapse_excgroups():
                                   ~~~~~~~~~~~~~~~~~~^^
  File "/usr/lib/python3.13/contextlib.py", line 162, in __exit__
    self.gen.throw(value)
    ~~~~~~~~~~~~~~^^^^^^^
  File "/home/bharat/Documents/skepesis/venv/lib/python3.13/site-packages/starlette/_utils.py", line 85, in collapse_excgroups
    raise exc
  File "/home/bharat/Documents/skepesis/venv/lib/python3.13/site-packages/starlette/middleware/base.py", line 193, in __call__
    response = await self.dispatch_func(request, call_next)
               ^^^^^^^^^^^^^^^^^^^^^^^^^^^^^^^^^^^^^^^^^^^^
  File "/home/bharat/Documents/skepesis/app/main.py", line 86, in auth_middleware
    response = await call_next(request)
               ^^^^^^^^^^^^^^^^^^^^^^^^
  File "/home/bharat/Documents/skepesis/venv/lib/python3.13/site-packages/starlette/middleware/base.py", line 168, in call_next
    raise app_exc from app_exc.__cause__ or app_exc.__context__
  File "/home/bharat/Documents/skepesis/venv/lib/python3.13/site-packages/starlette/middleware/base.py", line 144, in coro
    await self.app(scope, receive_or_disconnect, send_no_error)
  File "/home/bharat/Documents/skepesis/venv/lib/python3.13/site-packages/starlette/middleware/exceptions.py", line 63, in __call__
    await wrap_app_handling_exceptions(self.app, conn)(scope, receive, send)
  File "/home/bharat/Documents/skepesis/venv/lib/python3.13/site-packages/starlette/_exception_handler.py", line 53, in wrapped_app
    raise exc
  File "/home/bharat/Documents/skepesis/venv/lib/python3.13/site-packages/starlette/_exception_handler.py", line 42, in wrapped_app
    await app(scope, receive, sender)
  File "/home/bharat/Documents/skepesis/venv/lib/python3.13/site-packages/fastapi/middleware/asyncexitstack.py", line 18, in __call__
    await self.app(scope, receive, send)
  File "/home/bharat/Documents/skepesis/venv/lib/python3.13/site-packages/starlette/routing.py", line 716, in __call__
    await self.middleware_stack(scope, receive, send)
  File "/home/bharat/Documents/skepesis/venv/lib/python3.13/site-packages/starlette/routing.py", line 736, in app
    await route.handle(scope, receive, send)
  File "/home/bharat/Documents/skepesis/venv/lib/python3.13/site-packages/starlette/routing.py", line 290, in handle
    await self.app(scope, receive, send)
  File "/home/bharat/Documents/skepesis/venv/lib/python3.13/site-packages/fastapi/routing.py", line 120, in app
    await wrap_app_handling_exceptions(app, request)(scope, receive, send)
  File "/home/bharat/Documents/skepesis/venv/lib/python3.13/site-packages/starlette/_exception_handler.py", line 53, in wrapped_app
    raise exc
  File "/home/bharat/Documents/skepesis/venv/lib/python3.13/site-packages/starlette/_exception_handler.py", line 42, in wrapped_app
    await app(scope, receive, sender)
  File "/home/bharat/Documents/skepesis/venv/lib/python3.13/site-packages/fastapi/routing.py", line 106, in app
    response = await f(request)
               ^^^^^^^^^^^^^^^^
  File "/home/bharat/Documents/skepesis/venv/lib/python3.13/site-packages/fastapi/routing.py", line 430, in app
    raw_response = await run_endpoint_function(
                   ^^^^^^^^^^^^^^^^^^^^^^^^^^^^
    ...<3 lines>...
    )
    ^
  File "/home/bharat/Documents/skepesis/venv/lib/python3.13/site-packages/fastapi/routing.py", line 316, in run_endpoint_function
    return await dependant.call(**values)
           ^^^^^^^^^^^^^^^^^^^^^^^^^^^^^^
  File "/home/bharat/Documents/skepesis/app/main.py", line 150, in curiosity_solver
    return RedirectResponse(url="/login")
           ^^^^^^^^^^^^^^^^
NameError: name 'RedirectResponse' is not defined
2025-12-19 22:18:39.589 | ERROR    | app.main | main.py:101 | general_exception_handler | Unhandled exception on /curiosity: name 'RedirectResponse' is not defined
Traceback (most recent call last):
  File "/home/bharat/Documents/skepesis/venv/lib/python3.13/site-packages/starlette/middleware/errors.py", line 164, in __call__
    await self.app(scope, receive, _send)
  File "/home/bharat/Documents/skepesis/venv/lib/python3.13/site-packages/starlette/middleware/base.py", line 191, in __call__
    with recv_stream, send_stream, collapse_excgroups():
                                   ~~~~~~~~~~~~~~~~~~^^
  File "/usr/lib/python3.13/contextlib.py", line 162, in __exit__
    self.gen.throw(value)
    ~~~~~~~~~~~~~~^^^^^^^
  File "/home/bharat/Documents/skepesis/venv/lib/python3.13/site-packages/starlette/_utils.py", line 85, in collapse_excgroups
    raise exc
  File "/home/bharat/Documents/skepesis/venv/lib/python3.13/site-packages/starlette/middleware/base.py", line 193, in __call__
    response = await self.dispatch_func(request, call_next)
               ^^^^^^^^^^^^^^^^^^^^^^^^^^^^^^^^^^^^^^^^^^^^
  File "/home/bharat/Documents/skepesis/app/main.py", line 86, in auth_middleware
    response = await call_next(request)
               ^^^^^^^^^^^^^^^^^^^^^^^^
  File "/home/bharat/Documents/skepesis/venv/lib/python3.13/site-packages/starlette/middleware/base.py", line 168, in call_next
    raise app_exc from app_exc.__cause__ or app_exc.__context__
  File "/home/bharat/Documents/skepesis/venv/lib/python3.13/site-packages/starlette/middleware/base.py", line 144, in coro
    await self.app(scope, receive_or_disconnect, send_no_error)
  File "/home/bharat/Documents/skepesis/venv/lib/python3.13/site-packages/starlette/middleware/exceptions.py", line 63, in __call__
    await wrap_app_handling_exceptions(self.app, conn)(scope, receive, send)
  File "/home/bharat/Documents/skepesis/venv/lib/python3.13/site-packages/starlette/_exception_handler.py", line 53, in wrapped_app
    raise exc
  File "/home/bharat/Documents/skepesis/venv/lib/python3.13/site-packages/starlette/_exception_handler.py", line 42, in wrapped_app
    await app(scope, receive, sender)
  File "/home/bharat/Documents/skepesis/venv/lib/python3.13/site-packages/fastapi/middleware/asyncexitstack.py", line 18, in __call__
    await self.app(scope, receive, send)
  File "/home/bharat/Documents/skepesis/venv/lib/python3.13/site-packages/starlette/routing.py", line 716, in __call__
    await self.middleware_stack(scope, receive, send)
  File "/home/bharat/Documents/skepesis/venv/lib/python3.13/site-packages/starlette/routing.py", line 736, in app
    await route.handle(scope, receive, send)
  File "/home/bharat/Documents/skepesis/venv/lib/python3.13/site-packages/starlette/routing.py", line 290, in handle
    await self.app(scope, receive, send)
  File "/home/bharat/Documents/skepesis/venv/lib/python3.13/site-packages/fastapi/routing.py", line 120, in app
    await wrap_app_handling_exceptions(app, request)(scope, receive, send)
  File "/home/bharat/Documents/skepesis/venv/lib/python3.13/site-packages/starlette/_exception_handler.py", line 53, in wrapped_app
    raise exc
  File "/home/bharat/Documents/skepesis/venv/lib/python3.13/site-packages/starlette/_exception_handler.py", line 42, in wrapped_app
    await app(scope, receive, sender)
  File "/home/bharat/Documents/skepesis/venv/lib/python3.13/site-packages/fastapi/routing.py", line 106, in app
    response = await f(request)
               ^^^^^^^^^^^^^^^^
  File "/home/bharat/Documents/skepesis/venv/lib/python3.13/site-packages/fastapi/routing.py", line 430, in app
    raw_response = await run_endpoint_function(
                   ^^^^^^^^^^^^^^^^^^^^^^^^^^^^
    ...<3 lines>...
    )
    ^
  File "/home/bharat/Documents/skepesis/venv/lib/python3.13/site-packages/fastapi/routing.py", line 316, in run_endpoint_function
    return await dependant.call(**values)
           ^^^^^^^^^^^^^^^^^^^^^^^^^^^^^^
  File "/home/bharat/Documents/skepesis/app/main.py", line 150, in curiosity_solver
    return RedirectResponse(url="/login")
           ^^^^^^^^^^^^^^^^
NameError: name 'RedirectResponse' is not defined
2025-12-19 22:18:39.746 | ERROR    | app.main | main.py:101 | general_exception_handler | Unhandled exception on /curiosity: name 'RedirectResponse' is not defined
Traceback (most recent call last):
  File "/home/bharat/Documents/skepesis/venv/lib/python3.13/site-packages/starlette/middleware/errors.py", line 164, in __call__
    await self.app(scope, receive, _send)
  File "/home/bharat/Documents/skepesis/venv/lib/python3.13/site-packages/starlette/middleware/base.py", line 191, in __call__
    with recv_stream, send_stream, collapse_excgroups():
                                   ~~~~~~~~~~~~~~~~~~^^
  File "/usr/lib/python3.13/contextlib.py", line 162, in __exit__
    self.gen.throw(value)
    ~~~~~~~~~~~~~~^^^^^^^
  File "/home/bharat/Documents/skepesis/venv/lib/python3.13/site-packages/starlette/_utils.py", line 85, in collapse_excgroups
    raise exc
  File "/home/bharat/Documents/skepesis/venv/lib/python3.13/site-packages/starlette/middleware/base.py", line 193, in __call__
    response = await self.dispatch_func(request, call_next)
               ^^^^^^^^^^^^^^^^^^^^^^^^^^^^^^^^^^^^^^^^^^^^
  File "/home/bharat/Documents/skepesis/app/main.py", line 86, in auth_middleware
    response = await call_next(request)
               ^^^^^^^^^^^^^^^^^^^^^^^^
  File "/home/bharat/Documents/skepesis/venv/lib/python3.13/site-packages/starlette/middleware/base.py", line 168, in call_next
    raise app_exc from app_exc.__cause__ or app_exc.__context__
  File "/home/bharat/Documents/skepesis/venv/lib/python3.13/site-packages/starlette/middleware/base.py", line 144, in coro
    await self.app(scope, receive_or_disconnect, send_no_error)
  File "/home/bharat/Documents/skepesis/venv/lib/python3.13/site-packages/starlette/middleware/exceptions.py", line 63, in __call__
    await wrap_app_handling_exceptions(self.app, conn)(scope, receive, send)
  File "/home/bharat/Documents/skepesis/venv/lib/python3.13/site-packages/starlette/_exception_handler.py", line 53, in wrapped_app
    raise exc
  File "/home/bharat/Documents/skepesis/venv/lib/python3.13/site-packages/starlette/_exception_handler.py", line 42, in wrapped_app
    await app(scope, receive, sender)
  File "/home/bharat/Documents/skepesis/venv/lib/python3.13/site-packages/fastapi/middleware/asyncexitstack.py", line 18, in __call__
    await self.app(scope, receive, send)
  File "/home/bharat/Documents/skepesis/venv/lib/python3.13/site-packages/starlette/routing.py", line 716, in __call__
    await self.middleware_stack(scope, receive, send)
  File "/home/bharat/Documents/skepesis/venv/lib/python3.13/site-packages/starlette/routing.py", line 736, in app
    await route.handle(scope, receive, send)
  File "/home/bharat/Documents/skepesis/venv/lib/python3.13/site-packages/starlette/routing.py", line 290, in handle
    await self.app(scope, receive, send)
  File "/home/bharat/Documents/skepesis/venv/lib/python3.13/site-packages/fastapi/routing.py", line 120, in app
    await wrap_app_handling_exceptions(app, request)(scope, receive, send)
  File "/home/bharat/Documents/skepesis/venv/lib/python3.13/site-packages/starlette/_exception_handler.py", line 53, in wrapped_app
    raise exc
  File "/home/bharat/Documents/skepesis/venv/lib/python3.13/site-packages/starlette/_exception_handler.py", line 42, in wrapped_app
    await app(scope, receive, sender)
  File "/home/bharat/Documents/skepesis/venv/lib/python3.13/site-packages/fastapi/routing.py", line 106, in app
    response = await f(request)
               ^^^^^^^^^^^^^^^^
  File "/home/bharat/Documents/skepesis/venv/lib/python3.13/site-packages/fastapi/routing.py", line 430, in app
    raw_response = await run_endpoint_function(
                   ^^^^^^^^^^^^^^^^^^^^^^^^^^^^
    ...<3 lines>...
    )
    ^
  File "/home/bharat/Documents/skepesis/venv/lib/python3.13/site-packages/fastapi/routing.py", line 316, in run_endpoint_function
    return await dependant.call(**values)
           ^^^^^^^^^^^^^^^^^^^^^^^^^^^^^^
  File "/home/bharat/Documents/skepesis/app/main.py", line 150, in curiosity_solver
    return RedirectResponse(url="/login")
           ^^^^^^^^^^^^^^^^
NameError: name 'RedirectResponse' is not defined
2025-12-19 22:18:39.911 | ERROR    | app.main | main.py:101 | general_exception_handler | Unhandled exception on /curiosity: name 'RedirectResponse' is not defined
Traceback (most recent call last):
  File "/home/bharat/Documents/skepesis/venv/lib/python3.13/site-packages/starlette/middleware/errors.py", line 164, in __call__
    await self.app(scope, receive, _send)
  File "/home/bharat/Documents/skepesis/venv/lib/python3.13/site-packages/starlette/middleware/base.py", line 191, in __call__
    with recv_stream, send_stream, collapse_excgroups():
                                   ~~~~~~~~~~~~~~~~~~^^
  File "/usr/lib/python3.13/contextlib.py", line 162, in __exit__
    self.gen.throw(value)
    ~~~~~~~~~~~~~~^^^^^^^
  File "/home/bharat/Documents/skepesis/venv/lib/python3.13/site-packages/starlette/_utils.py", line 85, in collapse_excgroups
    raise exc
  File "/home/bharat/Documents/skepesis/venv/lib/python3.13/site-packages/starlette/middleware/base.py", line 193, in __call__
    response = await self.dispatch_func(request, call_next)
               ^^^^^^^^^^^^^^^^^^^^^^^^^^^^^^^^^^^^^^^^^^^^
  File "/home/bharat/Documents/skepesis/app/main.py", line 86, in auth_middleware
    response = await call_next(request)
               ^^^^^^^^^^^^^^^^^^^^^^^^
  File "/home/bharat/Documents/skepesis/venv/lib/python3.13/site-packages/starlette/middleware/base.py", line 168, in call_next
    raise app_exc from app_exc.__cause__ or app_exc.__context__
  File "/home/bharat/Documents/skepesis/venv/lib/python3.13/site-packages/starlette/middleware/base.py", line 144, in coro
    await self.app(scope, receive_or_disconnect, send_no_error)
  File "/home/bharat/Documents/skepesis/venv/lib/python3.13/site-packages/starlette/middleware/exceptions.py", line 63, in __call__
    await wrap_app_handling_exceptions(self.app, conn)(scope, receive, send)
  File "/home/bharat/Documents/skepesis/venv/lib/python3.13/site-packages/starlette/_exception_handler.py", line 53, in wrapped_app
    raise exc
  File "/home/bharat/Documents/skepesis/venv/lib/python3.13/site-packages/starlette/_exception_handler.py", line 42, in wrapped_app
    await app(scope, receive, sender)
  File "/home/bharat/Documents/skepesis/venv/lib/python3.13/site-packages/fastapi/middleware/asyncexitstack.py", line 18, in __call__
    await self.app(scope, receive, send)
  File "/home/bharat/Documents/skepesis/venv/lib/python3.13/site-packages/starlette/routing.py", line 716, in __call__
    await self.middleware_stack(scope, receive, send)
  File "/home/bharat/Documents/skepesis/venv/lib/python3.13/site-packages/starlette/routing.py", line 736, in app
    await route.handle(scope, receive, send)
  File "/home/bharat/Documents/skepesis/venv/lib/python3.13/site-packages/starlette/routing.py", line 290, in handle
    await self.app(scope, receive, send)
  File "/home/bharat/Documents/skepesis/venv/lib/python3.13/site-packages/fastapi/routing.py", line 120, in app
    await wrap_app_handling_exceptions(app, request)(scope, receive, send)
  File "/home/bharat/Documents/skepesis/venv/lib/python3.13/site-packages/starlette/_exception_handler.py", line 53, in wrapped_app
    raise exc
  File "/home/bharat/Documents/skepesis/venv/lib/python3.13/site-packages/starlette/_exception_handler.py", line 42, in wrapped_app
    await app(scope, receive, sender)
  File "/home/bharat/Documents/skepesis/venv/lib/python3.13/site-packages/fastapi/routing.py", line 106, in app
    response = await f(request)
               ^^^^^^^^^^^^^^^^
  File "/home/bharat/Documents/skepesis/venv/lib/python3.13/site-packages/fastapi/routing.py", line 430, in app
    raw_response = await run_endpoint_function(
                   ^^^^^^^^^^^^^^^^^^^^^^^^^^^^
    ...<3 lines>...
    )
    ^
  File "/home/bharat/Documents/skepesis/venv/lib/python3.13/site-packages/fastapi/routing.py", line 316, in run_endpoint_function
    return await dependant.call(**values)
           ^^^^^^^^^^^^^^^^^^^^^^^^^^^^^^
  File "/home/bharat/Documents/skepesis/app/main.py", line 150, in curiosity_solver
    return RedirectResponse(url="/login")
           ^^^^^^^^^^^^^^^^
NameError: name 'RedirectResponse' is not defined
2025-12-19 22:18:58.669 | INFO     | app.main | main.py:46 | lifespan | Application shutdown
2025-12-19 22:19:59.189 | INFO     | app.initial_data | initial_data.py:15 | init_db | Database tables created successfully
2025-12-19 22:19:59.189 | INFO     | app.main | main.py:41 | lifespan | Application startup complete
2025-12-19 22:21:10.933 | INFO     | app.main | main.py:47 | lifespan | Application shutdown
2025-12-19 22:26:46.891 | INFO     | app.initial_data | initial_data.py:15 | init_db | Database tables created successfully
2025-12-19 22:26:46.891 | INFO     | app.main | main.py:41 | lifespan | Application startup complete
2025-12-19 23:10:22.588 | INFO     | app.initial_data | initial_data.py:15 | init_db | Database tables created successfully
2025-12-19 23:10:22.588 | INFO     | app.main | main.py:41 | lifespan | Application startup complete
2025-12-19 23:14:47.090 | ERROR    | app.main | main.py:102 | general_exception_handler | Unhandled exception on /profile: 'app.models.user.User object' has no attribute 'name'
Traceback (most recent call last):
  File "/home/bharat/Documents/skepesis/venv/lib/python3.13/site-packages/starlette/middleware/errors.py", line 164, in __call__
    await self.app(scope, receive, _send)
  File "/home/bharat/Documents/skepesis/venv/lib/python3.13/site-packages/starlette/middleware/base.py", line 191, in __call__
    with recv_stream, send_stream, collapse_excgroups():
                                   ~~~~~~~~~~~~~~~~~~^^
  File "/usr/lib/python3.13/contextlib.py", line 162, in __exit__
    self.gen.throw(value)
    ~~~~~~~~~~~~~~^^^^^^^
  File "/home/bharat/Documents/skepesis/venv/lib/python3.13/site-packages/starlette/_utils.py", line 85, in collapse_excgroups
    raise exc
  File "/home/bharat/Documents/skepesis/venv/lib/python3.13/site-packages/starlette/middleware/base.py", line 193, in __call__
    response = await self.dispatch_func(request, call_next)
               ^^^^^^^^^^^^^^^^^^^^^^^^^^^^^^^^^^^^^^^^^^^^
  File "/home/bharat/Documents/skepesis/app/main.py", line 87, in auth_middleware
    response = await call_next(request)
               ^^^^^^^^^^^^^^^^^^^^^^^^
  File "/home/bharat/Documents/skepesis/venv/lib/python3.13/site-packages/starlette/middleware/base.py", line 168, in call_next
    raise app_exc from app_exc.__cause__ or app_exc.__context__
  File "/home/bharat/Documents/skepesis/venv/lib/python3.13/site-packages/starlette/middleware/base.py", line 144, in coro
    await self.app(scope, receive_or_disconnect, send_no_error)
  File "/home/bharat/Documents/skepesis/venv/lib/python3.13/site-packages/starlette/middleware/exceptions.py", line 63, in __call__
    await wrap_app_handling_exceptions(self.app, conn)(scope, receive, send)
  File "/home/bharat/Documents/skepesis/venv/lib/python3.13/site-packages/starlette/_exception_handler.py", line 53, in wrapped_app
    raise exc
  File "/home/bharat/Documents/skepesis/venv/lib/python3.13/site-packages/starlette/_exception_handler.py", line 42, in wrapped_app
    await app(scope, receive, sender)
  File "/home/bharat/Documents/skepesis/venv/lib/python3.13/site-packages/fastapi/middleware/asyncexitstack.py", line 18, in __call__
    await self.app(scope, receive, send)
  File "/home/bharat/Documents/skepesis/venv/lib/python3.13/site-packages/starlette/routing.py", line 716, in __call__
    await self.middleware_stack(scope, receive, send)
  File "/home/bharat/Documents/skepesis/venv/lib/python3.13/site-packages/starlette/routing.py", line 736, in app
    await route.handle(scope, receive, send)
  File "/home/bharat/Documents/skepesis/venv/lib/python3.13/site-packages/starlette/routing.py", line 290, in handle
    await self.app(scope, receive, send)
  File "/home/bharat/Documents/skepesis/venv/lib/python3.13/site-packages/fastapi/routing.py", line 120, in app
    await wrap_app_handling_exceptions(app, request)(scope, receive, send)
  File "/home/bharat/Documents/skepesis/venv/lib/python3.13/site-packages/starlette/_exception_handler.py", line 53, in wrapped_app
    raise exc
  File "/home/bharat/Documents/skepesis/venv/lib/python3.13/site-packages/starlette/_exception_handler.py", line 42, in wrapped_app
    await app(scope, receive, sender)
  File "/home/bharat/Documents/skepesis/venv/lib/python3.13/site-packages/fastapi/routing.py", line 106, in app
    response = await f(request)
               ^^^^^^^^^^^^^^^^
  File "/home/bharat/Documents/skepesis/venv/lib/python3.13/site-packages/fastapi/routing.py", line 430, in app
    raw_response = await run_endpoint_function(
                   ^^^^^^^^^^^^^^^^^^^^^^^^^^^^
    ...<3 lines>...
    )
    ^
  File "/home/bharat/Documents/skepesis/venv/lib/python3.13/site-packages/fastapi/routing.py", line 316, in run_endpoint_function
    return await dependant.call(**values)
           ^^^^^^^^^^^^^^^^^^^^^^^^^^^^^^
  File "/home/bharat/Documents/skepesis/app/routers/auth.py", line 79, in profile
    return templates.TemplateResponse("profile.html", {"request": request, "user": user})
           ~~~~~~~~~~~~~~~~~~~~~~~~~~^^^^^^^^^^^^^^^^^^^^^^^^^^^^^^^^^^^^^^^^^^^^^^^^^^^^
  File "/home/bharat/Documents/skepesis/venv/lib/python3.13/site-packages/starlette/templating.py", line 210, in TemplateResponse
    return _TemplateResponse(
        template,
    ...<4 lines>...
        background=background,
    )
  File "/home/bharat/Documents/skepesis/venv/lib/python3.13/site-packages/starlette/templating.py", line 41, in __init__
    content = template.render(context)
  File "/home/bharat/Documents/skepesis/venv/lib/python3.13/site-packages/jinja2/environment.py", line 1295, in render
    self.environment.handle_exception()
    ~~~~~~~~~~~~~~~~~~~~~~~~~~~~~~~~~^^
  File "/home/bharat/Documents/skepesis/venv/lib/python3.13/site-packages/jinja2/environment.py", line 942, in handle_exception
    raise rewrite_traceback_stack(source=source)
  File "app/templates/profile.html", line 1, in top-level template code
    {% extends "base.html" %}
  File "app/templates/base.html", line 36, in top-level template code
    <main>{% block content %}{% endblock %}</main>
    ^^^^^^^^^^^^^^^^^^^^^
  File "app/templates/profile.html", line 10, in block 'content'
    <span>{{ user.name[0] }}</span>
    ^
  File "/home/bharat/Documents/skepesis/venv/lib/python3.13/site-packages/jinja2/environment.py", line 471, in getitem
    return obj[argument]
           ~~~^^^^^^^^^^
jinja2.exceptions.UndefinedError: 'app.models.user.User object' has no attribute 'name'
2025-12-19 23:14:49.347 | ERROR    | app.main | main.py:102 | general_exception_handler | Unhandled exception on /profile: 'app.models.user.User object' has no attribute 'name'
Traceback (most recent call last):
  File "/home/bharat/Documents/skepesis/venv/lib/python3.13/site-packages/starlette/middleware/errors.py", line 164, in __call__
    await self.app(scope, receive, _send)
  File "/home/bharat/Documents/skepesis/venv/lib/python3.13/site-packages/starlette/middleware/base.py", line 191, in __call__
    with recv_stream, send_stream, collapse_excgroups():
                                   ~~~~~~~~~~~~~~~~~~^^
  File "/usr/lib/python3.13/contextlib.py", line 162, in __exit__
    self.gen.throw(value)
    ~~~~~~~~~~~~~~^^^^^^^
  File "/home/bharat/Documents/skepesis/venv/lib/python3.13/site-packages/starlette/_utils.py", line 85, in collapse_excgroups
    raise exc
  File "/home/bharat/Documents/skepesis/venv/lib/python3.13/site-packages/starlette/middleware/base.py", line 193, in __call__
    response = await self.dispatch_func(request, call_next)
               ^^^^^^^^^^^^^^^^^^^^^^^^^^^^^^^^^^^^^^^^^^^^
  File "/home/bharat/Documents/skepesis/app/main.py", line 87, in auth_middleware
    response = await call_next(request)
               ^^^^^^^^^^^^^^^^^^^^^^^^
  File "/home/bharat/Documents/skepesis/venv/lib/python3.13/site-packages/starlette/middleware/base.py", line 168, in call_next
    raise app_exc from app_exc.__cause__ or app_exc.__context__
  File "/home/bharat/Documents/skepesis/venv/lib/python3.13/site-packages/starlette/middleware/base.py", line 144, in coro
    await self.app(scope, receive_or_disconnect, send_no_error)
  File "/home/bharat/Documents/skepesis/venv/lib/python3.13/site-packages/starlette/middleware/exceptions.py", line 63, in __call__
    await wrap_app_handling_exceptions(self.app, conn)(scope, receive, send)
  File "/home/bharat/Documents/skepesis/venv/lib/python3.13/site-packages/starlette/_exception_handler.py", line 53, in wrapped_app
    raise exc
  File "/home/bharat/Documents/skepesis/venv/lib/python3.13/site-packages/starlette/_exception_handler.py", line 42, in wrapped_app
    await app(scope, receive, sender)
  File "/home/bharat/Documents/skepesis/venv/lib/python3.13/site-packages/fastapi/middleware/asyncexitstack.py", line 18, in __call__
    await self.app(scope, receive, send)
  File "/home/bharat/Documents/skepesis/venv/lib/python3.13/site-packages/starlette/routing.py", line 716, in __call__
    await self.middleware_stack(scope, receive, send)
  File "/home/bharat/Documents/skepesis/venv/lib/python3.13/site-packages/starlette/routing.py", line 736, in app
    await route.handle(scope, receive, send)
  File "/home/bharat/Documents/skepesis/venv/lib/python3.13/site-packages/starlette/routing.py", line 290, in handle
    await self.app(scope, receive, send)
  File "/home/bharat/Documents/skepesis/venv/lib/python3.13/site-packages/fastapi/routing.py", line 120, in app
    await wrap_app_handling_exceptions(app, request)(scope, receive, send)
  File "/home/bharat/Documents/skepesis/venv/lib/python3.13/site-packages/starlette/_exception_handler.py", line 53, in wrapped_app
    raise exc
  File "/home/bharat/Documents/skepesis/venv/lib/python3.13/site-packages/starlette/_exception_handler.py", line 42, in wrapped_app
    await app(scope, receive, sender)
  File "/home/bharat/Documents/skepesis/venv/lib/python3.13/site-packages/fastapi/routing.py", line 106, in app
    response = await f(request)
               ^^^^^^^^^^^^^^^^
  File "/home/bharat/Documents/skepesis/venv/lib/python3.13/site-packages/fastapi/routing.py", line 430, in app
    raw_response = await run_endpoint_function(
                   ^^^^^^^^^^^^^^^^^^^^^^^^^^^^
    ...<3 lines>...
    )
    ^
  File "/home/bharat/Documents/skepesis/venv/lib/python3.13/site-packages/fastapi/routing.py", line 316, in run_endpoint_function
    return await dependant.call(**values)
           ^^^^^^^^^^^^^^^^^^^^^^^^^^^^^^
  File "/home/bharat/Documents/skepesis/app/routers/auth.py", line 79, in profile
    return templates.TemplateResponse("profile.html", {"request": request, "user": user})
           ~~~~~~~~~~~~~~~~~~~~~~~~~~^^^^^^^^^^^^^^^^^^^^^^^^^^^^^^^^^^^^^^^^^^^^^^^^^^^^
  File "/home/bharat/Documents/skepesis/venv/lib/python3.13/site-packages/starlette/templating.py", line 210, in TemplateResponse
    return _TemplateResponse(
        template,
    ...<4 lines>...
        background=background,
    )
  File "/home/bharat/Documents/skepesis/venv/lib/python3.13/site-packages/starlette/templating.py", line 41, in __init__
    content = template.render(context)
  File "/home/bharat/Documents/skepesis/venv/lib/python3.13/site-packages/jinja2/environment.py", line 1295, in render
    self.environment.handle_exception()
    ~~~~~~~~~~~~~~~~~~~~~~~~~~~~~~~~~^^
  File "/home/bharat/Documents/skepesis/venv/lib/python3.13/site-packages/jinja2/environment.py", line 942, in handle_exception
    raise rewrite_traceback_stack(source=source)
  File "app/templates/profile.html", line 1, in top-level template code
    {% extends "base.html" %}
  File "app/templates/base.html", line 36, in top-level template code
    <main>{% block content %}{% endblock %}</main>
    ^^^^^^^^^^^^^^^^^^^^^
  File "app/templates/profile.html", line 10, in block 'content'
    <span>{{ user.name[0] }}</span>
    ^
  File "/home/bharat/Documents/skepesis/venv/lib/python3.13/site-packages/jinja2/environment.py", line 471, in getitem
    return obj[argument]
           ~~~^^^^^^^^^^
jinja2.exceptions.UndefinedError: 'app.models.user.User object' has no attribute 'name'
2025-12-19 23:14:49.953 | ERROR    | app.main | main.py:102 | general_exception_handler | Unhandled exception on /profile: 'app.models.user.User object' has no attribute 'name'
Traceback (most recent call last):
  File "/home/bharat/Documents/skepesis/venv/lib/python3.13/site-packages/starlette/middleware/errors.py", line 164, in __call__
    await self.app(scope, receive, _send)
  File "/home/bharat/Documents/skepesis/venv/lib/python3.13/site-packages/starlette/middleware/base.py", line 191, in __call__
    with recv_stream, send_stream, collapse_excgroups():
                                   ~~~~~~~~~~~~~~~~~~^^
  File "/usr/lib/python3.13/contextlib.py", line 162, in __exit__
    self.gen.throw(value)
    ~~~~~~~~~~~~~~^^^^^^^
  File "/home/bharat/Documents/skepesis/venv/lib/python3.13/site-packages/starlette/_utils.py", line 85, in collapse_excgroups
    raise exc
  File "/home/bharat/Documents/skepesis/venv/lib/python3.13/site-packages/starlette/middleware/base.py", line 193, in __call__
    response = await self.dispatch_func(request, call_next)
               ^^^^^^^^^^^^^^^^^^^^^^^^^^^^^^^^^^^^^^^^^^^^
  File "/home/bharat/Documents/skepesis/app/main.py", line 87, in auth_middleware
    response = await call_next(request)
               ^^^^^^^^^^^^^^^^^^^^^^^^
  File "/home/bharat/Documents/skepesis/venv/lib/python3.13/site-packages/starlette/middleware/base.py", line 168, in call_next
    raise app_exc from app_exc.__cause__ or app_exc.__context__
  File "/home/bharat/Documents/skepesis/venv/lib/python3.13/site-packages/starlette/middleware/base.py", line 144, in coro
    await self.app(scope, receive_or_disconnect, send_no_error)
  File "/home/bharat/Documents/skepesis/venv/lib/python3.13/site-packages/starlette/middleware/exceptions.py", line 63, in __call__
    await wrap_app_handling_exceptions(self.app, conn)(scope, receive, send)
  File "/home/bharat/Documents/skepesis/venv/lib/python3.13/site-packages/starlette/_exception_handler.py", line 53, in wrapped_app
    raise exc
  File "/home/bharat/Documents/skepesis/venv/lib/python3.13/site-packages/starlette/_exception_handler.py", line 42, in wrapped_app
    await app(scope, receive, sender)
  File "/home/bharat/Documents/skepesis/venv/lib/python3.13/site-packages/fastapi/middleware/asyncexitstack.py", line 18, in __call__
    await self.app(scope, receive, send)
  File "/home/bharat/Documents/skepesis/venv/lib/python3.13/site-packages/starlette/routing.py", line 716, in __call__
    await self.middleware_stack(scope, receive, send)
  File "/home/bharat/Documents/skepesis/venv/lib/python3.13/site-packages/starlette/routing.py", line 736, in app
    await route.handle(scope, receive, send)
  File "/home/bharat/Documents/skepesis/venv/lib/python3.13/site-packages/starlette/routing.py", line 290, in handle
    await self.app(scope, receive, send)
  File "/home/bharat/Documents/skepesis/venv/lib/python3.13/site-packages/fastapi/routing.py", line 120, in app
    await wrap_app_handling_exceptions(app, request)(scope, receive, send)
  File "/home/bharat/Documents/skepesis/venv/lib/python3.13/site-packages/starlette/_exception_handler.py", line 53, in wrapped_app
    raise exc
  File "/home/bharat/Documents/skepesis/venv/lib/python3.13/site-packages/starlette/_exception_handler.py", line 42, in wrapped_app
    await app(scope, receive, sender)
  File "/home/bharat/Documents/skepesis/venv/lib/python3.13/site-packages/fastapi/routing.py", line 106, in app
    response = await f(request)
               ^^^^^^^^^^^^^^^^
  File "/home/bharat/Documents/skepesis/venv/lib/python3.13/site-packages/fastapi/routing.py", line 430, in app
    raw_response = await run_endpoint_function(
                   ^^^^^^^^^^^^^^^^^^^^^^^^^^^^
    ...<3 lines>...
    )
    ^
  File "/home/bharat/Documents/skepesis/venv/lib/python3.13/site-packages/fastapi/routing.py", line 316, in run_endpoint_function
    return await dependant.call(**values)
           ^^^^^^^^^^^^^^^^^^^^^^^^^^^^^^
  File "/home/bharat/Documents/skepesis/app/routers/auth.py", line 79, in profile
    return templates.TemplateResponse("profile.html", {"request": request, "user": user})
           ~~~~~~~~~~~~~~~~~~~~~~~~~~^^^^^^^^^^^^^^^^^^^^^^^^^^^^^^^^^^^^^^^^^^^^^^^^^^^^
  File "/home/bharat/Documents/skepesis/venv/lib/python3.13/site-packages/starlette/templating.py", line 210, in TemplateResponse
    return _TemplateResponse(
        template,
    ...<4 lines>...
        background=background,
    )
  File "/home/bharat/Documents/skepesis/venv/lib/python3.13/site-packages/starlette/templating.py", line 41, in __init__
    content = template.render(context)
  File "/home/bharat/Documents/skepesis/venv/lib/python3.13/site-packages/jinja2/environment.py", line 1295, in render
    self.environment.handle_exception()
    ~~~~~~~~~~~~~~~~~~~~~~~~~~~~~~~~~^^
  File "/home/bharat/Documents/skepesis/venv/lib/python3.13/site-packages/jinja2/environment.py", line 942, in handle_exception
    raise rewrite_traceback_stack(source=source)
  File "app/templates/profile.html", line 1, in top-level template code
    {% extends "base.html" %}
  File "app/templates/base.html", line 36, in top-level template code
    <main>{% block content %}{% endblock %}</main>
    ^^^^^^^^^^^^^^^^^^^^^
  File "app/templates/profile.html", line 10, in block 'content'
    <span>{{ user.name[0] }}</span>
    ^
  File "/home/bharat/Documents/skepesis/venv/lib/python3.13/site-packages/jinja2/environment.py", line 471, in getitem
    return obj[argument]
           ~~~^^^^^^^^^^
jinja2.exceptions.UndefinedError: 'app.models.user.User object' has no attribute 'name'
2025-12-20 08:27:06.904 | INFO     | app.initial_data | initial_data.py:15 | init_db | Database tables created successfully
2025-12-20 08:27:06.904 | INFO     | app.main | main.py:41 | lifespan | Application startup complete
2025-12-20 08:32:56.798 | WARNING  | app.services.llm | llm.py:846 | health_check | LLM health check failed: All connection attempts failed
2025-12-20 08:33:15.714 | WARNING  | app.services.llm | llm.py:846 | health_check | LLM health check failed: All connection attempts failed
2025-12-20 08:33:53.017 | INFO     | app.routers.llm | llm.py:179 | generate_insight | Insight request
2025-12-20 08:33:53.023 | INFO     | app.routers.llm | llm.py:179 | generate_insight | Insight request
2025-12-20 08:33:53.024 | INFO     | app.routers.llm | llm.py:179 | generate_insight | Insight request
2025-12-20 08:34:04.139 | INFO     | app.services.llm | llm.py:801 | _execute_generation | LLM generation successful
2025-12-20 08:34:04.140 | INFO     | app.routers.llm | llm.py:195 | generate_insight | Insight generated
2025-12-20 08:34:09.895 | INFO     | app.services.llm | llm.py:801 | _execute_generation | LLM generation successful
2025-12-20 08:34:09.896 | INFO     | app.routers.llm | llm.py:195 | generate_insight | Insight generated
2025-12-20 08:34:14.936 | INFO     | app.services.llm | llm.py:801 | _execute_generation | LLM generation successful
2025-12-20 08:34:14.936 | INFO     | app.routers.llm | llm.py:195 | generate_insight | Insight generated
2025-12-20 10:04:16.676 | INFO     | app.initial_data | initial_data.py:15 | init_db | Database tables created successfully
2025-12-20 10:04:16.677 | INFO     | app.main | main.py:41 | lifespan | Application startup complete
2025-12-20 10:05:00.090 | INFO     | app.routers.llm | llm.py:179 | generate_insight | Insight request
2025-12-20 10:05:00.098 | INFO     | app.routers.llm | llm.py:179 | generate_insight | Insight request
2025-12-20 10:05:00.099 | INFO     | app.routers.llm | llm.py:179 | generate_insight | Insight request
2025-12-20 10:05:08.650 | INFO     | app.services.llm | llm.py:801 | _execute_generation | LLM generation successful
2025-12-20 10:05:08.650 | INFO     | app.routers.llm | llm.py:195 | generate_insight | Insight generated
2025-12-20 10:05:15.788 | INFO     | app.services.llm | llm.py:801 | _execute_generation | LLM generation successful
2025-12-20 10:05:15.788 | INFO     | app.routers.llm | llm.py:195 | generate_insight | Insight generated
2025-12-20 10:05:20.978 | INFO     | app.services.llm | llm.py:801 | _execute_generation | LLM generation successful
2025-12-20 10:05:20.978 | INFO     | app.routers.llm | llm.py:195 | generate_insight | Insight generated
2025-12-20 10:07:22.657 | INFO     | app.main | main.py:47 | lifespan | Application shutdown
2025-12-20 10:07:23.122 | INFO     | app.initial_data | initial_data.py:15 | init_db | Database tables created successfully
2025-12-20 10:07:23.122 | INFO     | app.main | main.py:41 | lifespan | Application startup complete
2025-12-20 10:07:40.669 | INFO     | app.main | main.py:47 | lifespan | Application shutdown
2025-12-20 10:07:41.101 | INFO     | app.initial_data | initial_data.py:15 | init_db | Database tables created successfully
2025-12-20 10:07:41.101 | INFO     | app.main | main.py:41 | lifespan | Application startup complete
2025-12-20 10:08:28.624 | INFO     | app.main | main.py:47 | lifespan | Application shutdown
2025-12-20 10:08:29.070 | INFO     | app.initial_data | initial_data.py:15 | init_db | Database tables created successfully
2025-12-20 10:08:29.070 | INFO     | app.main | main.py:41 | lifespan | Application startup complete
2025-12-20 10:08:54.031 | INFO     | app.main | main.py:47 | lifespan | Application shutdown
2025-12-20 10:08:54.473 | INFO     | app.initial_data | initial_data.py:15 | init_db | Database tables created successfully
2025-12-20 10:08:54.474 | INFO     | app.main | main.py:41 | lifespan | Application startup complete
2025-12-20 10:09:26.859 | INFO     | app.main | main.py:47 | lifespan | Application shutdown
2025-12-20 10:09:27.340 | INFO     | app.initial_data | initial_data.py:15 | init_db | Database tables created successfully
2025-12-20 10:09:27.340 | INFO     | app.main | main.py:41 | lifespan | Application startup complete
2025-12-20 10:09:27.815 | INFO     | app.initial_data | initial_data.py:15 | init_db | Database tables created successfully
2025-12-20 10:09:27.815 | INFO     | app.main | main.py:41 | lifespan | Application startup complete
2025-12-20 10:09:32.226 | INFO     | app.main | main.py:47 | lifespan | Application shutdown
2025-12-20 10:09:32.688 | INFO     | app.initial_data | initial_data.py:15 | init_db | Database tables created successfully
2025-12-20 10:09:32.689 | INFO     | app.main | main.py:41 | lifespan | Application startup complete
2025-12-20 10:10:42.073 | INFO     | app.main | main.py:47 | lifespan | Application shutdown
2025-12-20 10:10:42.541 | INFO     | app.initial_data | initial_data.py:15 | init_db | Database tables created successfully
2025-12-20 10:10:42.542 | INFO     | app.main | main.py:41 | lifespan | Application startup complete
2025-12-20 10:10:44.647 | INFO     | app.main | main.py:47 | lifespan | Application shutdown
2025-12-20 10:10:45.162 | INFO     | app.initial_data | initial_data.py:15 | init_db | Database tables created successfully
2025-12-20 10:10:45.162 | INFO     | app.main | main.py:41 | lifespan | Application startup complete
2025-12-20 10:10:46.163 | INFO     | app.main | main.py:47 | lifespan | Application shutdown
2025-12-20 10:10:46.655 | INFO     | app.initial_data | initial_data.py:15 | init_db | Database tables created successfully
2025-12-20 10:10:46.655 | INFO     | app.main | main.py:41 | lifespan | Application startup complete
2025-12-20 10:10:51.266 | INFO     | app.main | main.py:47 | lifespan | Application shutdown
2025-12-20 10:10:51.712 | INFO     | app.initial_data | initial_data.py:15 | init_db | Database tables created successfully
2025-12-20 10:10:51.712 | INFO     | app.main | main.py:41 | lifespan | Application startup complete
2025-12-20 10:11:11.260 | INFO     | app.main | main.py:47 | lifespan | Application shutdown
2025-12-20 10:11:11.722 | INFO     | app.initial_data | initial_data.py:15 | init_db | Database tables created successfully
2025-12-20 10:11:11.722 | INFO     | app.main | main.py:41 | lifespan | Application startup complete
2025-12-20 10:11:58.952 | INFO     | app.main | main.py:47 | lifespan | Application shutdown
2025-12-20 10:11:59.416 | INFO     | app.initial_data | initial_data.py:15 | init_db | Database tables created successfully
2025-12-20 10:11:59.416 | INFO     | app.main | main.py:41 | lifespan | Application startup complete
2025-12-20 10:12:26.501 | INFO     | app.main | main.py:47 | lifespan | Application shutdown
2025-12-20 10:12:26.945 | INFO     | app.initial_data | initial_data.py:15 | init_db | Database tables created successfully
2025-12-20 10:12:26.945 | INFO     | app.main | main.py:41 | lifespan | Application startup complete
2025-12-20 10:13:51.350 | INFO     | app.main | main.py:47 | lifespan | Application shutdown
2025-12-20 10:13:51.861 | INFO     | app.initial_data | initial_data.py:15 | init_db | Database tables created successfully
2025-12-20 10:13:51.861 | INFO     | app.main | main.py:41 | lifespan | Application startup complete
2025-12-20 10:13:52.346 | INFO     | app.initial_data | initial_data.py:15 | init_db | Database tables created successfully
2025-12-20 10:13:52.346 | INFO     | app.main | main.py:41 | lifespan | Application startup complete
2025-12-20 10:13:54.651 | INFO     | app.main | main.py:47 | lifespan | Application shutdown
2025-12-20 10:13:55.110 | INFO     | app.initial_data | initial_data.py:15 | init_db | Database tables created successfully
2025-12-20 10:13:55.110 | INFO     | app.main | main.py:41 | lifespan | Application startup complete
2025-12-20 10:15:21.536 | INFO     | app.main | main.py:47 | lifespan | Application shutdown
2025-12-20 10:15:22.041 | INFO     | app.initial_data | initial_data.py:15 | init_db | Database tables created successfully
2025-12-20 10:15:22.041 | INFO     | app.main | main.py:41 | lifespan | Application startup complete
2025-12-20 10:15:50.699 | ERROR    | app.database | database.py:31 | get_db | Database session error: (sqlite3.OperationalError) no such column: users.role
[SQL: SELECT users.id AS users_id, users.email AS users_email, users.username AS users_username, users.hashed_password AS users_hashed_password, users.is_active AS users_is_active, users.created_at AS users_created_at, users.role AS users_role 
FROM users 
WHERE users.email = ?
 LIMIT ? OFFSET ?]
[parameters: ('bharat3244m@gmail.com', 1, 0)]
(Background on this error at: https://sqlalche.me/e/20/e3q8)
2025-12-20 10:15:50.699 | ERROR    | app.main | main.py:102 | general_exception_handler | Unhandled exception on /login: (sqlite3.OperationalError) no such column: users.role
[SQL: SELECT users.id AS users_id, users.email AS users_email, users.username AS users_username, users.hashed_password AS users_hashed_password, users.is_active AS users_is_active, users.created_at AS users_created_at, users.role AS users_role 
FROM users 
WHERE users.email = ?
 LIMIT ? OFFSET ?]
[parameters: ('bharat3244m@gmail.com', 1, 0)]
(Background on this error at: https://sqlalche.me/e/20/e3q8)
Traceback (most recent call last):
  File "/home/bharat/Documents/skepesis/venv/lib/python3.13/site-packages/sqlalchemy/engine/base.py", line 1967, in _exec_single_context
    self.dialect.do_execute(
    ~~~~~~~~~~~~~~~~~~~~~~~^
        cursor, str_statement, effective_parameters, context
        ^^^^^^^^^^^^^^^^^^^^^^^^^^^^^^^^^^^^^^^^^^^^^^^^^^^^
    )
    ^
  File "/home/bharat/Documents/skepesis/venv/lib/python3.13/site-packages/sqlalchemy/engine/default.py", line 952, in do_execute
    cursor.execute(statement, parameters)
    ~~~~~~~~~~~~~~^^^^^^^^^^^^^^^^^^^^^^^
sqlite3.OperationalError: no such column: users.role

The above exception was the direct cause of the following exception:

Traceback (most recent call last):
  File "/home/bharat/Documents/skepesis/venv/lib/python3.13/site-packages/starlette/middleware/errors.py", line 164, in __call__
    await self.app(scope, receive, _send)
  File "/home/bharat/Documents/skepesis/venv/lib/python3.13/site-packages/starlette/middleware/base.py", line 191, in __call__
    with recv_stream, send_stream, collapse_excgroups():
                                   ~~~~~~~~~~~~~~~~~~^^
  File "/usr/lib/python3.13/contextlib.py", line 162, in __exit__
    self.gen.throw(value)
    ~~~~~~~~~~~~~~^^^^^^^
  File "/home/bharat/Documents/skepesis/venv/lib/python3.13/site-packages/starlette/_utils.py", line 85, in collapse_excgroups
    raise exc
  File "/home/bharat/Documents/skepesis/venv/lib/python3.13/site-packages/starlette/middleware/base.py", line 193, in __call__
    response = await self.dispatch_func(request, call_next)
               ^^^^^^^^^^^^^^^^^^^^^^^^^^^^^^^^^^^^^^^^^^^^
  File "/home/bharat/Documents/skepesis/app/main.py", line 87, in auth_middleware
    response = await call_next(request)
               ^^^^^^^^^^^^^^^^^^^^^^^^
  File "/home/bharat/Documents/skepesis/venv/lib/python3.13/site-packages/starlette/middleware/base.py", line 168, in call_next
    raise app_exc from app_exc.__cause__ or app_exc.__context__
  File "/home/bharat/Documents/skepesis/venv/lib/python3.13/site-packages/starlette/middleware/base.py", line 144, in coro
    await self.app(scope, receive_or_disconnect, send_no_error)
  File "/home/bharat/Documents/skepesis/venv/lib/python3.13/site-packages/starlette/middleware/exceptions.py", line 63, in __call__
    await wrap_app_handling_exceptions(self.app, conn)(scope, receive, send)
  File "/home/bharat/Documents/skepesis/venv/lib/python3.13/site-packages/starlette/_exception_handler.py", line 53, in wrapped_app
    raise exc
  File "/home/bharat/Documents/skepesis/venv/lib/python3.13/site-packages/starlette/_exception_handler.py", line 42, in wrapped_app
    await app(scope, receive, sender)
  File "/home/bharat/Documents/skepesis/venv/lib/python3.13/site-packages/fastapi/middleware/asyncexitstack.py", line 18, in __call__
    await self.app(scope, receive, send)
  File "/home/bharat/Documents/skepesis/venv/lib/python3.13/site-packages/starlette/routing.py", line 716, in __call__
    await self.middleware_stack(scope, receive, send)
  File "/home/bharat/Documents/skepesis/venv/lib/python3.13/site-packages/starlette/routing.py", line 736, in app
    await route.handle(scope, receive, send)
  File "/home/bharat/Documents/skepesis/venv/lib/python3.13/site-packages/starlette/routing.py", line 290, in handle
    await self.app(scope, receive, send)
  File "/home/bharat/Documents/skepesis/venv/lib/python3.13/site-packages/fastapi/routing.py", line 120, in app
    await wrap_app_handling_exceptions(app, request)(scope, receive, send)
  File "/home/bharat/Documents/skepesis/venv/lib/python3.13/site-packages/starlette/_exception_handler.py", line 53, in wrapped_app
    raise exc
  File "/home/bharat/Documents/skepesis/venv/lib/python3.13/site-packages/starlette/_exception_handler.py", line 42, in wrapped_app
    await app(scope, receive, sender)
  File "/home/bharat/Documents/skepesis/venv/lib/python3.13/site-packages/fastapi/routing.py", line 106, in app
    response = await f(request)
               ^^^^^^^^^^^^^^^^
  File "/home/bharat/Documents/skepesis/venv/lib/python3.13/site-packages/fastapi/routing.py", line 430, in app
    raw_response = await run_endpoint_function(
                   ^^^^^^^^^^^^^^^^^^^^^^^^^^^^
    ...<3 lines>...
    )
    ^
  File "/home/bharat/Documents/skepesis/venv/lib/python3.13/site-packages/fastapi/routing.py", line 316, in run_endpoint_function
    return await dependant.call(**values)
           ^^^^^^^^^^^^^^^^^^^^^^^^^^^^^^
  File "/home/bharat/Documents/skepesis/app/routers/auth.py", line 24, in login
    user = db.query(User).filter(User.email == email).first()
  File "/home/bharat/Documents/skepesis/venv/lib/python3.13/site-packages/sqlalchemy/orm/query.py", line 2759, in first
    return self.limit(1)._iter().first()  # type: ignore
           ~~~~~~~~~~~~~~~~~~~^^
  File "/home/bharat/Documents/skepesis/venv/lib/python3.13/site-packages/sqlalchemy/orm/query.py", line 2857, in _iter
    result: Union[ScalarResult[_T], Result[_T]] = self.session.execute(
                                                  ~~~~~~~~~~~~~~~~~~~~^
        statement,
        ^^^^^^^^^^
        params,
        ^^^^^^^
        execution_options={"_sa_orm_load_options": self.load_options},
        ^^^^^^^^^^^^^^^^^^^^^^^^^^^^^^^^^^^^^^^^^^^^^^^^^^^^^^^^^^^^^^
    )
    ^
  File "/home/bharat/Documents/skepesis/venv/lib/python3.13/site-packages/sqlalchemy/orm/session.py", line 2351, in execute
    return self._execute_internal(
           ~~~~~~~~~~~~~~~~~~~~~~^
        statement,
        ^^^^^^^^^^
    ...<4 lines>...
        _add_event=_add_event,
        ^^^^^^^^^^^^^^^^^^^^^^
    )
    ^
  File "/home/bharat/Documents/skepesis/venv/lib/python3.13/site-packages/sqlalchemy/orm/session.py", line 2249, in _execute_internal
    result: Result[Any] = compile_state_cls.orm_execute_statement(
                          ~~~~~~~~~~~~~~~~~~~~~~~~~~~~~~~~~~~~~~~^
        self,
        ^^^^^
    ...<4 lines>...
        conn,
        ^^^^^
    )
    ^
  File "/home/bharat/Documents/skepesis/venv/lib/python3.13/site-packages/sqlalchemy/orm/context.py", line 306, in orm_execute_statement
    result = conn.execute(
        statement, params or {}, execution_options=execution_options
    )
  File "/home/bharat/Documents/skepesis/venv/lib/python3.13/site-packages/sqlalchemy/engine/base.py", line 1419, in execute
    return meth(
        self,
        distilled_parameters,
        execution_options or NO_OPTIONS,
    )
  File "/home/bharat/Documents/skepesis/venv/lib/python3.13/site-packages/sqlalchemy/sql/elements.py", line 527, in _execute_on_connection
    return connection._execute_clauseelement(
           ~~~~~~~~~~~~~~~~~~~~~~~~~~~~~~~~~^
        self, distilled_params, execution_options
        ^^^^^^^^^^^^^^^^^^^^^^^^^^^^^^^^^^^^^^^^^
    )
    ^
  File "/home/bharat/Documents/skepesis/venv/lib/python3.13/site-packages/sqlalchemy/engine/base.py", line 1641, in _execute_clauseelement
    ret = self._execute_context(
        dialect,
    ...<8 lines>...
        cache_hit=cache_hit,
    )
  File "/home/bharat/Documents/skepesis/venv/lib/python3.13/site-packages/sqlalchemy/engine/base.py", line 1846, in _execute_context
    return self._exec_single_context(
           ~~~~~~~~~~~~~~~~~~~~~~~~~^
        dialect, context, statement, parameters
        ^^^^^^^^^^^^^^^^^^^^^^^^^^^^^^^^^^^^^^^
    )
    ^
  File "/home/bharat/Documents/skepesis/venv/lib/python3.13/site-packages/sqlalchemy/engine/base.py", line 1986, in _exec_single_context
    self._handle_dbapi_exception(
    ~~~~~~~~~~~~~~~~~~~~~~~~~~~~^
        e, str_statement, effective_parameters, cursor, context
        ^^^^^^^^^^^^^^^^^^^^^^^^^^^^^^^^^^^^^^^^^^^^^^^^^^^^^^^
    )
    ^
  File "/home/bharat/Documents/skepesis/venv/lib/python3.13/site-packages/sqlalchemy/engine/base.py", line 2363, in _handle_dbapi_exception
    raise sqlalchemy_exception.with_traceback(exc_info[2]) from e
  File "/home/bharat/Documents/skepesis/venv/lib/python3.13/site-packages/sqlalchemy/engine/base.py", line 1967, in _exec_single_context
    self.dialect.do_execute(
    ~~~~~~~~~~~~~~~~~~~~~~~^
        cursor, str_statement, effective_parameters, context
        ^^^^^^^^^^^^^^^^^^^^^^^^^^^^^^^^^^^^^^^^^^^^^^^^^^^^
    )
    ^
  File "/home/bharat/Documents/skepesis/venv/lib/python3.13/site-packages/sqlalchemy/engine/default.py", line 952, in do_execute
    cursor.execute(statement, parameters)
    ~~~~~~~~~~~~~~^^^^^^^^^^^^^^^^^^^^^^^
sqlalchemy.exc.OperationalError: (sqlite3.OperationalError) no such column: users.role
[SQL: SELECT users.id AS users_id, users.email AS users_email, users.username AS users_username, users.hashed_password AS users_hashed_password, users.is_active AS users_is_active, users.created_at AS users_created_at, users.role AS users_role 
FROM users 
WHERE users.email = ?
 LIMIT ? OFFSET ?]
[parameters: ('bharat3244m@gmail.com', 1, 0)]
(Background on this error at: https://sqlalche.me/e/20/e3q8)
2025-12-20 10:16:03.850 | ERROR    | app.database | database.py:31 | get_db | Database session error: (sqlite3.OperationalError) no such column: users.role
[SQL: SELECT users.id AS users_id, users.email AS users_email, users.username AS users_username, users.hashed_password AS users_hashed_password, users.is_active AS users_is_active, users.created_at AS users_created_at, users.role AS users_role 
FROM users 
WHERE users.email = ?
 LIMIT ? OFFSET ?]
[parameters: ('bharat3244m@gmail.com', 1, 0)]
(Background on this error at: https://sqlalche.me/e/20/e3q8)
2025-12-20 10:16:03.851 | ERROR    | app.main | main.py:102 | general_exception_handler | Unhandled exception on /login: (sqlite3.OperationalError) no such column: users.role
[SQL: SELECT users.id AS users_id, users.email AS users_email, users.username AS users_username, users.hashed_password AS users_hashed_password, users.is_active AS users_is_active, users.created_at AS users_created_at, users.role AS users_role 
FROM users 
WHERE users.email = ?
 LIMIT ? OFFSET ?]
[parameters: ('bharat3244m@gmail.com', 1, 0)]
(Background on this error at: https://sqlalche.me/e/20/e3q8)
Traceback (most recent call last):
  File "/home/bharat/Documents/skepesis/venv/lib/python3.13/site-packages/sqlalchemy/engine/base.py", line 1967, in _exec_single_context
    self.dialect.do_execute(
    ~~~~~~~~~~~~~~~~~~~~~~~^
        cursor, str_statement, effective_parameters, context
        ^^^^^^^^^^^^^^^^^^^^^^^^^^^^^^^^^^^^^^^^^^^^^^^^^^^^
    )
    ^
  File "/home/bharat/Documents/skepesis/venv/lib/python3.13/site-packages/sqlalchemy/engine/default.py", line 952, in do_execute
    cursor.execute(statement, parameters)
    ~~~~~~~~~~~~~~^^^^^^^^^^^^^^^^^^^^^^^
sqlite3.OperationalError: no such column: users.role

The above exception was the direct cause of the following exception:

Traceback (most recent call last):
  File "/home/bharat/Documents/skepesis/venv/lib/python3.13/site-packages/starlette/middleware/errors.py", line 164, in __call__
    await self.app(scope, receive, _send)
  File "/home/bharat/Documents/skepesis/venv/lib/python3.13/site-packages/starlette/middleware/base.py", line 191, in __call__
    with recv_stream, send_stream, collapse_excgroups():
                                   ~~~~~~~~~~~~~~~~~~^^
  File "/usr/lib/python3.13/contextlib.py", line 162, in __exit__
    self.gen.throw(value)
    ~~~~~~~~~~~~~~^^^^^^^
  File "/home/bharat/Documents/skepesis/venv/lib/python3.13/site-packages/starlette/_utils.py", line 85, in collapse_excgroups
    raise exc
  File "/home/bharat/Documents/skepesis/venv/lib/python3.13/site-packages/starlette/middleware/base.py", line 193, in __call__
    response = await self.dispatch_func(request, call_next)
               ^^^^^^^^^^^^^^^^^^^^^^^^^^^^^^^^^^^^^^^^^^^^
  File "/home/bharat/Documents/skepesis/app/main.py", line 87, in auth_middleware
    response = await call_next(request)
               ^^^^^^^^^^^^^^^^^^^^^^^^
  File "/home/bharat/Documents/skepesis/venv/lib/python3.13/site-packages/starlette/middleware/base.py", line 168, in call_next
    raise app_exc from app_exc.__cause__ or app_exc.__context__
  File "/home/bharat/Documents/skepesis/venv/lib/python3.13/site-packages/starlette/middleware/base.py", line 144, in coro
    await self.app(scope, receive_or_disconnect, send_no_error)
  File "/home/bharat/Documents/skepesis/venv/lib/python3.13/site-packages/starlette/middleware/exceptions.py", line 63, in __call__
    await wrap_app_handling_exceptions(self.app, conn)(scope, receive, send)
  File "/home/bharat/Documents/skepesis/venv/lib/python3.13/site-packages/starlette/_exception_handler.py", line 53, in wrapped_app
    raise exc
  File "/home/bharat/Documents/skepesis/venv/lib/python3.13/site-packages/starlette/_exception_handler.py", line 42, in wrapped_app
    await app(scope, receive, sender)
  File "/home/bharat/Documents/skepesis/venv/lib/python3.13/site-packages/fastapi/middleware/asyncexitstack.py", line 18, in __call__
    await self.app(scope, receive, send)
  File "/home/bharat/Documents/skepesis/venv/lib/python3.13/site-packages/starlette/routing.py", line 716, in __call__
    await self.middleware_stack(scope, receive, send)
  File "/home/bharat/Documents/skepesis/venv/lib/python3.13/site-packages/starlette/routing.py", line 736, in app
    await route.handle(scope, receive, send)
  File "/home/bharat/Documents/skepesis/venv/lib/python3.13/site-packages/starlette/routing.py", line 290, in handle
    await self.app(scope, receive, send)
  File "/home/bharat/Documents/skepesis/venv/lib/python3.13/site-packages/fastapi/routing.py", line 120, in app
    await wrap_app_handling_exceptions(app, request)(scope, receive, send)
  File "/home/bharat/Documents/skepesis/venv/lib/python3.13/site-packages/starlette/_exception_handler.py", line 53, in wrapped_app
    raise exc
  File "/home/bharat/Documents/skepesis/venv/lib/python3.13/site-packages/starlette/_exception_handler.py", line 42, in wrapped_app
    await app(scope, receive, sender)
  File "/home/bharat/Documents/skepesis/venv/lib/python3.13/site-packages/fastapi/routing.py", line 106, in app
    response = await f(request)
               ^^^^^^^^^^^^^^^^
  File "/home/bharat/Documents/skepesis/venv/lib/python3.13/site-packages/fastapi/routing.py", line 430, in app
    raw_response = await run_endpoint_function(
                   ^^^^^^^^^^^^^^^^^^^^^^^^^^^^
    ...<3 lines>...
    )
    ^
  File "/home/bharat/Documents/skepesis/venv/lib/python3.13/site-packages/fastapi/routing.py", line 316, in run_endpoint_function
    return await dependant.call(**values)
           ^^^^^^^^^^^^^^^^^^^^^^^^^^^^^^
  File "/home/bharat/Documents/skepesis/app/routers/auth.py", line 24, in login
    user = db.query(User).filter(User.email == email).first()
  File "/home/bharat/Documents/skepesis/venv/lib/python3.13/site-packages/sqlalchemy/orm/query.py", line 2759, in first
    return self.limit(1)._iter().first()  # type: ignore
           ~~~~~~~~~~~~~~~~~~~^^
  File "/home/bharat/Documents/skepesis/venv/lib/python3.13/site-packages/sqlalchemy/orm/query.py", line 2857, in _iter
    result: Union[ScalarResult[_T], Result[_T]] = self.session.execute(
                                                  ~~~~~~~~~~~~~~~~~~~~^
        statement,
        ^^^^^^^^^^
        params,
        ^^^^^^^
        execution_options={"_sa_orm_load_options": self.load_options},
        ^^^^^^^^^^^^^^^^^^^^^^^^^^^^^^^^^^^^^^^^^^^^^^^^^^^^^^^^^^^^^^
    )
    ^
  File "/home/bharat/Documents/skepesis/venv/lib/python3.13/site-packages/sqlalchemy/orm/session.py", line 2351, in execute
    return self._execute_internal(
           ~~~~~~~~~~~~~~~~~~~~~~^
        statement,
        ^^^^^^^^^^
    ...<4 lines>...
        _add_event=_add_event,
        ^^^^^^^^^^^^^^^^^^^^^^
    )
    ^
  File "/home/bharat/Documents/skepesis/venv/lib/python3.13/site-packages/sqlalchemy/orm/session.py", line 2249, in _execute_internal
    result: Result[Any] = compile_state_cls.orm_execute_statement(
                          ~~~~~~~~~~~~~~~~~~~~~~~~~~~~~~~~~~~~~~~^
        self,
        ^^^^^
    ...<4 lines>...
        conn,
        ^^^^^
    )
    ^
  File "/home/bharat/Documents/skepesis/venv/lib/python3.13/site-packages/sqlalchemy/orm/context.py", line 306, in orm_execute_statement
    result = conn.execute(
        statement, params or {}, execution_options=execution_options
    )
  File "/home/bharat/Documents/skepesis/venv/lib/python3.13/site-packages/sqlalchemy/engine/base.py", line 1419, in execute
    return meth(
        self,
        distilled_parameters,
        execution_options or NO_OPTIONS,
    )
  File "/home/bharat/Documents/skepesis/venv/lib/python3.13/site-packages/sqlalchemy/sql/elements.py", line 527, in _execute_on_connection
    return connection._execute_clauseelement(
           ~~~~~~~~~~~~~~~~~~~~~~~~~~~~~~~~~^
        self, distilled_params, execution_options
        ^^^^^^^^^^^^^^^^^^^^^^^^^^^^^^^^^^^^^^^^^
    )
    ^
  File "/home/bharat/Documents/skepesis/venv/lib/python3.13/site-packages/sqlalchemy/engine/base.py", line 1641, in _execute_clauseelement
    ret = self._execute_context(
        dialect,
    ...<8 lines>...
        cache_hit=cache_hit,
    )
  File "/home/bharat/Documents/skepesis/venv/lib/python3.13/site-packages/sqlalchemy/engine/base.py", line 1846, in _execute_context
    return self._exec_single_context(
           ~~~~~~~~~~~~~~~~~~~~~~~~~^
        dialect, context, statement, parameters
        ^^^^^^^^^^^^^^^^^^^^^^^^^^^^^^^^^^^^^^^
    )
    ^
  File "/home/bharat/Documents/skepesis/venv/lib/python3.13/site-packages/sqlalchemy/engine/base.py", line 1986, in _exec_single_context
    self._handle_dbapi_exception(
    ~~~~~~~~~~~~~~~~~~~~~~~~~~~~^
        e, str_statement, effective_parameters, cursor, context
        ^^^^^^^^^^^^^^^^^^^^^^^^^^^^^^^^^^^^^^^^^^^^^^^^^^^^^^^
    )
    ^
  File "/home/bharat/Documents/skepesis/venv/lib/python3.13/site-packages/sqlalchemy/engine/base.py", line 2363, in _handle_dbapi_exception
    raise sqlalchemy_exception.with_traceback(exc_info[2]) from e
  File "/home/bharat/Documents/skepesis/venv/lib/python3.13/site-packages/sqlalchemy/engine/base.py", line 1967, in _exec_single_context
    self.dialect.do_execute(
    ~~~~~~~~~~~~~~~~~~~~~~~^
        cursor, str_statement, effective_parameters, context
        ^^^^^^^^^^^^^^^^^^^^^^^^^^^^^^^^^^^^^^^^^^^^^^^^^^^^
    )
    ^
  File "/home/bharat/Documents/skepesis/venv/lib/python3.13/site-packages/sqlalchemy/engine/default.py", line 952, in do_execute
    cursor.execute(statement, parameters)
    ~~~~~~~~~~~~~~^^^^^^^^^^^^^^^^^^^^^^^
sqlalchemy.exc.OperationalError: (sqlite3.OperationalError) no such column: users.role
[SQL: SELECT users.id AS users_id, users.email AS users_email, users.username AS users_username, users.hashed_password AS users_hashed_password, users.is_active AS users_is_active, users.created_at AS users_created_at, users.role AS users_role 
FROM users 
WHERE users.email = ?
 LIMIT ? OFFSET ?]
[parameters: ('bharat3244m@gmail.com', 1, 0)]
(Background on this error at: https://sqlalche.me/e/20/e3q8)
2025-12-20 10:19:03.418 | INFO     | app.main | main.py:47 | lifespan | Application shutdown
2025-12-20 10:19:03.903 | INFO     | app.initial_data | initial_data.py:15 | init_db | Database tables created successfully
2025-12-20 10:19:03.903 | INFO     | app.main | main.py:41 | lifespan | Application startup complete
2025-12-20 10:19:31.572 | INFO     | app.main | main.py:47 | lifespan | Application shutdown
2025-12-20 10:19:32.043 | INFO     | app.initial_data | initial_data.py:15 | init_db | Database tables created successfully
2025-12-20 10:19:32.044 | INFO     | app.main | main.py:41 | lifespan | Application startup complete
2025-12-20 10:19:38.602 | ERROR    | app.database | database.py:31 | get_db | Database session error: (sqlite3.OperationalError) no such column: users.role
[SQL: SELECT users.id AS users_id, users.email AS users_email, users.username AS users_username, users.hashed_password AS users_hashed_password, users.is_active AS users_is_active, users.created_at AS users_created_at, users.role AS users_role 
FROM users 
WHERE users.email = ?
 LIMIT ? OFFSET ?]
[parameters: ('bharat3244m@gmail.com', 1, 0)]
(Background on this error at: https://sqlalche.me/e/20/e3q8)
2025-12-20 10:19:38.602 | ERROR    | app.main | main.py:102 | general_exception_handler | Unhandled exception on /login: (sqlite3.OperationalError) no such column: users.role
[SQL: SELECT users.id AS users_id, users.email AS users_email, users.username AS users_username, users.hashed_password AS users_hashed_password, users.is_active AS users_is_active, users.created_at AS users_created_at, users.role AS users_role 
FROM users 
WHERE users.email = ?
 LIMIT ? OFFSET ?]
[parameters: ('bharat3244m@gmail.com', 1, 0)]
(Background on this error at: https://sqlalche.me/e/20/e3q8)
Traceback (most recent call last):
  File "/home/bharat/Documents/skepesis/venv/lib/python3.13/site-packages/sqlalchemy/engine/base.py", line 1967, in _exec_single_context
    self.dialect.do_execute(
    ~~~~~~~~~~~~~~~~~~~~~~~^
        cursor, str_statement, effective_parameters, context
        ^^^^^^^^^^^^^^^^^^^^^^^^^^^^^^^^^^^^^^^^^^^^^^^^^^^^
    )
    ^
  File "/home/bharat/Documents/skepesis/venv/lib/python3.13/site-packages/sqlalchemy/engine/default.py", line 952, in do_execute
    cursor.execute(statement, parameters)
    ~~~~~~~~~~~~~~^^^^^^^^^^^^^^^^^^^^^^^
sqlite3.OperationalError: no such column: users.role

The above exception was the direct cause of the following exception:

Traceback (most recent call last):
  File "/home/bharat/Documents/skepesis/venv/lib/python3.13/site-packages/starlette/middleware/errors.py", line 164, in __call__
    await self.app(scope, receive, _send)
  File "/home/bharat/Documents/skepesis/venv/lib/python3.13/site-packages/starlette/middleware/base.py", line 191, in __call__
    with recv_stream, send_stream, collapse_excgroups():
                                   ~~~~~~~~~~~~~~~~~~^^
  File "/usr/lib/python3.13/contextlib.py", line 162, in __exit__
    self.gen.throw(value)
    ~~~~~~~~~~~~~~^^^^^^^
  File "/home/bharat/Documents/skepesis/venv/lib/python3.13/site-packages/starlette/_utils.py", line 85, in collapse_excgroups
    raise exc
  File "/home/bharat/Documents/skepesis/venv/lib/python3.13/site-packages/starlette/middleware/base.py", line 193, in __call__
    response = await self.dispatch_func(request, call_next)
               ^^^^^^^^^^^^^^^^^^^^^^^^^^^^^^^^^^^^^^^^^^^^
  File "/home/bharat/Documents/skepesis/app/main.py", line 87, in auth_middleware
    response = await call_next(request)
               ^^^^^^^^^^^^^^^^^^^^^^^^
  File "/home/bharat/Documents/skepesis/venv/lib/python3.13/site-packages/starlette/middleware/base.py", line 168, in call_next
    raise app_exc from app_exc.__cause__ or app_exc.__context__
  File "/home/bharat/Documents/skepesis/venv/lib/python3.13/site-packages/starlette/middleware/base.py", line 144, in coro
    await self.app(scope, receive_or_disconnect, send_no_error)
  File "/home/bharat/Documents/skepesis/venv/lib/python3.13/site-packages/starlette/middleware/exceptions.py", line 63, in __call__
    await wrap_app_handling_exceptions(self.app, conn)(scope, receive, send)
  File "/home/bharat/Documents/skepesis/venv/lib/python3.13/site-packages/starlette/_exception_handler.py", line 53, in wrapped_app
    raise exc
  File "/home/bharat/Documents/skepesis/venv/lib/python3.13/site-packages/starlette/_exception_handler.py", line 42, in wrapped_app
    await app(scope, receive, sender)
  File "/home/bharat/Documents/skepesis/venv/lib/python3.13/site-packages/fastapi/middleware/asyncexitstack.py", line 18, in __call__
    await self.app(scope, receive, send)
  File "/home/bharat/Documents/skepesis/venv/lib/python3.13/site-packages/starlette/routing.py", line 716, in __call__
    await self.middleware_stack(scope, receive, send)
  File "/home/bharat/Documents/skepesis/venv/lib/python3.13/site-packages/starlette/routing.py", line 736, in app
    await route.handle(scope, receive, send)
  File "/home/bharat/Documents/skepesis/venv/lib/python3.13/site-packages/starlette/routing.py", line 290, in handle
    await self.app(scope, receive, send)
  File "/home/bharat/Documents/skepesis/venv/lib/python3.13/site-packages/fastapi/routing.py", line 120, in app
    await wrap_app_handling_exceptions(app, request)(scope, receive, send)
  File "/home/bharat/Documents/skepesis/venv/lib/python3.13/site-packages/starlette/_exception_handler.py", line 53, in wrapped_app
    raise exc
  File "/home/bharat/Documents/skepesis/venv/lib/python3.13/site-packages/starlette/_exception_handler.py", line 42, in wrapped_app
    await app(scope, receive, sender)
  File "/home/bharat/Documents/skepesis/venv/lib/python3.13/site-packages/fastapi/routing.py", line 106, in app
    response = await f(request)
               ^^^^^^^^^^^^^^^^
  File "/home/bharat/Documents/skepesis/venv/lib/python3.13/site-packages/fastapi/routing.py", line 430, in app
    raw_response = await run_endpoint_function(
                   ^^^^^^^^^^^^^^^^^^^^^^^^^^^^
    ...<3 lines>...
    )
    ^
  File "/home/bharat/Documents/skepesis/venv/lib/python3.13/site-packages/fastapi/routing.py", line 316, in run_endpoint_function
    return await dependant.call(**values)
           ^^^^^^^^^^^^^^^^^^^^^^^^^^^^^^
  File "/home/bharat/Documents/skepesis/app/routers/auth.py", line 24, in login
    user = db.query(User).filter(User.email == email).first()
  File "/home/bharat/Documents/skepesis/venv/lib/python3.13/site-packages/sqlalchemy/orm/query.py", line 2759, in first
    return self.limit(1)._iter().first()  # type: ignore
           ~~~~~~~~~~~~~~~~~~~^^
  File "/home/bharat/Documents/skepesis/venv/lib/python3.13/site-packages/sqlalchemy/orm/query.py", line 2857, in _iter
    result: Union[ScalarResult[_T], Result[_T]] = self.session.execute(
                                                  ~~~~~~~~~~~~~~~~~~~~^
        statement,
        ^^^^^^^^^^
        params,
        ^^^^^^^
        execution_options={"_sa_orm_load_options": self.load_options},
        ^^^^^^^^^^^^^^^^^^^^^^^^^^^^^^^^^^^^^^^^^^^^^^^^^^^^^^^^^^^^^^
    )
    ^
  File "/home/bharat/Documents/skepesis/venv/lib/python3.13/site-packages/sqlalchemy/orm/session.py", line 2351, in execute
    return self._execute_internal(
           ~~~~~~~~~~~~~~~~~~~~~~^
        statement,
        ^^^^^^^^^^
    ...<4 lines>...
        _add_event=_add_event,
        ^^^^^^^^^^^^^^^^^^^^^^
    )
    ^
  File "/home/bharat/Documents/skepesis/venv/lib/python3.13/site-packages/sqlalchemy/orm/session.py", line 2249, in _execute_internal
    result: Result[Any] = compile_state_cls.orm_execute_statement(
                          ~~~~~~~~~~~~~~~~~~~~~~~~~~~~~~~~~~~~~~~^
        self,
        ^^^^^
    ...<4 lines>...
        conn,
        ^^^^^
    )
    ^
  File "/home/bharat/Documents/skepesis/venv/lib/python3.13/site-packages/sqlalchemy/orm/context.py", line 306, in orm_execute_statement
    result = conn.execute(
        statement, params or {}, execution_options=execution_options
    )
  File "/home/bharat/Documents/skepesis/venv/lib/python3.13/site-packages/sqlalchemy/engine/base.py", line 1419, in execute
    return meth(
        self,
        distilled_parameters,
        execution_options or NO_OPTIONS,
    )
  File "/home/bharat/Documents/skepesis/venv/lib/python3.13/site-packages/sqlalchemy/sql/elements.py", line 527, in _execute_on_connection
    return connection._execute_clauseelement(
           ~~~~~~~~~~~~~~~~~~~~~~~~~~~~~~~~~^
        self, distilled_params, execution_options
        ^^^^^^^^^^^^^^^^^^^^^^^^^^^^^^^^^^^^^^^^^
    )
    ^
  File "/home/bharat/Documents/skepesis/venv/lib/python3.13/site-packages/sqlalchemy/engine/base.py", line 1641, in _execute_clauseelement
    ret = self._execute_context(
        dialect,
    ...<8 lines>...
        cache_hit=cache_hit,
    )
  File "/home/bharat/Documents/skepesis/venv/lib/python3.13/site-packages/sqlalchemy/engine/base.py", line 1846, in _execute_context
    return self._exec_single_context(
           ~~~~~~~~~~~~~~~~~~~~~~~~~^
        dialect, context, statement, parameters
        ^^^^^^^^^^^^^^^^^^^^^^^^^^^^^^^^^^^^^^^
    )
    ^
  File "/home/bharat/Documents/skepesis/venv/lib/python3.13/site-packages/sqlalchemy/engine/base.py", line 1986, in _exec_single_context
    self._handle_dbapi_exception(
    ~~~~~~~~~~~~~~~~~~~~~~~~~~~~^
        e, str_statement, effective_parameters, cursor, context
        ^^^^^^^^^^^^^^^^^^^^^^^^^^^^^^^^^^^^^^^^^^^^^^^^^^^^^^^
    )
    ^
  File "/home/bharat/Documents/skepesis/venv/lib/python3.13/site-packages/sqlalchemy/engine/base.py", line 2363, in _handle_dbapi_exception
    raise sqlalchemy_exception.with_traceback(exc_info[2]) from e
  File "/home/bharat/Documents/skepesis/venv/lib/python3.13/site-packages/sqlalchemy/engine/base.py", line 1967, in _exec_single_context
    self.dialect.do_execute(
    ~~~~~~~~~~~~~~~~~~~~~~~^
        cursor, str_statement, effective_parameters, context
        ^^^^^^^^^^^^^^^^^^^^^^^^^^^^^^^^^^^^^^^^^^^^^^^^^^^^
    )
    ^
  File "/home/bharat/Documents/skepesis/venv/lib/python3.13/site-packages/sqlalchemy/engine/default.py", line 952, in do_execute
    cursor.execute(statement, parameters)
    ~~~~~~~~~~~~~~^^^^^^^^^^^^^^^^^^^^^^^
sqlalchemy.exc.OperationalError: (sqlite3.OperationalError) no such column: users.role
[SQL: SELECT users.id AS users_id, users.email AS users_email, users.username AS users_username, users.hashed_password AS users_hashed_password, users.is_active AS users_is_active, users.created_at AS users_created_at, users.role AS users_role 
FROM users 
WHERE users.email = ?
 LIMIT ? OFFSET ?]
[parameters: ('bharat3244m@gmail.com', 1, 0)]
(Background on this error at: https://sqlalche.me/e/20/e3q8)
2025-12-20 10:19:44.378 | ERROR    | app.database | database.py:31 | get_db | Database session error: (sqlite3.OperationalError) no such column: users.role
[SQL: SELECT users.id AS users_id, users.email AS users_email, users.username AS users_username, users.hashed_password AS users_hashed_password, users.is_active AS users_is_active, users.created_at AS users_created_at, users.role AS users_role 
FROM users 
WHERE users.email = ?
 LIMIT ? OFFSET ?]
[parameters: ('bharat3244m@gmail.com', 1, 0)]
(Background on this error at: https://sqlalche.me/e/20/e3q8)
2025-12-20 10:19:44.379 | ERROR    | app.main | main.py:102 | general_exception_handler | Unhandled exception on /login: (sqlite3.OperationalError) no such column: users.role
[SQL: SELECT users.id AS users_id, users.email AS users_email, users.username AS users_username, users.hashed_password AS users_hashed_password, users.is_active AS users_is_active, users.created_at AS users_created_at, users.role AS users_role 
FROM users 
WHERE users.email = ?
 LIMIT ? OFFSET ?]
[parameters: ('bharat3244m@gmail.com', 1, 0)]
(Background on this error at: https://sqlalche.me/e/20/e3q8)
Traceback (most recent call last):
  File "/home/bharat/Documents/skepesis/venv/lib/python3.13/site-packages/sqlalchemy/engine/base.py", line 1967, in _exec_single_context
    self.dialect.do_execute(
    ~~~~~~~~~~~~~~~~~~~~~~~^
        cursor, str_statement, effective_parameters, context
        ^^^^^^^^^^^^^^^^^^^^^^^^^^^^^^^^^^^^^^^^^^^^^^^^^^^^
    )
    ^
  File "/home/bharat/Documents/skepesis/venv/lib/python3.13/site-packages/sqlalchemy/engine/default.py", line 952, in do_execute
    cursor.execute(statement, parameters)
    ~~~~~~~~~~~~~~^^^^^^^^^^^^^^^^^^^^^^^
sqlite3.OperationalError: no such column: users.role

The above exception was the direct cause of the following exception:

Traceback (most recent call last):
  File "/home/bharat/Documents/skepesis/venv/lib/python3.13/site-packages/starlette/middleware/errors.py", line 164, in __call__
    await self.app(scope, receive, _send)
  File "/home/bharat/Documents/skepesis/venv/lib/python3.13/site-packages/starlette/middleware/base.py", line 191, in __call__
    with recv_stream, send_stream, collapse_excgroups():
                                   ~~~~~~~~~~~~~~~~~~^^
  File "/usr/lib/python3.13/contextlib.py", line 162, in __exit__
    self.gen.throw(value)
    ~~~~~~~~~~~~~~^^^^^^^
  File "/home/bharat/Documents/skepesis/venv/lib/python3.13/site-packages/starlette/_utils.py", line 85, in collapse_excgroups
    raise exc
  File "/home/bharat/Documents/skepesis/venv/lib/python3.13/site-packages/starlette/middleware/base.py", line 193, in __call__
    response = await self.dispatch_func(request, call_next)
               ^^^^^^^^^^^^^^^^^^^^^^^^^^^^^^^^^^^^^^^^^^^^
  File "/home/bharat/Documents/skepesis/app/main.py", line 87, in auth_middleware
    response = await call_next(request)
               ^^^^^^^^^^^^^^^^^^^^^^^^
  File "/home/bharat/Documents/skepesis/venv/lib/python3.13/site-packages/starlette/middleware/base.py", line 168, in call_next
    raise app_exc from app_exc.__cause__ or app_exc.__context__
  File "/home/bharat/Documents/skepesis/venv/lib/python3.13/site-packages/starlette/middleware/base.py", line 144, in coro
    await self.app(scope, receive_or_disconnect, send_no_error)
  File "/home/bharat/Documents/skepesis/venv/lib/python3.13/site-packages/starlette/middleware/exceptions.py", line 63, in __call__
    await wrap_app_handling_exceptions(self.app, conn)(scope, receive, send)
  File "/home/bharat/Documents/skepesis/venv/lib/python3.13/site-packages/starlette/_exception_handler.py", line 53, in wrapped_app
    raise exc
  File "/home/bharat/Documents/skepesis/venv/lib/python3.13/site-packages/starlette/_exception_handler.py", line 42, in wrapped_app
    await app(scope, receive, sender)
  File "/home/bharat/Documents/skepesis/venv/lib/python3.13/site-packages/fastapi/middleware/asyncexitstack.py", line 18, in __call__
    await self.app(scope, receive, send)
  File "/home/bharat/Documents/skepesis/venv/lib/python3.13/site-packages/starlette/routing.py", line 716, in __call__
    await self.middleware_stack(scope, receive, send)
  File "/home/bharat/Documents/skepesis/venv/lib/python3.13/site-packages/starlette/routing.py", line 736, in app
    await route.handle(scope, receive, send)
  File "/home/bharat/Documents/skepesis/venv/lib/python3.13/site-packages/starlette/routing.py", line 290, in handle
    await self.app(scope, receive, send)
  File "/home/bharat/Documents/skepesis/venv/lib/python3.13/site-packages/fastapi/routing.py", line 120, in app
    await wrap_app_handling_exceptions(app, request)(scope, receive, send)
  File "/home/bharat/Documents/skepesis/venv/lib/python3.13/site-packages/starlette/_exception_handler.py", line 53, in wrapped_app
    raise exc
  File "/home/bharat/Documents/skepesis/venv/lib/python3.13/site-packages/starlette/_exception_handler.py", line 42, in wrapped_app
    await app(scope, receive, sender)
  File "/home/bharat/Documents/skepesis/venv/lib/python3.13/site-packages/fastapi/routing.py", line 106, in app
    response = await f(request)
               ^^^^^^^^^^^^^^^^
  File "/home/bharat/Documents/skepesis/venv/lib/python3.13/site-packages/fastapi/routing.py", line 430, in app
    raw_response = await run_endpoint_function(
                   ^^^^^^^^^^^^^^^^^^^^^^^^^^^^
    ...<3 lines>...
    )
    ^
  File "/home/bharat/Documents/skepesis/venv/lib/python3.13/site-packages/fastapi/routing.py", line 316, in run_endpoint_function
    return await dependant.call(**values)
           ^^^^^^^^^^^^^^^^^^^^^^^^^^^^^^
  File "/home/bharat/Documents/skepesis/app/routers/auth.py", line 24, in login
    user = db.query(User).filter(User.email == email).first()
  File "/home/bharat/Documents/skepesis/venv/lib/python3.13/site-packages/sqlalchemy/orm/query.py", line 2759, in first
    return self.limit(1)._iter().first()  # type: ignore
           ~~~~~~~~~~~~~~~~~~~^^
  File "/home/bharat/Documents/skepesis/venv/lib/python3.13/site-packages/sqlalchemy/orm/query.py", line 2857, in _iter
    result: Union[ScalarResult[_T], Result[_T]] = self.session.execute(
                                                  ~~~~~~~~~~~~~~~~~~~~^
        statement,
        ^^^^^^^^^^
        params,
        ^^^^^^^
        execution_options={"_sa_orm_load_options": self.load_options},
        ^^^^^^^^^^^^^^^^^^^^^^^^^^^^^^^^^^^^^^^^^^^^^^^^^^^^^^^^^^^^^^
    )
    ^
  File "/home/bharat/Documents/skepesis/venv/lib/python3.13/site-packages/sqlalchemy/orm/session.py", line 2351, in execute
    return self._execute_internal(
           ~~~~~~~~~~~~~~~~~~~~~~^
        statement,
        ^^^^^^^^^^
    ...<4 lines>...
        _add_event=_add_event,
        ^^^^^^^^^^^^^^^^^^^^^^
    )
    ^
  File "/home/bharat/Documents/skepesis/venv/lib/python3.13/site-packages/sqlalchemy/orm/session.py", line 2249, in _execute_internal
    result: Result[Any] = compile_state_cls.orm_execute_statement(
                          ~~~~~~~~~~~~~~~~~~~~~~~~~~~~~~~~~~~~~~~^
        self,
        ^^^^^
    ...<4 lines>...
        conn,
        ^^^^^
    )
    ^
  File "/home/bharat/Documents/skepesis/venv/lib/python3.13/site-packages/sqlalchemy/orm/context.py", line 306, in orm_execute_statement
    result = conn.execute(
        statement, params or {}, execution_options=execution_options
    )
  File "/home/bharat/Documents/skepesis/venv/lib/python3.13/site-packages/sqlalchemy/engine/base.py", line 1419, in execute
    return meth(
        self,
        distilled_parameters,
        execution_options or NO_OPTIONS,
    )
  File "/home/bharat/Documents/skepesis/venv/lib/python3.13/site-packages/sqlalchemy/sql/elements.py", line 527, in _execute_on_connection
    return connection._execute_clauseelement(
           ~~~~~~~~~~~~~~~~~~~~~~~~~~~~~~~~~^
        self, distilled_params, execution_options
        ^^^^^^^^^^^^^^^^^^^^^^^^^^^^^^^^^^^^^^^^^
    )
    ^
  File "/home/bharat/Documents/skepesis/venv/lib/python3.13/site-packages/sqlalchemy/engine/base.py", line 1641, in _execute_clauseelement
    ret = self._execute_context(
        dialect,
    ...<8 lines>...
        cache_hit=cache_hit,
    )
  File "/home/bharat/Documents/skepesis/venv/lib/python3.13/site-packages/sqlalchemy/engine/base.py", line 1846, in _execute_context
    return self._exec_single_context(
           ~~~~~~~~~~~~~~~~~~~~~~~~~^
        dialect, context, statement, parameters
        ^^^^^^^^^^^^^^^^^^^^^^^^^^^^^^^^^^^^^^^
    )
    ^
  File "/home/bharat/Documents/skepesis/venv/lib/python3.13/site-packages/sqlalchemy/engine/base.py", line 1986, in _exec_single_context
    self._handle_dbapi_exception(
    ~~~~~~~~~~~~~~~~~~~~~~~~~~~~^
        e, str_statement, effective_parameters, cursor, context
        ^^^^^^^^^^^^^^^^^^^^^^^^^^^^^^^^^^^^^^^^^^^^^^^^^^^^^^^
    )
    ^
  File "/home/bharat/Documents/skepesis/venv/lib/python3.13/site-packages/sqlalchemy/engine/base.py", line 2363, in _handle_dbapi_exception
    raise sqlalchemy_exception.with_traceback(exc_info[2]) from e
  File "/home/bharat/Documents/skepesis/venv/lib/python3.13/site-packages/sqlalchemy/engine/base.py", line 1967, in _exec_single_context
    self.dialect.do_execute(
    ~~~~~~~~~~~~~~~~~~~~~~~^
        cursor, str_statement, effective_parameters, context
        ^^^^^^^^^^^^^^^^^^^^^^^^^^^^^^^^^^^^^^^^^^^^^^^^^^^^
    )
    ^
  File "/home/bharat/Documents/skepesis/venv/lib/python3.13/site-packages/sqlalchemy/engine/default.py", line 952, in do_execute
    cursor.execute(statement, parameters)
    ~~~~~~~~~~~~~~^^^^^^^^^^^^^^^^^^^^^^^
sqlalchemy.exc.OperationalError: (sqlite3.OperationalError) no such column: users.role
[SQL: SELECT users.id AS users_id, users.email AS users_email, users.username AS users_username, users.hashed_password AS users_hashed_password, users.is_active AS users_is_active, users.created_at AS users_created_at, users.role AS users_role 
FROM users 
WHERE users.email = ?
 LIMIT ? OFFSET ?]
[parameters: ('bharat3244m@gmail.com', 1, 0)]
(Background on this error at: https://sqlalche.me/e/20/e3q8)
2025-12-20 10:19:52.908 | INFO     | app.main | main.py:47 | lifespan | Application shutdown
2025-12-20 10:27:39.650 | INFO     | app.initial_data | initial_data.py:15 | init_db | Database tables created successfully
2025-12-20 10:27:39.650 | INFO     | app.main | main.py:41 | lifespan | Application startup complete
2025-12-20 10:27:51.014 | ERROR    | app.main | main.py:102 | general_exception_handler | Unhandled exception on /login: 'student' is not among the defined enum values. Enum name: role_enum. Possible values: STUDENT, PARENT, TEACHER
Traceback (most recent call last):
  File "/home/bharat/Documents/skepesis/venv/lib/python3.13/site-packages/sqlalchemy/sql/sqltypes.py", line 1709, in _object_value_for_elem
    return self._object_lookup[elem]  # type: ignore[return-value]
           ~~~~~~~~~~~~~~~~~~~^^^^^^
KeyError: 'student'

The above exception was the direct cause of the following exception:

Traceback (most recent call last):
  File "/home/bharat/Documents/skepesis/venv/lib/python3.13/site-packages/starlette/middleware/errors.py", line 164, in __call__
    await self.app(scope, receive, _send)
  File "/home/bharat/Documents/skepesis/venv/lib/python3.13/site-packages/starlette/middleware/base.py", line 191, in __call__
    with recv_stream, send_stream, collapse_excgroups():
                                   ~~~~~~~~~~~~~~~~~~^^
  File "/usr/lib/python3.13/contextlib.py", line 162, in __exit__
    self.gen.throw(value)
    ~~~~~~~~~~~~~~^^^^^^^
  File "/home/bharat/Documents/skepesis/venv/lib/python3.13/site-packages/starlette/_utils.py", line 85, in collapse_excgroups
    raise exc
  File "/home/bharat/Documents/skepesis/venv/lib/python3.13/site-packages/starlette/middleware/base.py", line 193, in __call__
    response = await self.dispatch_func(request, call_next)
               ^^^^^^^^^^^^^^^^^^^^^^^^^^^^^^^^^^^^^^^^^^^^
  File "/home/bharat/Documents/skepesis/app/main.py", line 87, in auth_middleware
    response = await call_next(request)
               ^^^^^^^^^^^^^^^^^^^^^^^^
  File "/home/bharat/Documents/skepesis/venv/lib/python3.13/site-packages/starlette/middleware/base.py", line 168, in call_next
    raise app_exc from app_exc.__cause__ or app_exc.__context__
  File "/home/bharat/Documents/skepesis/venv/lib/python3.13/site-packages/starlette/middleware/base.py", line 144, in coro
    await self.app(scope, receive_or_disconnect, send_no_error)
  File "/home/bharat/Documents/skepesis/venv/lib/python3.13/site-packages/starlette/middleware/exceptions.py", line 63, in __call__
    await wrap_app_handling_exceptions(self.app, conn)(scope, receive, send)
  File "/home/bharat/Documents/skepesis/venv/lib/python3.13/site-packages/starlette/_exception_handler.py", line 53, in wrapped_app
    raise exc
  File "/home/bharat/Documents/skepesis/venv/lib/python3.13/site-packages/starlette/_exception_handler.py", line 42, in wrapped_app
    await app(scope, receive, sender)
  File "/home/bharat/Documents/skepesis/venv/lib/python3.13/site-packages/fastapi/middleware/asyncexitstack.py", line 18, in __call__
    await self.app(scope, receive, send)
  File "/home/bharat/Documents/skepesis/venv/lib/python3.13/site-packages/starlette/routing.py", line 716, in __call__
    await self.middleware_stack(scope, receive, send)
  File "/home/bharat/Documents/skepesis/venv/lib/python3.13/site-packages/starlette/routing.py", line 736, in app
    await route.handle(scope, receive, send)
  File "/home/bharat/Documents/skepesis/venv/lib/python3.13/site-packages/starlette/routing.py", line 290, in handle
    await self.app(scope, receive, send)
  File "/home/bharat/Documents/skepesis/venv/lib/python3.13/site-packages/fastapi/routing.py", line 120, in app
    await wrap_app_handling_exceptions(app, request)(scope, receive, send)
  File "/home/bharat/Documents/skepesis/venv/lib/python3.13/site-packages/starlette/_exception_handler.py", line 53, in wrapped_app
    raise exc
  File "/home/bharat/Documents/skepesis/venv/lib/python3.13/site-packages/starlette/_exception_handler.py", line 42, in wrapped_app
    await app(scope, receive, sender)
  File "/home/bharat/Documents/skepesis/venv/lib/python3.13/site-packages/fastapi/routing.py", line 106, in app
    response = await f(request)
               ^^^^^^^^^^^^^^^^
  File "/home/bharat/Documents/skepesis/venv/lib/python3.13/site-packages/fastapi/routing.py", line 430, in app
    raw_response = await run_endpoint_function(
                   ^^^^^^^^^^^^^^^^^^^^^^^^^^^^
    ...<3 lines>...
    )
    ^
  File "/home/bharat/Documents/skepesis/venv/lib/python3.13/site-packages/fastapi/routing.py", line 316, in run_endpoint_function
    return await dependant.call(**values)
           ^^^^^^^^^^^^^^^^^^^^^^^^^^^^^^
  File "/home/bharat/Documents/skepesis/app/routers/auth.py", line 24, in login
    user = db.query(User).filter(User.email == email).first()
  File "/home/bharat/Documents/skepesis/venv/lib/python3.13/site-packages/sqlalchemy/orm/query.py", line 2759, in first
    return self.limit(1)._iter().first()  # type: ignore
           ~~~~~~~~~~~~~~~~~~~~~~~~~~~^^
  File "/home/bharat/Documents/skepesis/venv/lib/python3.13/site-packages/sqlalchemy/engine/result.py", line 1791, in first
    return self._only_one_row(
           ~~~~~~~~~~~~~~~~~~^
        raise_for_second_row=False, raise_for_none=False, scalar=False
        ^^^^^^^^^^^^^^^^^^^^^^^^^^^^^^^^^^^^^^^^^^^^^^^^^^^^^^^^^^^^^^
    )
    ^
  File "/home/bharat/Documents/skepesis/venv/lib/python3.13/site-packages/sqlalchemy/engine/result.py", line 757, in _only_one_row
    row: Optional[_InterimRowType[Any]] = onerow(hard_close=True)
                                          ~~~~~~^^^^^^^^^^^^^^^^^
  File "/home/bharat/Documents/skepesis/venv/lib/python3.13/site-packages/sqlalchemy/engine/result.py", line 1678, in _fetchone_impl
    return self._real_result._fetchone_impl(hard_close=hard_close)
           ~~~~~~~~~~~~~~~~~~~~~~~~~~~~~~~~^^^^^^^^^^^^^^^^^^^^^^^
  File "/home/bharat/Documents/skepesis/venv/lib/python3.13/site-packages/sqlalchemy/engine/result.py", line 2264, in _fetchone_impl
    row = next(self.iterator, _NO_ROW)
  File "/home/bharat/Documents/skepesis/venv/lib/python3.13/site-packages/sqlalchemy/orm/loading.py", line 220, in chunks
    fetch = cursor._raw_all_rows()
  File "/home/bharat/Documents/skepesis/venv/lib/python3.13/site-packages/sqlalchemy/engine/result.py", line 541, in _raw_all_rows
    return [make_row(row) for row in rows]
            ~~~~~~~~^^^^^
  File "lib/sqlalchemy/cyextension/resultproxy.pyx", line 22, in sqlalchemy.cyextension.resultproxy.BaseRow.__init__
  File "lib/sqlalchemy/cyextension/resultproxy.pyx", line 79, in sqlalchemy.cyextension.resultproxy._apply_processors
  File "/home/bharat/Documents/skepesis/venv/lib/python3.13/site-packages/sqlalchemy/sql/sqltypes.py", line 1829, in process
    value = self._object_value_for_elem(value)
  File "/home/bharat/Documents/skepesis/venv/lib/python3.13/site-packages/sqlalchemy/sql/sqltypes.py", line 1711, in _object_value_for_elem
    raise LookupError(
    ...<7 lines>...
    ) from err
LookupError: 'student' is not among the defined enum values. Enum name: role_enum. Possible values: STUDENT, PARENT, TEACHER
2025-12-20 10:28:06.997 | ERROR    | app.main | main.py:102 | general_exception_handler | Unhandled exception on /register: 'student' is not among the defined enum values. Enum name: role_enum. Possible values: STUDENT, PARENT, TEACHER
Traceback (most recent call last):
  File "/home/bharat/Documents/skepesis/venv/lib/python3.13/site-packages/sqlalchemy/sql/sqltypes.py", line 1709, in _object_value_for_elem
    return self._object_lookup[elem]  # type: ignore[return-value]
           ~~~~~~~~~~~~~~~~~~~^^^^^^
KeyError: 'student'

The above exception was the direct cause of the following exception:

Traceback (most recent call last):
  File "/home/bharat/Documents/skepesis/venv/lib/python3.13/site-packages/starlette/middleware/errors.py", line 164, in __call__
    await self.app(scope, receive, _send)
  File "/home/bharat/Documents/skepesis/venv/lib/python3.13/site-packages/starlette/middleware/base.py", line 191, in __call__
    with recv_stream, send_stream, collapse_excgroups():
                                   ~~~~~~~~~~~~~~~~~~^^
  File "/usr/lib/python3.13/contextlib.py", line 162, in __exit__
    self.gen.throw(value)
    ~~~~~~~~~~~~~~^^^^^^^
  File "/home/bharat/Documents/skepesis/venv/lib/python3.13/site-packages/starlette/_utils.py", line 85, in collapse_excgroups
    raise exc
  File "/home/bharat/Documents/skepesis/venv/lib/python3.13/site-packages/starlette/middleware/base.py", line 193, in __call__
    response = await self.dispatch_func(request, call_next)
               ^^^^^^^^^^^^^^^^^^^^^^^^^^^^^^^^^^^^^^^^^^^^
  File "/home/bharat/Documents/skepesis/app/main.py", line 87, in auth_middleware
    response = await call_next(request)
               ^^^^^^^^^^^^^^^^^^^^^^^^
  File "/home/bharat/Documents/skepesis/venv/lib/python3.13/site-packages/starlette/middleware/base.py", line 168, in call_next
    raise app_exc from app_exc.__cause__ or app_exc.__context__
  File "/home/bharat/Documents/skepesis/venv/lib/python3.13/site-packages/starlette/middleware/base.py", line 144, in coro
    await self.app(scope, receive_or_disconnect, send_no_error)
  File "/home/bharat/Documents/skepesis/venv/lib/python3.13/site-packages/starlette/middleware/exceptions.py", line 63, in __call__
    await wrap_app_handling_exceptions(self.app, conn)(scope, receive, send)
  File "/home/bharat/Documents/skepesis/venv/lib/python3.13/site-packages/starlette/_exception_handler.py", line 53, in wrapped_app
    raise exc
  File "/home/bharat/Documents/skepesis/venv/lib/python3.13/site-packages/starlette/_exception_handler.py", line 42, in wrapped_app
    await app(scope, receive, sender)
  File "/home/bharat/Documents/skepesis/venv/lib/python3.13/site-packages/fastapi/middleware/asyncexitstack.py", line 18, in __call__
    await self.app(scope, receive, send)
  File "/home/bharat/Documents/skepesis/venv/lib/python3.13/site-packages/starlette/routing.py", line 716, in __call__
    await self.middleware_stack(scope, receive, send)
  File "/home/bharat/Documents/skepesis/venv/lib/python3.13/site-packages/starlette/routing.py", line 736, in app
    await route.handle(scope, receive, send)
  File "/home/bharat/Documents/skepesis/venv/lib/python3.13/site-packages/starlette/routing.py", line 290, in handle
    await self.app(scope, receive, send)
  File "/home/bharat/Documents/skepesis/venv/lib/python3.13/site-packages/fastapi/routing.py", line 120, in app
    await wrap_app_handling_exceptions(app, request)(scope, receive, send)
  File "/home/bharat/Documents/skepesis/venv/lib/python3.13/site-packages/starlette/_exception_handler.py", line 53, in wrapped_app
    raise exc
  File "/home/bharat/Documents/skepesis/venv/lib/python3.13/site-packages/starlette/_exception_handler.py", line 42, in wrapped_app
    await app(scope, receive, sender)
  File "/home/bharat/Documents/skepesis/venv/lib/python3.13/site-packages/fastapi/routing.py", line 106, in app
    response = await f(request)
               ^^^^^^^^^^^^^^^^
  File "/home/bharat/Documents/skepesis/venv/lib/python3.13/site-packages/fastapi/routing.py", line 430, in app
    raw_response = await run_endpoint_function(
                   ^^^^^^^^^^^^^^^^^^^^^^^^^^^^
    ...<3 lines>...
    )
    ^
  File "/home/bharat/Documents/skepesis/venv/lib/python3.13/site-packages/fastapi/routing.py", line 316, in run_endpoint_function
    return await dependant.call(**values)
           ^^^^^^^^^^^^^^^^^^^^^^^^^^^^^^
  File "/home/bharat/Documents/skepesis/app/routers/auth.py", line 69, in register
    user_exists = db.query(User).filter(User.email == email).first()
  File "/home/bharat/Documents/skepesis/venv/lib/python3.13/site-packages/sqlalchemy/orm/query.py", line 2759, in first
    return self.limit(1)._iter().first()  # type: ignore
           ~~~~~~~~~~~~~~~~~~~~~~~~~~~^^
  File "/home/bharat/Documents/skepesis/venv/lib/python3.13/site-packages/sqlalchemy/engine/result.py", line 1791, in first
    return self._only_one_row(
           ~~~~~~~~~~~~~~~~~~^
        raise_for_second_row=False, raise_for_none=False, scalar=False
        ^^^^^^^^^^^^^^^^^^^^^^^^^^^^^^^^^^^^^^^^^^^^^^^^^^^^^^^^^^^^^^
    )
    ^
  File "/home/bharat/Documents/skepesis/venv/lib/python3.13/site-packages/sqlalchemy/engine/result.py", line 757, in _only_one_row
    row: Optional[_InterimRowType[Any]] = onerow(hard_close=True)
                                          ~~~~~~^^^^^^^^^^^^^^^^^
  File "/home/bharat/Documents/skepesis/venv/lib/python3.13/site-packages/sqlalchemy/engine/result.py", line 1678, in _fetchone_impl
    return self._real_result._fetchone_impl(hard_close=hard_close)
           ~~~~~~~~~~~~~~~~~~~~~~~~~~~~~~~~^^^^^^^^^^^^^^^^^^^^^^^
  File "/home/bharat/Documents/skepesis/venv/lib/python3.13/site-packages/sqlalchemy/engine/result.py", line 2264, in _fetchone_impl
    row = next(self.iterator, _NO_ROW)
  File "/home/bharat/Documents/skepesis/venv/lib/python3.13/site-packages/sqlalchemy/orm/loading.py", line 220, in chunks
    fetch = cursor._raw_all_rows()
  File "/home/bharat/Documents/skepesis/venv/lib/python3.13/site-packages/sqlalchemy/engine/result.py", line 541, in _raw_all_rows
    return [make_row(row) for row in rows]
            ~~~~~~~~^^^^^
  File "lib/sqlalchemy/cyextension/resultproxy.pyx", line 22, in sqlalchemy.cyextension.resultproxy.BaseRow.__init__
  File "lib/sqlalchemy/cyextension/resultproxy.pyx", line 79, in sqlalchemy.cyextension.resultproxy._apply_processors
  File "/home/bharat/Documents/skepesis/venv/lib/python3.13/site-packages/sqlalchemy/sql/sqltypes.py", line 1829, in process
    value = self._object_value_for_elem(value)
  File "/home/bharat/Documents/skepesis/venv/lib/python3.13/site-packages/sqlalchemy/sql/sqltypes.py", line 1711, in _object_value_for_elem
    raise LookupError(
    ...<7 lines>...
    ) from err
LookupError: 'student' is not among the defined enum values. Enum name: role_enum. Possible values: STUDENT, PARENT, TEACHER
2025-12-20 10:28:15.467 | ERROR    | app.main | main.py:102 | general_exception_handler | Unhandled exception on /register: 'student' is not among the defined enum values. Enum name: role_enum. Possible values: STUDENT, PARENT, TEACHER
Traceback (most recent call last):
  File "/home/bharat/Documents/skepesis/venv/lib/python3.13/site-packages/sqlalchemy/sql/sqltypes.py", line 1709, in _object_value_for_elem
    return self._object_lookup[elem]  # type: ignore[return-value]
           ~~~~~~~~~~~~~~~~~~~^^^^^^
KeyError: 'student'

The above exception was the direct cause of the following exception:

Traceback (most recent call last):
  File "/home/bharat/Documents/skepesis/venv/lib/python3.13/site-packages/starlette/middleware/errors.py", line 164, in __call__
    await self.app(scope, receive, _send)
  File "/home/bharat/Documents/skepesis/venv/lib/python3.13/site-packages/starlette/middleware/base.py", line 191, in __call__
    with recv_stream, send_stream, collapse_excgroups():
                                   ~~~~~~~~~~~~~~~~~~^^
  File "/usr/lib/python3.13/contextlib.py", line 162, in __exit__
    self.gen.throw(value)
    ~~~~~~~~~~~~~~^^^^^^^
  File "/home/bharat/Documents/skepesis/venv/lib/python3.13/site-packages/starlette/_utils.py", line 85, in collapse_excgroups
    raise exc
  File "/home/bharat/Documents/skepesis/venv/lib/python3.13/site-packages/starlette/middleware/base.py", line 193, in __call__
    response = await self.dispatch_func(request, call_next)
               ^^^^^^^^^^^^^^^^^^^^^^^^^^^^^^^^^^^^^^^^^^^^
  File "/home/bharat/Documents/skepesis/app/main.py", line 87, in auth_middleware
    response = await call_next(request)
               ^^^^^^^^^^^^^^^^^^^^^^^^
  File "/home/bharat/Documents/skepesis/venv/lib/python3.13/site-packages/starlette/middleware/base.py", line 168, in call_next
    raise app_exc from app_exc.__cause__ or app_exc.__context__
  File "/home/bharat/Documents/skepesis/venv/lib/python3.13/site-packages/starlette/middleware/base.py", line 144, in coro
    await self.app(scope, receive_or_disconnect, send_no_error)
  File "/home/bharat/Documents/skepesis/venv/lib/python3.13/site-packages/starlette/middleware/exceptions.py", line 63, in __call__
    await wrap_app_handling_exceptions(self.app, conn)(scope, receive, send)
  File "/home/bharat/Documents/skepesis/venv/lib/python3.13/site-packages/starlette/_exception_handler.py", line 53, in wrapped_app
    raise exc
  File "/home/bharat/Documents/skepesis/venv/lib/python3.13/site-packages/starlette/_exception_handler.py", line 42, in wrapped_app
    await app(scope, receive, sender)
  File "/home/bharat/Documents/skepesis/venv/lib/python3.13/site-packages/fastapi/middleware/asyncexitstack.py", line 18, in __call__
    await self.app(scope, receive, send)
  File "/home/bharat/Documents/skepesis/venv/lib/python3.13/site-packages/starlette/routing.py", line 716, in __call__
    await self.middleware_stack(scope, receive, send)
  File "/home/bharat/Documents/skepesis/venv/lib/python3.13/site-packages/starlette/routing.py", line 736, in app
    await route.handle(scope, receive, send)
  File "/home/bharat/Documents/skepesis/venv/lib/python3.13/site-packages/starlette/routing.py", line 290, in handle
    await self.app(scope, receive, send)
  File "/home/bharat/Documents/skepesis/venv/lib/python3.13/site-packages/fastapi/routing.py", line 120, in app
    await wrap_app_handling_exceptions(app, request)(scope, receive, send)
  File "/home/bharat/Documents/skepesis/venv/lib/python3.13/site-packages/starlette/_exception_handler.py", line 53, in wrapped_app
    raise exc
  File "/home/bharat/Documents/skepesis/venv/lib/python3.13/site-packages/starlette/_exception_handler.py", line 42, in wrapped_app
    await app(scope, receive, sender)
  File "/home/bharat/Documents/skepesis/venv/lib/python3.13/site-packages/fastapi/routing.py", line 106, in app
    response = await f(request)
               ^^^^^^^^^^^^^^^^
  File "/home/bharat/Documents/skepesis/venv/lib/python3.13/site-packages/fastapi/routing.py", line 430, in app
    raw_response = await run_endpoint_function(
                   ^^^^^^^^^^^^^^^^^^^^^^^^^^^^
    ...<3 lines>...
    )
    ^
  File "/home/bharat/Documents/skepesis/venv/lib/python3.13/site-packages/fastapi/routing.py", line 316, in run_endpoint_function
    return await dependant.call(**values)
           ^^^^^^^^^^^^^^^^^^^^^^^^^^^^^^
  File "/home/bharat/Documents/skepesis/app/routers/auth.py", line 69, in register
    user_exists = db.query(User).filter(User.email == email).first()
  File "/home/bharat/Documents/skepesis/venv/lib/python3.13/site-packages/sqlalchemy/orm/query.py", line 2759, in first
    return self.limit(1)._iter().first()  # type: ignore
           ~~~~~~~~~~~~~~~~~~~~~~~~~~~^^
  File "/home/bharat/Documents/skepesis/venv/lib/python3.13/site-packages/sqlalchemy/engine/result.py", line 1791, in first
    return self._only_one_row(
           ~~~~~~~~~~~~~~~~~~^
        raise_for_second_row=False, raise_for_none=False, scalar=False
        ^^^^^^^^^^^^^^^^^^^^^^^^^^^^^^^^^^^^^^^^^^^^^^^^^^^^^^^^^^^^^^
    )
    ^
  File "/home/bharat/Documents/skepesis/venv/lib/python3.13/site-packages/sqlalchemy/engine/result.py", line 757, in _only_one_row
    row: Optional[_InterimRowType[Any]] = onerow(hard_close=True)
                                          ~~~~~~^^^^^^^^^^^^^^^^^
  File "/home/bharat/Documents/skepesis/venv/lib/python3.13/site-packages/sqlalchemy/engine/result.py", line 1678, in _fetchone_impl
    return self._real_result._fetchone_impl(hard_close=hard_close)
           ~~~~~~~~~~~~~~~~~~~~~~~~~~~~~~~~^^^^^^^^^^^^^^^^^^^^^^^
  File "/home/bharat/Documents/skepesis/venv/lib/python3.13/site-packages/sqlalchemy/engine/result.py", line 2264, in _fetchone_impl
    row = next(self.iterator, _NO_ROW)
  File "/home/bharat/Documents/skepesis/venv/lib/python3.13/site-packages/sqlalchemy/orm/loading.py", line 220, in chunks
    fetch = cursor._raw_all_rows()
  File "/home/bharat/Documents/skepesis/venv/lib/python3.13/site-packages/sqlalchemy/engine/result.py", line 541, in _raw_all_rows
    return [make_row(row) for row in rows]
            ~~~~~~~~^^^^^
  File "lib/sqlalchemy/cyextension/resultproxy.pyx", line 22, in sqlalchemy.cyextension.resultproxy.BaseRow.__init__
  File "lib/sqlalchemy/cyextension/resultproxy.pyx", line 79, in sqlalchemy.cyextension.resultproxy._apply_processors
  File "/home/bharat/Documents/skepesis/venv/lib/python3.13/site-packages/sqlalchemy/sql/sqltypes.py", line 1829, in process
    value = self._object_value_for_elem(value)
  File "/home/bharat/Documents/skepesis/venv/lib/python3.13/site-packages/sqlalchemy/sql/sqltypes.py", line 1711, in _object_value_for_elem
    raise LookupError(
    ...<7 lines>...
    ) from err
LookupError: 'student' is not among the defined enum values. Enum name: role_enum. Possible values: STUDENT, PARENT, TEACHER
2025-12-20 10:30:35.781 | INFO     | app.main | main.py:47 | lifespan | Application shutdown
2025-12-20 10:30:36.237 | INFO     | app.initial_data | initial_data.py:15 | init_db | Database tables created successfully
2025-12-20 10:30:36.237 | INFO     | app.main | main.py:41 | lifespan | Application startup complete
2025-12-20 10:31:22.196 | INFO     | app.main | main.py:47 | lifespan | Application shutdown
2025-12-20 10:31:42.421 | INFO     | app.initial_data | initial_data.py:15 | init_db | Database tables created successfully
2025-12-20 10:31:42.421 | INFO     | app.main | main.py:41 | lifespan | Application startup complete
2025-12-20 10:31:50.227 | ERROR    | app.main | main.py:82 | auth_middleware | Middleware Auth Error: (sqlite3.ProgrammingError) Error binding parameter 1: type 'dict' is not supported
[SQL: SELECT users.id AS users_id, users.email AS users_email, users.username AS users_username, users.hashed_password AS users_hashed_password, users.is_active AS users_is_active, users.created_at AS users_created_at, users.role AS users_role 
FROM users 
WHERE users.email = ?
 LIMIT ? OFFSET ?]
[parameters: ({'sub': 'bharat3244m@gmail.com', 'role': 'student'}, 1, 0)]
(Background on this error at: https://sqlalche.me/e/20/f405)
2025-12-20 10:31:50.231 | ERROR    | app.main | main.py:82 | auth_middleware | Middleware Auth Error: (sqlite3.ProgrammingError) Error binding parameter 1: type 'dict' is not supported
[SQL: SELECT users.id AS users_id, users.email AS users_email, users.username AS users_username, users.hashed_password AS users_hashed_password, users.is_active AS users_is_active, users.created_at AS users_created_at, users.role AS users_role 
FROM users 
WHERE users.email = ?
 LIMIT ? OFFSET ?]
[parameters: ({'sub': 'bharat3244m@gmail.com', 'role': 'student'}, 1, 0)]
(Background on this error at: https://sqlalche.me/e/20/f405)
2025-12-20 10:31:56.673 | ERROR    | app.main | main.py:82 | auth_middleware | Middleware Auth Error: (sqlite3.ProgrammingError) Error binding parameter 1: type 'dict' is not supported
[SQL: SELECT users.id AS users_id, users.email AS users_email, users.username AS users_username, users.hashed_password AS users_hashed_password, users.is_active AS users_is_active, users.created_at AS users_created_at, users.role AS users_role 
FROM users 
WHERE users.email = ?
 LIMIT ? OFFSET ?]
[parameters: ({'sub': 'bharat3244m@gmail.com', 'role': 'student'}, 1, 0)]
(Background on this error at: https://sqlalche.me/e/20/f405)
2025-12-20 10:32:04.917 | ERROR    | app.main | main.py:82 | auth_middleware | Middleware Auth Error: (sqlite3.ProgrammingError) Error binding parameter 1: type 'dict' is not supported
[SQL: SELECT users.id AS users_id, users.email AS users_email, users.username AS users_username, users.hashed_password AS users_hashed_password, users.is_active AS users_is_active, users.created_at AS users_created_at, users.role AS users_role 
FROM users 
WHERE users.email = ?
 LIMIT ? OFFSET ?]
[parameters: ({'sub': 'bharat3244m@gmail.com', 'role': 'student'}, 1, 0)]
(Background on this error at: https://sqlalche.me/e/20/f405)
2025-12-20 10:32:08.083 | ERROR    | app.main | main.py:82 | auth_middleware | Middleware Auth Error: (sqlite3.ProgrammingError) Error binding parameter 1: type 'dict' is not supported
[SQL: SELECT users.id AS users_id, users.email AS users_email, users.username AS users_username, users.hashed_password AS users_hashed_password, users.is_active AS users_is_active, users.created_at AS users_created_at, users.role AS users_role 
FROM users 
WHERE users.email = ?
 LIMIT ? OFFSET ?]
[parameters: ({'sub': 'bharat3244m@gmail.com', 'role': 'student'}, 1, 0)]
(Background on this error at: https://sqlalche.me/e/20/f405)
2025-12-20 10:32:17.139 | ERROR    | app.main | main.py:82 | auth_middleware | Middleware Auth Error: (sqlite3.ProgrammingError) Error binding parameter 1: type 'dict' is not supported
[SQL: SELECT users.id AS users_id, users.email AS users_email, users.username AS users_username, users.hashed_password AS users_hashed_password, users.is_active AS users_is_active, users.created_at AS users_created_at, users.role AS users_role 
FROM users 
WHERE users.email = ?
 LIMIT ? OFFSET ?]
[parameters: ({'sub': 'bharat3244m@gmail.com', 'role': 'student'}, 1, 0)]
(Background on this error at: https://sqlalche.me/e/20/f405)
2025-12-20 10:32:17.345 | ERROR    | app.main | main.py:82 | auth_middleware | Middleware Auth Error: (sqlite3.ProgrammingError) Error binding parameter 1: type 'dict' is not supported
[SQL: SELECT users.id AS users_id, users.email AS users_email, users.username AS users_username, users.hashed_password AS users_hashed_password, users.is_active AS users_is_active, users.created_at AS users_created_at, users.role AS users_role 
FROM users 
WHERE users.email = ?
 LIMIT ? OFFSET ?]
[parameters: ({'sub': 'bharat3244m@gmail.com', 'role': 'student'}, 1, 0)]
(Background on this error at: https://sqlalche.me/e/20/f405)
2025-12-20 10:32:17.349 | ERROR    | app.main | main.py:82 | auth_middleware | Middleware Auth Error: (sqlite3.ProgrammingError) Error binding parameter 1: type 'dict' is not supported
[SQL: SELECT users.id AS users_id, users.email AS users_email, users.username AS users_username, users.hashed_password AS users_hashed_password, users.is_active AS users_is_active, users.created_at AS users_created_at, users.role AS users_role 
FROM users 
WHERE users.email = ?
 LIMIT ? OFFSET ?]
[parameters: ({'sub': 'bharat3244m@gmail.com', 'role': 'student'}, 1, 0)]
(Background on this error at: https://sqlalche.me/e/20/f405)
2025-12-20 10:35:23.144 | INFO     | app.main | main.py:47 | lifespan | Application shutdown
2025-12-20 10:35:23.605 | INFO     | app.initial_data | initial_data.py:15 | init_db | Database tables created successfully
2025-12-20 10:35:23.605 | INFO     | app.main | main.py:41 | lifespan | Application startup complete
2025-12-20 10:35:49.497 | INFO     | app.main | main.py:47 | lifespan | Application shutdown
2025-12-20 10:35:49.947 | INFO     | app.initial_data | initial_data.py:15 | init_db | Database tables created successfully
2025-12-20 10:35:49.947 | INFO     | app.main | main.py:41 | lifespan | Application startup complete
2025-12-20 10:35:53.258 | INFO     | app.main | main.py:47 | lifespan | Application shutdown
2025-12-20 10:35:58.643 | INFO     | app.initial_data | initial_data.py:15 | init_db | Database tables created successfully
2025-12-20 10:35:58.643 | INFO     | app.main | main.py:41 | lifespan | Application startup complete
2025-12-20 10:39:56.095 | INFO     | app.main | main.py:47 | lifespan | Application shutdown
2025-12-20 10:39:56.576 | INFO     | app.initial_data | initial_data.py:15 | init_db | Database tables created successfully
2025-12-20 10:39:56.576 | INFO     | app.main | main.py:41 | lifespan | Application startup complete
2025-12-20 10:40:05.804 | INFO     | app.main | main.py:47 | lifespan | Application shutdown
2025-12-20 10:40:06.266 | INFO     | app.initial_data | initial_data.py:15 | init_db | Database tables created successfully
2025-12-20 10:40:06.266 | INFO     | app.main | main.py:41 | lifespan | Application startup complete
2025-12-20 10:47:25.473 | INFO     | app.main | main.py:47 | lifespan | Application shutdown
2025-12-20 10:47:25.951 | INFO     | app.initial_data | initial_data.py:15 | init_db | Database tables created successfully
2025-12-20 10:47:25.951 | INFO     | app.main | main.py:41 | lifespan | Application startup complete
2025-12-20 10:48:15.679 | INFO     | app.main | main.py:47 | lifespan | Application shutdown
2025-12-20 10:48:16.161 | INFO     | app.initial_data | initial_data.py:15 | init_db | Database tables created successfully
2025-12-20 10:48:16.161 | INFO     | app.main | main.py:41 | lifespan | Application startup complete
2025-12-20 10:49:05.294 | INFO     | app.main | main.py:47 | lifespan | Application shutdown
2025-12-20 10:49:05.750 | INFO     | app.initial_data | initial_data.py:15 | init_db | Database tables created successfully
2025-12-20 10:49:05.750 | INFO     | app.main | main.py:41 | lifespan | Application startup complete
2025-12-20 10:49:24.910 | INFO     | app.main | main.py:47 | lifespan | Application shutdown
2025-12-20 10:49:25.367 | INFO     | app.initial_data | initial_data.py:15 | init_db | Database tables created successfully
2025-12-20 10:49:25.367 | INFO     | app.main | main.py:41 | lifespan | Application startup complete
2025-12-20 10:49:28.679 | INFO     | app.main | main.py:47 | lifespan | Application shutdown
2025-12-20 10:49:31.545 | INFO     | app.initial_data | initial_data.py:15 | init_db | Database tables created successfully
2025-12-20 10:49:31.545 | INFO     | app.main | main.py:41 | lifespan | Application startup complete
2025-12-20 10:50:42.430 | INFO     | app.main | main.py:47 | lifespan | Application shutdown
2025-12-20 10:51:08.537 | INFO     | app.initial_data | initial_data.py:15 | init_db | Database tables created successfully
2025-12-20 10:51:08.537 | INFO     | app.main | main.py:41 | lifespan | Application startup complete
2025-12-20 10:54:54.965 | INFO     | app.initial_data | initial_data.py:15 | init_db | Database tables created successfully
2025-12-20 10:54:54.965 | INFO     | app.main | main.py:41 | lifespan | Application startup complete
2025-12-20 10:56:19.798 | INFO     | app.main | main.py:47 | lifespan | Application shutdown
2025-12-20 10:56:20.267 | INFO     | app.initial_data | initial_data.py:15 | init_db | Database tables created successfully
2025-12-20 10:56:20.267 | INFO     | app.main | main.py:41 | lifespan | Application startup complete
2025-12-20 10:56:51.460 | INFO     | app.main | main.py:47 | lifespan | Application shutdown
2025-12-20 10:56:51.927 | INFO     | app.initial_data | initial_data.py:15 | init_db | Database tables created successfully
2025-12-20 10:56:51.927 | INFO     | app.main | main.py:41 | lifespan | Application startup complete
2025-12-20 10:57:07.772 | INFO     | app.main | main.py:47 | lifespan | Application shutdown
2025-12-20 10:57:09.545 | INFO     | app.initial_data | initial_data.py:15 | init_db | Database tables created successfully
2025-12-20 10:57:09.545 | INFO     | app.main | main.py:41 | lifespan | Application startup complete
2025-12-20 11:01:47.920 | INFO     | app.main | main.py:47 | lifespan | Application shutdown
2025-12-20 11:01:48.388 | INFO     | app.initial_data | initial_data.py:15 | init_db | Database tables created successfully
2025-12-20 11:01:48.388 | INFO     | app.main | main.py:41 | lifespan | Application startup complete
2025-12-20 11:01:55.107 | INFO     | app.main | main.py:47 | lifespan | Application shutdown
2025-12-20 11:01:55.574 | INFO     | app.initial_data | initial_data.py:15 | init_db | Database tables created successfully
2025-12-20 11:01:55.574 | INFO     | app.main | main.py:41 | lifespan | Application startup complete
2025-12-20 11:02:07.709 | INFO     | app.main | main.py:47 | lifespan | Application shutdown
2025-12-20 11:02:09.582 | INFO     | app.initial_data | initial_data.py:15 | init_db | Database tables created successfully
2025-12-20 11:02:09.582 | INFO     | app.main | main.py:41 | lifespan | Application startup complete
2025-12-20 11:02:36.761 | INFO     | app.main | main.py:47 | lifespan | Application shutdown
2025-12-22 11:20:14.242 | INFO     | app.initial_data | initial_data.py:15 | init_db | Database tables created successfully
2025-12-22 11:20:14.243 | INFO     | app.main | main.py:41 | lifespan | Application startup complete
2025-12-22 11:20:15.790 | INFO     | app.main | main.py:95 | auth_middleware | No access_token cookie found in request.
2025-12-22 11:20:15.828 | INFO     | app.main | main.py:95 | auth_middleware | No access_token cookie found in request.
2025-12-22 11:20:15.859 | INFO     | app.main | main.py:95 | auth_middleware | No access_token cookie found in request.
2025-12-22 11:20:15.859 | INFO     | app.main | main.py:95 | auth_middleware | No access_token cookie found in request.
2025-12-22 11:20:16.009 | INFO     | app.main | main.py:95 | auth_middleware | No access_token cookie found in request.
2025-12-22 11:20:23.589 | INFO     | app.main | main.py:95 | auth_middleware | No access_token cookie found in request.
2025-12-22 11:20:25.617 | INFO     | app.main | main.py:95 | auth_middleware | No access_token cookie found in request.
2025-12-22 11:20:32.956 | INFO     | app.main | main.py:95 | auth_middleware | No access_token cookie found in request.
2025-12-22 11:32:11.218 | INFO     | app.main | main.py:95 | auth_middleware | No access_token cookie found in request.
2025-12-22 11:32:20.758 | INFO     | app.main | main.py:47 | lifespan | Application shutdown
